#
# There is insufficient memory for the Java Runtime Environment to continue.
# Native memory allocation (mmap) failed to map 65536 bytes. Error detail: Failed to commit metaspace.
# Possible reasons:
#   The system is out of physical RAM or swap space
#   This process is running with CompressedOops enabled, and the Java Heap may be blocking the growth of the native heap
# Possible solutions:
#   Reduce memory load on the system
#   Increase physical memory or swap space
#   Check if swap backing store is full
#   Decrease Java heap size (-Xmx/-Xms)
#   Decrease number of Java threads
#   Decrease Java thread stack sizes (-Xss)
#   Set larger code cache with -XX:ReservedCodeCacheSize=
#   JVM is running with Unscaled Compressed Oops mode in which the Java heap is
#     placed in the first 4GB address space. The Java Heap base address is the
#     maximum limit for the native heap growth. Please use -XX:HeapBaseMinAddress
#     to set the Java Heap base and to place the Java Heap above 4GB virtual address.
# This output file may be truncated or incomplete.
#
#  Out of Memory Error (virtualSpaceNode.cpp:113), pid=20320, tid=38080
#
# JRE version: OpenJDK Runtime Environment Temurin-21.0.10+7 (21.0.10+7) (build 21.0.10+7-LTS)
# Java VM: OpenJDK 64-Bit Server VM Temurin-21.0.10+7 (21.0.10+7-LTS, mixed mode, sharing, tiered, compressed oops, compressed class ptrs, parallel gc, windows-amd64)
# No core dump will be written. Minidumps are not enabled by default on client versions of Windows
#

---------------  S U M M A R Y ------------

Command Line: --add-modules=ALL-SYSTEM --add-opens=java.base/java.util=ALL-UNNAMED --add-opens=java.base/java.lang=ALL-UNNAMED --add-opens=java.base/sun.nio.fs=ALL-UNNAMED -Declipse.application=org.eclipse.jdt.ls.core.id1 -Dosgi.bundles.defaultStartLevel=4 -Declipse.product=org.eclipse.jdt.ls.core.product -Djava.import.generatesMetadataFilesAtProjectRoot=false -DDetectVMInstallationsJob.disabled=true -Dfile.encoding=utf8 -XX:+UseParallelGC -XX:GCTimeRatio=4 -XX:AdaptiveSizePolicyWeight=90 -Dsun.zip.disableMemoryMapping=true -Xmx2G -Xms100m -Xlog:disable -javaagent:c:\Users\Aritra Mandal\.vscode\extensions\redhat.java-1.54.0-win32-x64\lombok\lombok-1.18.39-4050.jar c:\Users\Aritra Mandal\.vscode\extensions\redhat.java-1.54.0-win32-x64\server\plugins\org.eclipse.equinox.launcher_1.7.100.v20251111-0406.jar -configuration c:\Users\Aritra Mandal\AppData\Roaming\Code\User\globalStorage\redhat.java\1.54.0\config_ss_win -data c:\Users\Aritra Mandal\AppData\Roaming\Code\User\workspaceStorage\9126458fdeed6336ef143140dbf17e7d\redhat.java\ss_ws --pipe=\\.\pipe\lsp-e50c461cc9b9d00aeb46ae1f49216a11-sock

Host: AMD Ryzen 5 5600H with Radeon Graphics         , 12 cores, 15G,  Windows 11 , 64 bit Build 26100 (10.0.26100.8521)
Time: Sun Jun 21 21:29:47 2026 India Standard Time elapsed time: 12.073283 seconds (0d 0h 0m 12s)

---------------  T H R E A D  ---------------

Current thread (0x00000221482e9790):  JavaThread "C1 CompilerThread0" daemon [_thread_in_vm, id=38080, stack(0x000000b7bc700000,0x000000b7bc800000) (1024K)]


Current CompileTask:
C1:12073 2635       3       org.lombokweb.asm.ClassReader::readMethod (1070 bytes)

Stack: [0x000000b7bc700000,0x000000b7bc800000]
Native frames: (J=compiled Java code, j=interpreted, Vv=VM code, C=native code)
V  [jvm.dll+0x6d7a39]
V  [jvm.dll+0x8b4b26]
V  [jvm.dll+0x8b70de]
V  [jvm.dll+0x8b77c3]
V  [jvm.dll+0x284346]
V  [jvm.dll+0x8b086e]
V  [jvm.dll+0x679444]
V  [jvm.dll+0x1e82bb]
V  [jvm.dll+0x1e807e]
V  [jvm.dll+0x67bd42]
V  [jvm.dll+0x67bb72]
V  [jvm.dll+0x679e1e]
V  [jvm.dll+0x68b22a]
V  [jvm.dll+0x6843a2]
V  [jvm.dll+0x1f6360]
V  [jvm.dll+0x1f6548]
V  [jvm.dll+0x16929e]
V  [jvm.dll+0x1690e6]
V  [jvm.dll+0x160cb0]
V  [jvm.dll+0x162f4d]
V  [jvm.dll+0x161556]
V  [jvm.dll+0x15b297]
V  [jvm.dll+0x16ad68]
V  [jvm.dll+0x156885]
V  [jvm.dll+0x156bd2]
V  [jvm.dll+0x156e84]
V  [jvm.dll+0x15629c]
V  [jvm.dll+0x15802d]
V  [jvm.dll+0x25b85d]
V  [jvm.dll+0x259dea]
V  [jvm.dll+0x3f857e]
V  [jvm.dll+0x85f59d]
V  [jvm.dll+0x6d626d]
C  [ucrtbase.dll+0x2cd30]
C  [KERNEL32.DLL+0x2e957]
C  [ntdll.dll+0x87c1c]


---------------  P R O C E S S  ---------------

Threads class SMR info:
_java_thread_list=0x0000022165b63660, length=20, elements={
0x00000221483505d0, 0x00000221483fe8d0, 0x00000221482dca20, 0x00000221482e27a0,
0x00000221482e3200, 0x00000221482e3c60, 0x00000221482e46c0, 0x00000221482e8ba0,
0x00000221482e9790, 0x000002216025bdb0, 0x00000221603997d0, 0x0000022165a4a100,
0x00000221659af8c0, 0x00000221659b0200, 0x00000221601354d0, 0x000002216013f2a0,
0x00000221653d4b10, 0x0000022165a38360, 0x0000022165bc6d00, 0x0000022165108ad0
}

Java Threads: ( => current thread )
  0x00000221483505d0 JavaThread "main"                              [_thread_blocked, id=29300, stack(0x000000b7bbc00000,0x000000b7bbd00000) (1024K)]
  0x00000221483fe8d0 JavaThread "Reference Handler"          daemon [_thread_blocked, id=30240, stack(0x000000b7bc000000,0x000000b7bc100000) (1024K)]
  0x00000221482dca20 JavaThread "Finalizer"                  daemon [_thread_blocked, id=10524, stack(0x000000b7bc100000,0x000000b7bc200000) (1024K)]
  0x00000221482e27a0 JavaThread "Signal Dispatcher"          daemon [_thread_blocked, id=38432, stack(0x000000b7bc200000,0x000000b7bc300000) (1024K)]
  0x00000221482e3200 JavaThread "Attach Listener"            daemon [_thread_blocked, id=19068, stack(0x000000b7bc300000,0x000000b7bc400000) (1024K)]
  0x00000221482e3c60 JavaThread "Service Thread"             daemon [_thread_blocked, id=23480, stack(0x000000b7bc400000,0x000000b7bc500000) (1024K)]
  0x00000221482e46c0 JavaThread "Monitor Deflation Thread"   daemon [_thread_blocked, id=26196, stack(0x000000b7bc500000,0x000000b7bc600000) (1024K)]
  0x00000221482e8ba0 JavaThread "C2 CompilerThread0"         daemon [_thread_blocked, id=35000, stack(0x000000b7bc600000,0x000000b7bc700000) (1024K)]
=>0x00000221482e9790 JavaThread "C1 CompilerThread0"         daemon [_thread_in_vm, id=38080, stack(0x000000b7bc700000,0x000000b7bc800000) (1024K)]
  0x000002216025bdb0 JavaThread "Common-Cleaner"             daemon [_thread_blocked, id=27988, stack(0x000000b7bc800000,0x000000b7bc900000) (1024K)]
  0x00000221603997d0 JavaThread "Notification Thread"        daemon [_thread_blocked, id=15324, stack(0x000000b7bc900000,0x000000b7bca00000) (1024K)]
  0x0000022165a4a100 JavaThread "Active Thread: Equinox Container: 2df1965b-318f-48ef-ad86-f3f59129041f"        [_thread_blocked, id=31716, stack(0x000000b7bd200000,0x000000b7bd300000) (1024K)]
  0x00000221659af8c0 JavaThread "Framework Event Dispatcher: Equinox Container: 2df1965b-318f-48ef-ad86-f3f59129041f" daemon [_thread_blocked, id=32968, stack(0x000000b7bca00000,0x000000b7bcb00000) (1024K)]
  0x00000221659b0200 JavaThread "Start Level: Equinox Container: 2df1965b-318f-48ef-ad86-f3f59129041f" daemon [_thread_in_vm, id=38580, stack(0x000000b7bd100000,0x000000b7bd200000) (1024K)]
  0x00000221601354d0 JavaThread "SCR Component Actor"        daemon [_thread_blocked, id=37728, stack(0x000000b7bd400000,0x000000b7bd500000) (1024K)]
  0x000002216013f2a0 JavaThread "C2 CompilerThread1"         daemon [_thread_in_native, id=27864, stack(0x000000b7bd500000,0x000000b7bd600000) (1024K)]
  0x00000221653d4b10 JavaThread "Worker-JM"                         [_thread_blocked, id=11884, stack(0x000000b7bd700000,0x000000b7bd800000) (1024K)]
  0x0000022165a38360 JavaThread "JNA Cleaner"                daemon [_thread_blocked, id=3216, stack(0x000000b7bda00000,0x000000b7bdb00000) (1024K)]
  0x0000022165bc6d00 JavaThread "Worker-0"                          [_thread_blocked, id=21124, stack(0x000000b7bd600000,0x000000b7bd700000) (1024K)]
  0x0000022165108ad0 JavaThread "Worker-1"                          [_thread_blocked, id=7512, stack(0x000000b7bdb00000,0x000000b7bdc00000) (1024K)]
Total: 20

Other Threads:
  0x00000221482d4b90 VMThread "VM Thread"                           [id=5776, stack(0x000000b7bbf00000,0x000000b7bc000000) (1024K)]
  0x00000221481ccb20 WatcherThread "VM Periodic Task Thread"        [id=18616, stack(0x000000b7bbe00000,0x000000b7bbf00000) (1024K)]
  0x0000022148369ef0 WorkerThread "GC Thread#0"                     [id=17304, stack(0x000000b7bbd00000,0x000000b7bbe00000) (1024K)]
  0x00000221654997a0 WorkerThread "GC Thread#1"                     [id=34348, stack(0x000000b7bcb00000,0x000000b7bcc00000) (1024K)]
  0x0000022165499f00 WorkerThread "GC Thread#2"                     [id=16860, stack(0x000000b7bcc00000,0x000000b7bcd00000) (1024K)]
  0x000002216549a2b0 WorkerThread "GC Thread#3"                     [id=36904, stack(0x000000b7bcd00000,0x000000b7bce00000) (1024K)]
  0x000002216549a660 WorkerThread "GC Thread#4"                     [id=34128, stack(0x000000b7bce00000,0x000000b7bcf00000) (1024K)]
  0x000002216549aa10 WorkerThread "GC Thread#5"                     [id=14692, stack(0x000000b7bcf00000,0x000000b7bd000000) (1024K)]
  0x0000022165499040 WorkerThread "GC Thread#6"                     [id=16504, stack(0x000000b7bd000000,0x000000b7bd100000) (1024K)]
  0x0000022165499b50 WorkerThread "GC Thread#7"                     [id=26796, stack(0x000000b7bd300000,0x000000b7bd400000) (1024K)]
  0x000002216041dbd0 WorkerThread "GC Thread#8"                     [id=34944, stack(0x000000b7bd800000,0x000000b7bd900000) (1024K)]
  0x000002216041f1f0 WorkerThread "GC Thread#9"                     [id=5232, stack(0x000000b7bd900000,0x000000b7bda00000) (1024K)]
Total: 12

Threads with active compile tasks:
C1 CompilerThread0  12124 2635       3       org.lombokweb.asm.ClassReader::readMethod (1070 bytes)
C2 CompilerThread1  12124 2605       4       java.lang.invoke.MethodType::makeImpl (109 bytes)
Total: 2

VM state: not at safepoint (normal execution)

VM Mutex/Monitor currently owned by a thread:  ([mutex/lock_event])
[0x00007ffab5abc4e0] Metaspace_lock - owner thread: 0x00000221482e9790

Heap address: 0x0000000080000000, size: 2048 MB, Compressed Oops mode: 32-bit

CDS archive(s) mapped at: [0x0000022100000000-0x0000022100ba0000-0x0000022100ba0000), size 12189696, SharedBaseAddress: 0x0000022100000000, ArchiveRelocationMode: 1.
Compressed class space mapped at: 0x0000022101000000-0x0000022141000000, reserved size: 1073741824
Narrow klass base: 0x0000022100000000, Narrow klass shift: 0, Narrow klass range: 0x100000000

GC Precious Log:
 CardTable entry size: 512
 CPUs: 12 total, 12 available
 Memory: 15773M
 Large Page Support: Disabled
 NUMA Support: Disabled
 Compressed Oops: Enabled (32-bit)
 Alignments: Space 512K, Generation 512K, Heap 2M
 Heap Min Capacity: 100M
 Heap Initial Capacity: 100M
 Heap Max Capacity: 2G
 Pre-touch: Disabled
 Parallel Workers: 10

Heap:
 PSYoungGen      total 29696K, used 28521K [0x00000000d5580000, 0x00000000d7680000, 0x0000000100000000)
  eden space 25600K, 95% used [0x00000000d5580000,0x00000000d6d5af10,0x00000000d6e80000)
  from space 4096K, 99% used [0x00000000d6e80000,0x00000000d727f610,0x00000000d7280000)
  to   space 4096K, 0% used [0x00000000d7280000,0x00000000d7280000,0x00000000d7680000)
 ParOldGen       total 68608K, used 2868K [0x0000000080000000, 0x0000000084300000, 0x00000000d5580000)
  object space 68608K, 4% used [0x0000000080000000,0x00000000802cd168,0x0000000084300000)
 Metaspace       used 16653K, committed 17344K, reserved 1114112K
  class space    used 1749K, committed 2112K, reserved 1048576K

Card table byte_map: [0x0000022147ce0000,0x00000221480f0000] _byte_map_base: 0x00000221478e0000

Marking Bits: (ParMarkBitMap*) 0x00007ffab5ac3450
 Begin Bits: [0x000002215a7f0000, 0x000002215c7f0000)
 End Bits:   [0x000002215c7f0000, 0x000002215e7f0000)

Polling page: 0x0000022146160000

Metaspace:

Usage:
  Non-class:     14.55 MB used.
      Class:      1.71 MB used.
       Both:     16.26 MB used.

Virtual space:
  Non-class space:       64.00 MB reserved,      14.88 MB ( 23%) committed,  1 nodes.
      Class space:        1.00 GB reserved,       2.06 MB ( <1%) committed,  1 nodes.
             Both:        1.06 GB reserved,      16.94 MB (  2%) committed. 

Chunk freelists:
   Non-Class:  688.00 KB
       Class:  13.80 MB
        Both:  14.48 MB

MaxMetaspaceSize: unlimited
CompressedClassSpaceSize: 1.00 GB
Initial GC threshold: 21.00 MB
Current GC threshold: 21.00 MB
CDS: on
 - commit_granule_bytes: 65536.
 - commit_granule_words: 8192.
 - virtual_space_node_default_size: 8388608.
 - enlarge_chunks_in_place: 1.
 - use_allocation_guard: 0.


Internal statistics:

num_allocs_failed_limit: 0.
num_arena_births: 502.
num_arena_deaths: 0.
num_vsnodes_births: 2.
num_vsnodes_deaths: 0.
num_space_committed: 271.
num_space_uncommitted: 0.
num_chunks_returned_to_freelist: 0.
num_chunks_taken_from_freelist: 1144.
num_chunk_merges: 0.
num_chunk_splits: 706.
num_chunks_enlarged: 433.
num_inconsistent_stats: 0.

CodeHeap 'non-profiled nmethods': size=120000Kb used=1107Kb max_used=1107Kb free=118892Kb
 bounds [0x0000022153010000, 0x0000022153280000, 0x000002215a540000]
CodeHeap 'profiled nmethods': size=120000Kb used=4926Kb max_used=4926Kb free=115073Kb
 bounds [0x000002214b540000, 0x000002214ba10000, 0x0000022152a70000]
CodeHeap 'non-nmethods': size=5760Kb used=1271Kb max_used=1296Kb free=4489Kb
 bounds [0x0000022152a70000, 0x0000022152ce0000, 0x0000022153010000]
CodeCache: size=245760Kb, used=7304Kb, max_used=7329Kb, free=238454Kb
 total_blobs=3180, nmethods=2633, adapters=453, full_count=0
Compilation: enabled, stopped_count=0, restarted_count=0

Compilation events (20 events):
Event: 12.045 Thread 0x00000221482e9790 2624       3       java.lang.Double::parseDouble (5 bytes)
Event: 12.045 Thread 0x00000221482e9790 nmethod 2624 0x000002214ba04710 code [0x000002214ba048e0, 0x000002214ba04b20]
Event: 12.045 Thread 0x00000221482e9790 2626   !   3       jdk.internal.math.FloatingDecimal::readJavaFormatString (826 bytes)
Event: 12.055 Thread 0x00000221482e9790 nmethod 2626 0x000002214ba04c10 code [0x000002214ba054a0, 0x000002214ba0acb8]
Event: 12.055 Thread 0x00000221482e9790 2625       3       jdk.internal.math.FloatingDecimal::parseDouble (10 bytes)
Event: 12.056 Thread 0x00000221482e9790 nmethod 2625 0x000002214ba0d610 code [0x000002214ba0d7c0, 0x000002214ba0d9a8]
Event: 12.060 Thread 0x00000221482e8ba0 2627       4       org.lombokweb.asm.ClassReader::readUtf (44 bytes)
Event: 12.060 Thread 0x00000221482e9790 2628       3       org.lombokweb.asm.SymbolTable$Entry::<init> (18 bytes)
Event: 12.060 Thread 0x00000221482e9790 nmethod 2628 0x000002214ba0da90 code [0x000002214ba0dc40, 0x000002214ba0ddb8]
Event: 12.060 Thread 0x00000221482e9790 2629       3       org.lombokweb.asm.SymbolTable::addConstantUtf8Reference (20 bytes)
Event: 12.061 Thread 0x00000221482e9790 nmethod 2629 0x000002214ba0de90 code [0x000002214ba0e060, 0x000002214ba0e330]
Event: 12.061 Thread 0x00000221482e9790 2630       3       java.util.regex.Pattern$$Lambda/0x800000031::is (9 bytes)
Event: 12.061 Thread 0x00000221482e9790 nmethod 2630 0x000002214ba0e510 code [0x000002214ba0e6c0, 0x000002214ba0e940]
Event: 12.061 Thread 0x00000221482e9790 2631       3       java.util.regex.Pattern::lambda$negate$7 (16 bytes)
Event: 12.061 Thread 0x00000221482e9790 nmethod 2631 0x000002214ba0ea10 code [0x000002214ba0ebc0, 0x000002214ba0edc8]
Event: 12.062 Thread 0x00000221482e9790 2632       3       org.lombokweb.asm.ByteVector::putByteArray (49 bytes)
Event: 12.062 Thread 0x00000221482e9790 nmethod 2632 0x000002214ba0ee90 code [0x000002214ba0f060, 0x000002214ba0f328]
Event: 12.068 Thread 0x00000221482e9790 2634       3       org.lombokweb.asm.ByteVector::<init> (13 bytes)
Event: 12.068 Thread 0x00000221482e9790 nmethod 2634 0x000002214ba0f490 code [0x000002214ba0f640, 0x000002214ba0f860]
Event: 12.069 Thread 0x00000221482e9790 2635       3       org.lombokweb.asm.ClassReader::readMethod (1070 bytes)

GC Heap History (6 events):
Event: 1.791 GC heap before
{Heap before GC invocations=1 (full 0):
 PSYoungGen      total 29696K, used 25600K [0x00000000d5580000, 0x00000000d7680000, 0x0000000100000000)
  eden space 25600K, 100% used [0x00000000d5580000,0x00000000d6e80000,0x00000000d6e80000)
  from space 4096K, 0% used [0x00000000d7280000,0x00000000d7280000,0x00000000d7680000)
  to   space 4096K, 0% used [0x00000000d6e80000,0x00000000d6e80000,0x00000000d7280000)
 ParOldGen       total 68608K, used 0K [0x0000000080000000, 0x0000000084300000, 0x00000000d5580000)
  object space 68608K, 0% used [0x0000000080000000,0x0000000080000000,0x0000000084300000)
 Metaspace       used 4337K, committed 4608K, reserved 1114112K
  class space    used 472K, committed 576K, reserved 1048576K
}
Event: 1.804 GC heap after
{Heap after GC invocations=1 (full 0):
 PSYoungGen      total 29696K, used 3287K [0x00000000d5580000, 0x00000000d7680000, 0x0000000100000000)
  eden space 25600K, 0% used [0x00000000d5580000,0x00000000d5580000,0x00000000d6e80000)
  from space 4096K, 80% used [0x00000000d6e80000,0x00000000d71b5ea8,0x00000000d7280000)
  to   space 4096K, 0% used [0x00000000d7280000,0x00000000d7280000,0x00000000d7680000)
 ParOldGen       total 68608K, used 16K [0x0000000080000000, 0x0000000084300000, 0x00000000d5580000)
  object space 68608K, 0% used [0x0000000080000000,0x0000000080004000,0x0000000084300000)
 Metaspace       used 4337K, committed 4608K, reserved 1114112K
  class space    used 472K, committed 576K, reserved 1048576K
}
Event: 10.872 GC heap before
{Heap before GC invocations=2 (full 0):
 PSYoungGen      total 29696K, used 28887K [0x00000000d5580000, 0x00000000d7680000, 0x0000000100000000)
  eden space 25600K, 100% used [0x00000000d5580000,0x00000000d6e80000,0x00000000d6e80000)
  from space 4096K, 80% used [0x00000000d6e80000,0x00000000d71b5ea8,0x00000000d7280000)
  to   space 4096K, 0% used [0x00000000d7280000,0x00000000d7280000,0x00000000d7680000)
 ParOldGen       total 68608K, used 16K [0x0000000080000000, 0x0000000084300000, 0x00000000d5580000)
  object space 68608K, 0% used [0x0000000080000000,0x0000000080004000,0x0000000084300000)
 Metaspace       used 8132K, committed 8384K, reserved 1114112K
  class space    used 855K, committed 960K, reserved 1048576K
}
Event: 10.878 GC heap after
{Heap after GC invocations=2 (full 0):
 PSYoungGen      total 29696K, used 4092K [0x00000000d5580000, 0x00000000d7680000, 0x0000000100000000)
  eden space 25600K, 0% used [0x00000000d5580000,0x00000000d5580000,0x00000000d6e80000)
  from space 4096K, 99% used [0x00000000d7280000,0x00000000d767f008,0x00000000d7680000)
  to   space 4096K, 0% used [0x00000000d6e80000,0x00000000d6e80000,0x00000000d7280000)
 ParOldGen       total 68608K, used 1125K [0x0000000080000000, 0x0000000084300000, 0x00000000d5580000)
  object space 68608K, 1% used [0x0000000080000000,0x00000000801196b8,0x0000000084300000)
 Metaspace       used 8132K, committed 8384K, reserved 1114112K
  class space    used 855K, committed 960K, reserved 1048576K
}
Event: 11.476 GC heap before
{Heap before GC invocations=3 (full 0):
 PSYoungGen      total 29696K, used 29692K [0x00000000d5580000, 0x00000000d7680000, 0x0000000100000000)
  eden space 25600K, 100% used [0x00000000d5580000,0x00000000d6e80000,0x00000000d6e80000)
  from space 4096K, 99% used [0x00000000d7280000,0x00000000d767f008,0x00000000d7680000)
  to   space 4096K, 0% used [0x00000000d6e80000,0x00000000d6e80000,0x00000000d7280000)
 ParOldGen       total 68608K, used 1125K [0x0000000080000000, 0x0000000084300000, 0x00000000d5580000)
  object space 68608K, 1% used [0x0000000080000000,0x00000000801196b8,0x0000000084300000)
 Metaspace       used 12897K, committed 13376K, reserved 1114112K
  class space    used 1364K, committed 1600K, reserved 1048576K
}
Event: 11.480 GC heap after
{Heap after GC invocations=3 (full 0):
 PSYoungGen      total 29696K, used 4093K [0x00000000d5580000, 0x00000000d7680000, 0x0000000100000000)
  eden space 25600K, 0% used [0x00000000d5580000,0x00000000d5580000,0x00000000d6e80000)
  from space 4096K, 99% used [0x00000000d6e80000,0x00000000d727f610,0x00000000d7280000)
  to   space 4096K, 0% used [0x00000000d7280000,0x00000000d7280000,0x00000000d7680000)
 ParOldGen       total 68608K, used 2868K [0x0000000080000000, 0x0000000084300000, 0x00000000d5580000)
  object space 68608K, 4% used [0x0000000080000000,0x00000000802cd168,0x0000000084300000)
 Metaspace       used 12897K, committed 13376K, reserved 1114112K
  class space    used 1364K, committed 1600K, reserved 1048576K
}

Dll operation events (10 events):
Event: 0.145 Loaded shared library c:\Users\Aritra Mandal\.vscode\extensions\redhat.java-1.54.0-win32-x64\jre\21.0.10-win32-x86_64\bin\java.dll
Event: 0.353 Loaded shared library c:\Users\Aritra Mandal\.vscode\extensions\redhat.java-1.54.0-win32-x64\jre\21.0.10-win32-x86_64\bin\zip.dll
Event: 0.393 Loaded shared library C:\Users\Aritra Mandal\.vscode\extensions\redhat.java-1.54.0-win32-x64\jre\21.0.10-win32-x86_64\bin\instrument.dll
Event: 0.481 Loaded shared library C:\Users\Aritra Mandal\.vscode\extensions\redhat.java-1.54.0-win32-x64\jre\21.0.10-win32-x86_64\bin\net.dll
Event: 0.674 Loaded shared library C:\Users\Aritra Mandal\.vscode\extensions\redhat.java-1.54.0-win32-x64\jre\21.0.10-win32-x86_64\bin\nio.dll
Event: 0.680 Loaded shared library C:\Users\Aritra Mandal\.vscode\extensions\redhat.java-1.54.0-win32-x64\jre\21.0.10-win32-x86_64\bin\zip.dll
Event: 0.718 Loaded shared library C:\Users\Aritra Mandal\.vscode\extensions\redhat.java-1.54.0-win32-x64\jre\21.0.10-win32-x86_64\bin\jimage.dll
Event: 0.902 Loaded shared library c:\Users\Aritra Mandal\.vscode\extensions\redhat.java-1.54.0-win32-x64\jre\21.0.10-win32-x86_64\bin\verify.dll
Event: 10.929 Loaded shared library C:\Users\Aritra Mandal\AppData\Roaming\Code\User\globalStorage\redhat.java\1.54.0\config_ss_win\org.eclipse.equinox.launcher\org.eclipse.equinox.launcher.win32.win32.x86_64_1.3.0.v20260203-2149\eclipse_11919.dll
Event: 11.829 Loaded shared library C:\Users\Aritra Mandal\AppData\Local\Temp\jna-1207388522\jna3415814364192128278.dll

Deoptimization events (20 events):
Event: 12.043 Thread 0x00000221659b0200 Uncommon trap: trap_request=0xffffff45 fr.pc=0x000002215310e4c0 relative=0x0000000000000b00
Event: 12.043 Thread 0x00000221659b0200 Uncommon trap: reason=unstable_if action=reinterpret pc=0x000002215310e4c0 method=jdk.internal.org.objectweb.asm.Frame.execute(IILjdk/internal/org/objectweb/asm/Symbol;Ljdk/internal/org/objectweb/asm/SymbolTable;)V @ 1 c2
Event: 12.043 Thread 0x00000221659b0200 DEOPT PACKING pc=0x000002215310e4c0 sp=0x000000b7bd1f82c0
Event: 12.043 Thread 0x00000221659b0200 DEOPT UNPACKING pc=0x0000022152ac3aa2 sp=0x000000b7bd1f8248 mode 2
Event: 12.061 Thread 0x00000221659b0200 Uncommon trap: trap_request=0xffffffde fr.pc=0x0000022153102094 relative=0x00000000000003b4
Event: 12.061 Thread 0x00000221659b0200 Uncommon trap: reason=class_check action=maybe_recompile pc=0x0000022153102094 method=java.util.regex.Pattern$BmpCharPropertyGreedy.match(Ljava/util/regex/Matcher;ILjava/lang/CharSequence;)Z @ 70 c2
Event: 12.061 Thread 0x00000221659b0200 DEOPT PACKING pc=0x0000022153102094 sp=0x000000b7bd1f3700
Event: 12.061 Thread 0x00000221659b0200 DEOPT UNPACKING pc=0x0000022152ac3aa2 sp=0x000000b7bd1f36a8 mode 2
Event: 12.061 Thread 0x00000221659b0200 Uncommon trap: trap_request=0xffffffde fr.pc=0x0000022153102094 relative=0x00000000000003b4
Event: 12.061 Thread 0x00000221659b0200 Uncommon trap: reason=class_check action=maybe_recompile pc=0x0000022153102094 method=java.util.regex.Pattern$BmpCharPropertyGreedy.match(Ljava/util/regex/Matcher;ILjava/lang/CharSequence;)Z @ 70 c2
Event: 12.061 Thread 0x00000221659b0200 DEOPT PACKING pc=0x0000022153102094 sp=0x000000b7bd1f3550
Event: 12.061 Thread 0x00000221659b0200 DEOPT UNPACKING pc=0x0000022152ac3aa2 sp=0x000000b7bd1f34f8 mode 2
Event: 12.061 Thread 0x00000221659b0200 Uncommon trap: trap_request=0xffffffde fr.pc=0x0000022153102094 relative=0x00000000000003b4
Event: 12.061 Thread 0x00000221659b0200 Uncommon trap: reason=class_check action=maybe_recompile pc=0x0000022153102094 method=java.util.regex.Pattern$BmpCharPropertyGreedy.match(Ljava/util/regex/Matcher;ILjava/lang/CharSequence;)Z @ 70 c2
Event: 12.061 Thread 0x00000221659b0200 DEOPT PACKING pc=0x0000022153102094 sp=0x000000b7bd1f3710
Event: 12.061 Thread 0x00000221659b0200 DEOPT UNPACKING pc=0x0000022152ac3aa2 sp=0x000000b7bd1f36b8 mode 2
Event: 12.061 Thread 0x00000221659b0200 Uncommon trap: trap_request=0xffffffde fr.pc=0x0000022153102094 relative=0x00000000000003b4
Event: 12.061 Thread 0x00000221659b0200 Uncommon trap: reason=class_check action=maybe_recompile pc=0x0000022153102094 method=java.util.regex.Pattern$BmpCharPropertyGreedy.match(Ljava/util/regex/Matcher;ILjava/lang/CharSequence;)Z @ 70 c2
Event: 12.061 Thread 0x00000221659b0200 DEOPT PACKING pc=0x0000022153102094 sp=0x000000b7bd1f3560
Event: 12.061 Thread 0x00000221659b0200 DEOPT UNPACKING pc=0x0000022152ac3aa2 sp=0x000000b7bd1f3508 mode 2

Classes loaded (20 events):
Event: 11.923 Loading class java/lang/ThreadDeath
Event: 11.924 Loading class java/lang/ThreadDeath done
Event: 11.944 Loading class java/util/stream/SortedOps$SizedRefSortingSink
Event: 11.944 Loading class java/util/stream/SortedOps$SizedRefSortingSink done
Event: 11.978 Loading class java/util/concurrent/atomic/Striped64$1
Event: 11.978 Loading class java/util/concurrent/atomic/Striped64$1 done
Event: 12.004 Loading class java/net/SocketAddress
Event: 12.004 Loading class java/net/SocketAddress done
Event: 12.004 Loading class java/net/InetSocketAddress
Event: 12.005 Loading class java/net/InetSocketAddress done
Event: 12.005 Loading class java/nio/channels/AsynchronousByteChannel
Event: 12.005 Loading class java/nio/channels/AsynchronousChannel
Event: 12.005 Loading class java/nio/channels/AsynchronousChannel done
Event: 12.005 Loading class java/nio/channels/AsynchronousByteChannel done
Event: 12.005 Loading class java/net/Authenticator
Event: 12.005 Loading class java/net/Authenticator done
Event: 12.046 Loading class java/util/Collections$UnmodifiableSortedSet
Event: 12.046 Loading class java/util/Collections$UnmodifiableSortedSet done
Event: 12.055 Loading class java/util/zip/GZIPOutputStream
Event: 12.056 Loading class java/util/zip/GZIPOutputStream done

Classes unloaded (0 events):
No events

Classes redefined (0 events):
No events

Internal exceptions (20 events):
Event: 11.854 Thread 0x00000221659b0200 Exception <a 'java/lang/NoSuchMethodError'{0x00000000d643e808}: 'void java.lang.invoke.DirectMethodHandle$Holder.invokeSpecial(java.lang.Object, java.lang.Object, java.lang.Object, int)'> (0x00000000d643e808) 
thrown [s\src\hotspot\share\interpreter\linkResolver.cpp, line 773]
Event: 11.854 Thread 0x00000221659b0200 Exception <a 'java/lang/NoSuchMethodError'{0x00000000d6442198}: 'void java.lang.invoke.DelegatingMethodHandle$Holder.reinvoke_L(java.lang.Object, java.lang.Object, int)'> (0x00000000d6442198) 
thrown [s\src\hotspot\share\interpreter\linkResolver.cpp, line 773]
Event: 11.855 Thread 0x00000221659b0200 Exception <a 'java/lang/NoSuchMethodError'{0x00000000d6448e80}: 'int java.lang.invoke.Invokers$Holder.invokeExact_MT(java.lang.Object, java.lang.Object, java.lang.Object)'> (0x00000000d6448e80) 
thrown [s\src\hotspot\share\interpreter\linkResolver.cpp, line 773]
Event: 11.873 Thread 0x00000221659b0200 Exception <a 'java/lang/NoSuchMethodError'{0x00000000d6556128}: 'void java.lang.invoke.Invokers$Holder.invokeExact_MT(java.lang.Object, java.lang.Object, int, java.lang.Object)'> (0x00000000d6556128) 
thrown [s\src\hotspot\share\interpreter\linkResolver.cpp, line 773]
Event: 11.920 Thread 0x00000221659b0200 Exception <a 'java/lang/NoSuchMethodError'{0x00000000d6653c88}: 'java.lang.Object java.lang.invoke.DirectMethodHandle$Holder.invokeSpecial(java.lang.Object, java.lang.Object, java.lang.Object, long, java.lang.Object)'> (0x00000000d6653c88) 
thrown [s\src\hotspot\share\interpreter\linkResolver.cpp, line 773]
Event: 11.921 Thread 0x00000221659b0200 Exception <a 'java/lang/NoSuchMethodError'{0x00000000d665b4d0}: 'java.lang.Object java.lang.invoke.DirectMethodHandle$Holder.newInvokeSpecial(java.lang.Object, java.lang.Object, java.lang.Object, long)'> (0x00000000d665b4d0) 
thrown [s\src\hotspot\share\interpreter\linkResolver.cpp, line 773]
Event: 11.921 Thread 0x00000221659b0200 Exception <a 'java/lang/NoSuchMethodError'{0x00000000d665f880}: 'java.lang.Object java.lang.invoke.DirectMethodHandle$Holder.invokeSpecial(java.lang.Object, java.lang.Object, java.lang.Object, java.lang.Object, long)'> (0x00000000d665f880) 
thrown [s\src\hotspot\share\interpreter\linkResolver.cpp, line 773]
Event: 11.921 Thread 0x00000221659b0200 Exception <a 'java/lang/NoSuchMethodError'{0x00000000d66634a0}: 'java.lang.Object java.lang.invoke.Invokers$Holder.linkToTargetMethod(java.lang.Object, java.lang.Object, long, java.lang.Object)'> (0x00000000d66634a0) 
thrown [s\src\hotspot\share\interpreter\linkResolver.cpp, line 773]
Event: 11.941 Thread 0x00000221659b0200 Exception <a 'java/lang/NoSuchMethodError'{0x00000000d66d54e8}: 'int java.lang.invoke.DirectMethodHandle$Holder.invokeStaticInit(java.lang.Object, java.lang.Object, java.lang.Object)'> (0x00000000d66d54e8) 
thrown [s\src\hotspot\share\interpreter\linkResolver.cpp, line 773]
Event: 11.951 Thread 0x00000221659b0200 Exception <a 'java/lang/IncompatibleClassChangeError'{0x00000000d6764950}: Found class java.lang.Object, but interface was expected> (0x00000000d6764950) 
thrown [s\src\hotspot\share\interpreter\linkResolver.cpp, line 840]
Event: 11.957 Thread 0x00000221659b0200 Exception <a 'java/lang/NoSuchMethodError'{0x00000000d6778bf8}: 'java.lang.Object java.lang.invoke.DirectMethodHandle$Holder.invokeSpecial(java.lang.Object, java.lang.Object, java.lang.Object, int, java.lang.Object, java.lang.Object)'> (0x00000000d6778bf8) 
thrown [s\src\hotspot\share\interpreter\linkResolver.cpp, line 773]
Event: 11.958 Thread 0x00000221659b0200 Exception <a 'java/lang/NoSuchMethodError'{0x00000000d67806d0}: 'java.lang.Object java.lang.invoke.DirectMethodHandle$Holder.newInvokeSpecial(java.lang.Object, java.lang.Object, java.lang.Object, int, java.lang.Object)'> (0x00000000d67806d0) 
thrown [s\src\hotspot\share\interpreter\linkResolver.cpp, line 773]
Event: 11.958 Thread 0x00000221659b0200 Exception <a 'java/lang/NoSuchMethodError'{0x00000000d6784650}: 'java.lang.Object java.lang.invoke.DirectMethodHandle$Holder.invokeSpecial(java.lang.Object, java.lang.Object, java.lang.Object, java.lang.Object, int, java.lang.Object)'> (0x00000000d6784650) 
thrown [s\src\hotspot\share\interpreter\linkResolver.cpp, line 773]
Event: 11.958 Thread 0x00000221659b0200 Exception <a 'java/lang/NoSuchMethodError'{0x00000000d6788190}: 'java.lang.Object java.lang.invoke.Invokers$Holder.linkToTargetMethod(java.lang.Object, java.lang.Object, int, java.lang.Object, java.lang.Object)'> (0x00000000d6788190) 
thrown [s\src\hotspot\share\interpreter\linkResolver.cpp, line 773]
Event: 11.959 Thread 0x0000022165bc6d00 Exception <a 'java/lang/NoSuchMethodError'{0x00000000d669ec18}: 'java.lang.Object java.lang.invoke.DirectMethodHandle$Holder.invokeSpecial(java.lang.Object, java.lang.Object, int, java.lang.Object, java.lang.Object)'> (0x00000000d669ec18) 
thrown [s\src\hotspot\share\interpreter\linkResolver.cpp, line 773]
Event: 11.960 Thread 0x0000022165bc6d00 Exception <a 'java/lang/NoSuchMethodError'{0x00000000d66a5950}: 'java.lang.Object java.lang.invoke.DirectMethodHandle$Holder.newInvokeSpecial(java.lang.Object, java.lang.Object, int, java.lang.Object)'> (0x00000000d66a5950) 
thrown [s\src\hotspot\share\interpreter\linkResolver.cpp, line 773]
Event: 11.960 Thread 0x0000022165bc6d00 Exception <a 'java/lang/NoSuchMethodError'{0x00000000d66a9230}: 'java.lang.Object java.lang.invoke.DirectMethodHandle$Holder.invokeSpecial(java.lang.Object, java.lang.Object, java.lang.Object, int, java.lang.Object)'> (0x00000000d66a9230) 
thrown [s\src\hotspot\share\interpreter\linkResolver.cpp, line 773]
Event: 11.982 Thread 0x00000221659b0200 Exception <a 'java/lang/NoSuchMethodError'{0x00000000d68a6640}: 'void java.lang.invoke.DirectMethodHandle$Holder.invokeSpecial(java.lang.Object, java.lang.Object, java.lang.Object, java.lang.Object, java.lang.Object)'> (0x00000000d68a6640) 
thrown [s\src\hotspot\share\interpreter\linkResolver.cpp, line 773]
Event: 12.043 Thread 0x00000221659b0200 Exception <a 'java/lang/NoSuchMethodError'{0x00000000d6b7d9f8}: 'double java.lang.invoke.DirectMethodHandle$Holder.invokeStatic(java.lang.Object, java.lang.Object)'> (0x00000000d6b7d9f8) 
thrown [s\src\hotspot\share\interpreter\linkResolver.cpp, line 773]
Event: 12.044 Thread 0x00000221659b0200 Exception <a 'java/lang/NoSuchMethodError'{0x00000000d6b810b8}: 'double java.lang.invoke.DirectMethodHandle$Holder.invokeStaticInit(java.lang.Object, java.lang.Object)'> (0x00000000d6b810b8) 
thrown [s\src\hotspot\share\interpreter\linkResolver.cpp, line 773]

ZGC Phase Switch (0 events):
No events

VM Operations (20 events):
Event: 2.721 Executing safepoint VM operation: ICBufferFull
Event: 2.721 Executing safepoint VM operation: ICBufferFull done
Event: 3.725 Executing safepoint VM operation: Cleanup
Event: 3.725 Executing safepoint VM operation: Cleanup done
Event: 10.871 Executing safepoint VM operation: ParallelGCFailedAllocation (Allocation Failure)
Event: 10.878 Executing safepoint VM operation: ParallelGCFailedAllocation (Allocation Failure) done
Event: 11.045 Executing non-safepoint VM operation: HandshakeAllThreads (Deoptimize)
Event: 11.045 Executing non-safepoint VM operation: HandshakeAllThreads (Deoptimize) done
Event: 11.349 Executing non-safepoint VM operation: HandshakeAllThreads (Deoptimize)
Event: 11.349 Executing non-safepoint VM operation: HandshakeAllThreads (Deoptimize) done
Event: 11.476 Executing safepoint VM operation: ParallelGCFailedAllocation (Allocation Failure)
Event: 11.480 Executing safepoint VM operation: ParallelGCFailedAllocation (Allocation Failure) done
Event: 11.561 Executing non-safepoint VM operation: HandshakeAllThreads (Deoptimize)
Event: 11.561 Executing non-safepoint VM operation: HandshakeAllThreads (Deoptimize) done
Event: 11.565 Executing non-safepoint VM operation: HandshakeAllThreads (Deoptimize)
Event: 11.565 Executing non-safepoint VM operation: HandshakeAllThreads (Deoptimize) done
Event: 11.581 Executing non-safepoint VM operation: HandshakeAllThreads (Deoptimize)
Event: 11.581 Executing non-safepoint VM operation: HandshakeAllThreads (Deoptimize) done
Event: 11.842 Executing non-safepoint VM operation: HandshakeAllThreads (Deoptimize)
Event: 11.843 Executing non-safepoint VM operation: HandshakeAllThreads (Deoptimize) done

Memory protections (0 events):
No events

Nmethod flushes (0 events):
No events

Events (20 events):
Event: 0.841 Thread 0x00000221482e9790 Thread added: 0x00000221603a7db0
Event: 0.950 Thread 0x00000221603a7db0 Thread exited: 0x00000221603a7db0
Event: 1.057 Thread 0x00000221483505d0 Thread added: 0x00000221603997d0
Event: 1.205 Thread 0x00000221482e9790 Thread added: 0x00000221603a7010
Event: 1.312 Thread 0x00000221482e9790 Thread added: 0x00000221603a76e0
Event: 1.586 Thread 0x00000221603a76e0 Thread exited: 0x00000221603a76e0
Event: 2.107 Thread 0x00000221482e9790 Thread added: 0x00000221603a76e0
Event: 2.524 Thread 0x00000221483505d0 Thread added: 0x0000022165a4a100
Event: 2.854 Thread 0x00000221603a76e0 Thread exited: 0x00000221603a76e0
Event: 2.910 Thread 0x00000221603a7010 Thread exited: 0x00000221603a7010
Event: 10.844 Thread 0x00000221483505d0 Thread added: 0x00000221659af8c0
Event: 10.848 Thread 0x00000221483505d0 Thread added: 0x00000221659b0200
Event: 11.033 Thread 0x00000221659b0200 Thread added: 0x00000221601354d0
Event: 11.173 Thread 0x00000221482e9790 Thread added: 0x000002216013f2a0
Event: 11.173 Thread 0x00000221482e9790 Thread added: 0x000002216013ebd0
Event: 11.384 Thread 0x00000221659b0200 Thread added: 0x00000221653d4b10
Event: 11.862 Thread 0x00000221659b0200 Thread added: 0x0000022165a38360
Event: 11.914 Thread 0x000002216013ebd0 Thread exited: 0x000002216013ebd0
Event: 11.925 Thread 0x00000221659b0200 Thread added: 0x0000022165bc6d00
Event: 11.960 Thread 0x00000221659b0200 Thread added: 0x0000022165108ad0


Dynamic libraries:
0x00007ff796390000 - 0x00007ff79639e000 	c:\Users\Aritra Mandal\.vscode\extensions\redhat.java-1.54.0-win32-x64\jre\21.0.10-win32-x86_64\bin\java.exe
0x00007ffbeb6c0000 - 0x00007ffbeb926000 	C:\WINDOWS\SYSTEM32\ntdll.dll
0x00007ffbead80000 - 0x00007ffbeae49000 	C:\WINDOWS\System32\KERNEL32.DLL
0x00007ffbe8980000 - 0x00007ffbe8d7a000 	C:\WINDOWS\System32\KERNELBASE.dll
0x00007ffbe5660000 - 0x00007ffbe5700000 	C:\WINDOWS\SYSTEM32\apphelp.dll
0x00007ffbe8f70000 - 0x00007ffbe90bc000 	C:\WINDOWS\System32\ucrtbase.dll
0x00007ffbcb490000 - 0x00007ffbcb4a8000 	c:\Users\Aritra Mandal\.vscode\extensions\redhat.java-1.54.0-win32-x64\jre\21.0.10-win32-x86_64\bin\jli.dll
0x00007ffbb8fb0000 - 0x00007ffbb8fce000 	c:\Users\Aritra Mandal\.vscode\extensions\redhat.java-1.54.0-win32-x64\jre\21.0.10-win32-x86_64\bin\VCRUNTIME140.dll
0x00007ffbeb4b0000 - 0x00007ffbeb677000 	C:\WINDOWS\System32\USER32.dll
0x00007ffbe8950000 - 0x00007ffbe8977000 	C:\WINDOWS\System32\win32u.dll
0x00007ffbd6210000 - 0x00007ffbd64a2000 	C:\WINDOWS\WinSxS\amd64_microsoft.windows.common-controls_6595b64144ccf1df_6.0.26100.8521_none_3e08b75ce33403b3\COMCTL32.dll
0x00007ffbeaf90000 - 0x00007ffbeafbb000 	C:\WINDOWS\System32\GDI32.dll
0x00007ffbeae50000 - 0x00007ffbeaef9000 	C:\WINDOWS\System32\msvcrt.dll
0x00007ffbe90c0000 - 0x00007ffbe91eb000 	C:\WINDOWS\System32\gdi32full.dll
0x00007ffbe8ec0000 - 0x00007ffbe8f63000 	C:\WINDOWS\System32\msvcp_win.dll
0x00007ffbea740000 - 0x00007ffbea772000 	C:\WINDOWS\System32\IMM32.DLL
0x00007ffbdd4b0000 - 0x00007ffbdd4bc000 	c:\Users\Aritra Mandal\.vscode\extensions\redhat.java-1.54.0-win32-x64\jre\21.0.10-win32-x86_64\bin\vcruntime140_1.dll
0x00007ffb6a0d0000 - 0x00007ffb6a15d000 	c:\Users\Aritra Mandal\.vscode\extensions\redhat.java-1.54.0-win32-x64\jre\21.0.10-win32-x86_64\bin\msvcp140.dll
0x00007ffab4e00000 - 0x00007ffab5ba1000 	c:\Users\Aritra Mandal\.vscode\extensions\redhat.java-1.54.0-win32-x64\jre\21.0.10-win32-x86_64\bin\server\jvm.dll
0x00007ffbea560000 - 0x00007ffbea616000 	C:\WINDOWS\System32\ADVAPI32.dll
0x00007ffbe94d0000 - 0x00007ffbe957a000 	C:\WINDOWS\System32\sechost.dll
0x00007ffbea620000 - 0x00007ffbea738000 	C:\WINDOWS\System32\RPCRT4.dll
0x00007ffbeaf00000 - 0x00007ffbeaf80000 	C:\WINDOWS\System32\WS2_32.dll
0x00007ffbe87b0000 - 0x00007ffbe880e000 	C:\WINDOWS\SYSTEM32\POWRPROF.dll
0x00007ffbe0930000 - 0x00007ffbe0966000 	C:\WINDOWS\SYSTEM32\WINMM.dll
0x00007ffbe0970000 - 0x00007ffbe097b000 	C:\WINDOWS\SYSTEM32\VERSION.dll
0x00007ffbe8790000 - 0x00007ffbe87a4000 	C:\WINDOWS\SYSTEM32\UMPDC.dll
0x00007ffbe7660000 - 0x00007ffbe767b000 	C:\WINDOWS\SYSTEM32\kernel.appcore.dll
0x00007ffbdc6b0000 - 0x00007ffbdc6ba000 	c:\Users\Aritra Mandal\.vscode\extensions\redhat.java-1.54.0-win32-x64\jre\21.0.10-win32-x86_64\bin\jimage.dll
0x00007ffbe61e0000 - 0x00007ffbe6422000 	C:\WINDOWS\SYSTEM32\DBGHELP.DLL
0x00007ffbea780000 - 0x00007ffbeab03000 	C:\WINDOWS\System32\combase.dll
0x00007ffbe9a10000 - 0x00007ffbe9ae9000 	C:\WINDOWS\System32\OLEAUT32.dll
0x00007ffbb86d0000 - 0x00007ffbb870b000 	C:\WINDOWS\SYSTEM32\dbgcore.DLL
0x00007ffbe8d80000 - 0x00007ffbe8e28000 	C:\WINDOWS\System32\bcryptPrimitives.dll
0x00007ffbd6800000 - 0x00007ffbd680f000 	c:\Users\Aritra Mandal\.vscode\extensions\redhat.java-1.54.0-win32-x64\jre\21.0.10-win32-x86_64\bin\instrument.dll
0x00007ffb98cd0000 - 0x00007ffb98cf0000 	c:\Users\Aritra Mandal\.vscode\extensions\redhat.java-1.54.0-win32-x64\jre\21.0.10-win32-x86_64\bin\java.dll
0x00007ffbe9d80000 - 0x00007ffbea504000 	C:\WINDOWS\System32\SHELL32.dll
0x00007ffbe64d0000 - 0x00007ffbe6d50000 	C:\WINDOWS\SYSTEM32\windows.storage.dll
0x00007ffbeac80000 - 0x00007ffbead76000 	C:\WINDOWS\System32\SHCORE.dll
0x00007ffbe9b70000 - 0x00007ffbe9bd7000 	C:\WINDOWS\System32\shlwapi.dll
0x00007ffbe8870000 - 0x00007ffbe8899000 	C:\WINDOWS\SYSTEM32\profapi.dll
0x00007ffb799f0000 - 0x00007ffb79a08000 	c:\Users\Aritra Mandal\.vscode\extensions\redhat.java-1.54.0-win32-x64\jre\21.0.10-win32-x86_64\bin\zip.dll
0x00007ffbb87b0000 - 0x00007ffbb87c0000 	C:\Users\Aritra Mandal\.vscode\extensions\redhat.java-1.54.0-win32-x64\jre\21.0.10-win32-x86_64\bin\net.dll
0x00007ffbde5e0000 - 0x00007ffbde709000 	C:\WINDOWS\SYSTEM32\WINHTTP.dll
0x00007ffbe7c50000 - 0x00007ffbe7cbc000 	C:\WINDOWS\system32\mswsock.dll
0x00007ffb78330000 - 0x00007ffb78346000 	C:\Users\Aritra Mandal\.vscode\extensions\redhat.java-1.54.0-win32-x64\jre\21.0.10-win32-x86_64\bin\nio.dll
0x00007ffbb7a10000 - 0x00007ffbb7a20000 	c:\Users\Aritra Mandal\.vscode\extensions\redhat.java-1.54.0-win32-x64\jre\21.0.10-win32-x86_64\bin\verify.dll
0x00007ffb6c720000 - 0x00007ffb6c765000 	C:\Users\Aritra Mandal\AppData\Roaming\Code\User\globalStorage\redhat.java\1.54.0\config_ss_win\org.eclipse.equinox.launcher\org.eclipse.equinox.launcher.win32.win32.x86_64_1.3.0.v20260203-2149\eclipse_11919.dll
0x00007ffbe9be0000 - 0x00007ffbe9d78000 	C:\WINDOWS\System32\ole32.dll
0x00007ffbe7f30000 - 0x00007ffbe7f4b000 	C:\WINDOWS\SYSTEM32\CRYPTSP.dll
0x00007ffbe7620000 - 0x00007ffbe7659000 	C:\WINDOWS\system32\rsaenh.dll
0x00007ffbe7d00000 - 0x00007ffbe7d33000 	C:\WINDOWS\SYSTEM32\USERENV.dll
0x00007ffbe8840000 - 0x00007ffbe886a000 	C:\WINDOWS\SYSTEM32\bcrypt.dll
0x00007ffbe7f50000 - 0x00007ffbe7f5c000 	C:\WINDOWS\SYSTEM32\CRYPTBASE.dll
0x00007ffbe70e0000 - 0x00007ffbe7113000 	C:\WINDOWS\SYSTEM32\IPHLPAPI.DLL
0x00007ffbeafe0000 - 0x00007ffbeafea000 	C:\WINDOWS\System32\NSI.dll
0x00007ffb676a0000 - 0x00007ffb676e9000 	C:\Users\Aritra Mandal\AppData\Local\Temp\jna-1207388522\jna3415814364192128278.dll
0x00007ffbe9430000 - 0x00007ffbe9438000 	C:\WINDOWS\System32\PSAPI.DLL

JVMTI agents:
c:\Users\Aritra Mandal\.vscode\extensions\redhat.java-1.54.0-win32-x64\lombok\lombok-1.18.39-4050.jar path:c:\Users\Aritra Mandal\.vscode\extensions\redhat.java-1.54.0-win32-x64\jre\21.0.10-win32-x86_64\bin\instrument.dll, loaded, initialized, instrumentlib options:none

dbghelp: loaded successfully - version: 4.0.5 - missing functions: none
symbol engine: initialized successfully - sym options: 0x614 - pdb path: .;c:\Users\Aritra Mandal\.vscode\extensions\redhat.java-1.54.0-win32-x64\jre\21.0.10-win32-x86_64\bin;C:\WINDOWS\SYSTEM32;C:\WINDOWS\WinSxS\amd64_microsoft.windows.common-controls_6595b64144ccf1df_6.0.26100.8521_none_3e08b75ce33403b3;c:\Users\Aritra Mandal\.vscode\extensions\redhat.java-1.54.0-win32-x64\jre\21.0.10-win32-x86_64\bin\server;C:\Users\Aritra Mandal\AppData\Roaming\Code\User\globalStorage\redhat.java\1.54.0\config_ss_win\org.eclipse.equinox.launcher\org.eclipse.equinox.launcher.win32.win32.x86_64_1.3.0.v20260203-2149;C:\Users\Aritra Mandal\AppData\Local\Temp\jna-1207388522

VM Arguments:
jvm_args: --add-modules=ALL-SYSTEM --add-opens=java.base/java.util=ALL-UNNAMED --add-opens=java.base/java.lang=ALL-UNNAMED --add-opens=java.base/sun.nio.fs=ALL-UNNAMED -Declipse.application=org.eclipse.jdt.ls.core.id1 -Dosgi.bundles.defaultStartLevel=4 -Declipse.product=org.eclipse.jdt.ls.core.product -Djava.import.generatesMetadataFilesAtProjectRoot=false -DDetectVMInstallationsJob.disabled=true -Dfile.encoding=utf8 -XX:+UseParallelGC -XX:GCTimeRatio=4 -XX:AdaptiveSizePolicyWeight=90 -Dsun.zip.disableMemoryMapping=true -Xmx2G -Xms100m -Xlog:disable -javaagent:c:\Users\Aritra Mandal\.vscode\extensions\redhat.java-1.54.0-win32-x64\lombok\lombok-1.18.39-4050.jar 
java_command: c:\Users\Aritra Mandal\.vscode\extensions\redhat.java-1.54.0-win32-x64\server\plugins\org.eclipse.equinox.launcher_1.7.100.v20251111-0406.jar -configuration c:\Users\Aritra Mandal\AppData\Roaming\Code\User\globalStorage\redhat.java\1.54.0\config_ss_win -data c:\Users\Aritra Mandal\AppData\Roaming\Code\User\workspaceStorage\9126458fdeed6336ef143140dbf17e7d\redhat.java\ss_ws --pipe=\\.\pipe\lsp-e50c461cc9b9d00aeb46ae1f49216a11-sock
java_class_path (initial): c:\Users\Aritra Mandal\.vscode\extensions\redhat.java-1.54.0-win32-x64\server\plugins\org.eclipse.equinox.launcher_1.7.100.v20251111-0406.jar
Launcher Type: SUN_STANDARD

[Global flags]
    uintx AdaptiveSizePolicyWeight                 = 90                                        {product} {command line}
     intx CICompilerCount                          = 4                                         {product} {ergonomic}
    uintx GCTimeRatio                              = 4                                         {product} {command line}
   size_t InitialHeapSize                          = 104857600                                 {product} {command line}
   size_t MaxHeapSize                              = 2147483648                                {product} {command line}
   size_t MaxNewSize                               = 715653120                                 {product} {ergonomic}
   size_t MinHeapDeltaBytes                        = 524288                                    {product} {ergonomic}
   size_t MinHeapSize                              = 104857600                                 {product} {command line}
   size_t NewSize                                  = 34603008                                  {product} {ergonomic}
    uintx NonNMethodCodeHeapSize                   = 5839372                                {pd product} {ergonomic}
    uintx NonProfiledCodeHeapSize                  = 122909434                              {pd product} {ergonomic}
   size_t OldSize                                  = 70254592                                  {product} {ergonomic}
    uintx ProfiledCodeHeapSize                     = 122909434                              {pd product} {ergonomic}
    uintx ReservedCodeCacheSize                    = 251658240                              {pd product} {ergonomic}
     bool SegmentedCodeCache                       = true                                      {product} {ergonomic}
   size_t SoftMaxHeapSize                          = 2147483648                             {manageable} {ergonomic}
     bool UseCompressedOops                        = true                           {product lp64_product} {ergonomic}
     bool UseLargePagesIndividualAllocation        = false                                  {pd product} {ergonomic}
     bool UseParallelGC                            = true                                      {product} {command line}

Logging:
Log output configuration:
 #0: stdout all=off uptime,level,tags foldmultilines=false
 #1: stderr all=off uptime,level,tags foldmultilines=false

Release file:
JAVA_VERSION="21.0.10" 
MODULES="java.base java.compiler java.datatransfer java.xml java.prefs java.desktop java.instrument java.logging java.management java.security.sasl java.naming java.rmi java.management.rmi java.net.http java.scripting java.security.jgss java.transaction.xa java.sql java.sql.rowset java.xml.crypto java.se java.smartcardio jdk.accessibility jdk.internal.jvmstat jdk.attach jdk.charsets jdk.internal.opt jdk.zipfs jdk.compiler jdk.crypto.ec jdk.crypto.cryptoki jdk.crypto.mscapi jdk.dynalink jdk.internal.ed jdk.editpad jdk.hotspot.agent jdk.httpserver jdk.internal.le jdk.internal.vm.ci jdk.internal.vm.compiler jdk.internal.vm.compiler.management jdk.jartool jdk.javadoc jdk.jcmd jdk.management jdk.management.agent jdk.jconsole jdk.jdeps jdk.jdwp.agent jdk.jdi jdk.jfr jdk.jshell jdk.jsobject jdk.jstatd jdk.localedata jdk.management.jfr jdk.naming.dns jdk.naming.rmi jdk.net jdk.nio.mapmode jdk.random jdk.sctp jdk.security.auth jdk.security.jgss jdk.unsupported jdk.unsupported.desktop jdk.xml.dom" 

Environment Variables:
JAVA_HOME=C:\Program Files\Eclipse Adoptium\jdk-25.0.1.8-hotspot
PATH=C:\Program Files\Eclipse Adoptium\jdk-25.0.1.8-hotspot\bin;C:\Program Files\Common Files\Oracle\Java\javapath;C:\Program Files (x86)\Common Files\Oracle\Java\javapath;C:\Program Files (x86)\Common Files\Intel\Shared Libraries\redist\intel64\compiler;C:\Windows\system32;C:\Windows;C:\Windows\System32\Wbem;C:\Windows\System32\WindowsPowerShell\v1.0\;C:\Windows\System32\OpenSSH\;C:\Program Files (x86)\NVIDIA Corporation\PhysX\Common;C:\MinGW\bin;C:\ProgramData\chocolatey\bin;C:\Program Files\dotnet\;C:\Program Files\Git\cmd;C:\WINDOWS\system32;C:\WINDOWS;C:\WINDOWS\System32\Wbem;C:\WINDOWS\System32\WindowsPowerShell\v1.0\;C:\WINDOWS\System32\OpenSSH\;C:\Program Files\NVIDIA Corporation\NVIDIA App\NvDLISR;C:\Program Files\nodejs\;C:\Users\Aritra Mandal\.local\bin;C:\Users\Aritra Mandal\AppData\Local\Programs\Python\Python313\Scripts\;C:\Users\Aritra Mandal\AppData\Local\Programs\Python\Python313\;C:\Users\Aritra Mandal\AppData\Local\Microsoft\WindowsApps;C:\Users\Aritra Mandal\AppData\Local\Programs\Microsoft VS Code\bin;C:\Users\Aritra Mandal\AppData\Local\GitHubDesktop\bin;C:\MinGW\bin\gcc;C:\Users\Aritra Mandal\.dotnet\tools;C:\Users\Aritra Mandal\AppData\Roaming\npm;D:\Antigravity\bin;D:\cursor\resources\app\bin;C:\Users\Aritra Mandal\AppData\Local\PowerToys\DSCModules\
USERNAME=Aritra Mandal
OS=Windows_NT
PROCESSOR_IDENTIFIER=AMD64 Family 25 Model 80 Stepping 0, AuthenticAMD
TMP=C:\Users\ARITRA~1\AppData\Local\Temp
TEMP=C:\Users\ARITRA~1\AppData\Local\Temp




Periodic native trim disabled

---------------  S Y S T E M  ---------------

OS:
 Windows 11 , 64 bit Build 26100 (10.0.26100.8521)
OS uptime: 5 days 3:00 hours
Hyper-V role detected

CPU: total 12 (initial active 12) (12 cores per cpu, 2 threads per core) family 25 model 80 stepping 0 microcode 0xa50000d, cx8, cmov, fxsr, ht, mmx, 3dnowpref, sse, sse2, sse3, ssse3, sse4a, sse4.1, sse4.2, popcnt, lzcnt, tsc, tscinvbit, avx, avx2, aes, erms, clmul, bmi1, bmi2, adx, sha, fma, vzeroupper, clflush, clflushopt, hv, rdtscp, rdpid, fsrm, f16c, cet_ss
Processor Information for processor 0
  Max Mhz: 3301, Current Mhz: 2630, Mhz Limit: 3301
Processor Information for processor 1
  Max Mhz: 3301, Current Mhz: 2011, Mhz Limit: 3301
Processor Information for processor 2
  Max Mhz: 3301, Current Mhz: 2630, Mhz Limit: 3301
Processor Information for processor 3
  Max Mhz: 3301, Current Mhz: 2630, Mhz Limit: 3301
Processor Information for processor 4
  Max Mhz: 3301, Current Mhz: 2630, Mhz Limit: 3301
Processor Information for processor 5
  Max Mhz: 3301, Current Mhz: 2011, Mhz Limit: 3301
Processor Information for processor 6
  Max Mhz: 3301, Current Mhz: 2630, Mhz Limit: 3301
Processor Information for processor 7
  Max Mhz: 3301, Current Mhz: 2630, Mhz Limit: 3301
Processor Information for processor 8
  Max Mhz: 3301, Current Mhz: 2630, Mhz Limit: 3301
Processor Information for processor 9
  Max Mhz: 3301, Current Mhz: 2630, Mhz Limit: 3301
Processor Information for processor 10
  Max Mhz: 3301, Current Mhz: 2630, Mhz Limit: 3301
Processor Information for processor 11
  Max Mhz: 3301, Current Mhz: 2630, Mhz Limit: 3301

Memory: 4k page, system-wide physical 15773M (1707M free)
TotalPageFile size 22740M (AvailPageFile size 0M)
current process WorkingSet (physical memory assigned to process): 122M, peak: 122M
current process commit charge ("private bytes"): 268M, peak: 268M

vm_info: OpenJDK 64-Bit Server VM (21.0.10+7-LTS) for windows-amd64 JRE (21.0.10+7-LTS), built on 2026-01-20T00:00:00Z by "admin" with MS VC++ 17.12 (VS2022)

END.
