#
# There is insufficient memory for the Java Runtime Environment to continue.
# Native memory allocation (malloc) failed to allocate 976976 bytes. Error detail: Chunk::new
# Possible reasons:
#   The system is out of physical RAM or swap space
#   This process is running with CompressedOops enabled, and the Java Heap may be blocking the growth of the native heap
# Possible solutions:
#   Reduce memory load on the system
#   Increase physical memory or swap space
#   Check if swap backing store is full
#   Decrease Java heap size (-Xmx/-Xms)
#   Decrease number of Java threads
#   Decrease Java thread stack sizes (-Xss)
#   Set larger code cache with -XX:ReservedCodeCacheSize=
#   JVM is running with Unscaled Compressed Oops mode in which the Java heap is
#     placed in the first 4GB address space. The Java Heap base address is the
#     maximum limit for the native heap growth. Please use -XX:HeapBaseMinAddress
#     to set the Java Heap base and to place the Java Heap above 4GB virtual address.
# This output file may be truncated or incomplete.
#
#  Out of Memory Error (arena.cpp:168), pid=32284, tid=20108
#
# JRE version: OpenJDK Runtime Environment Temurin-21.0.10+7 (21.0.10+7) (build 21.0.10+7-LTS)
# Java VM: OpenJDK 64-Bit Server VM Temurin-21.0.10+7 (21.0.10+7-LTS, mixed mode, sharing, tiered, compressed oops, compressed class ptrs, parallel gc, windows-amd64)
# No core dump will be written. Minidumps are not enabled by default on client versions of Windows
#

---------------  S U M M A R Y ------------

Command Line: --add-modules=ALL-SYSTEM --add-opens=java.base/java.util=ALL-UNNAMED --add-opens=java.base/java.lang=ALL-UNNAMED --add-opens=java.base/sun.nio.fs=ALL-UNNAMED -Declipse.application=org.eclipse.jdt.ls.core.id1 -Dosgi.bundles.defaultStartLevel=4 -Declipse.product=org.eclipse.jdt.ls.core.product -Djava.import.generatesMetadataFilesAtProjectRoot=false -DDetectVMInstallationsJob.disabled=true -Dfile.encoding=utf8 -XX:+UseParallelGC -XX:GCTimeRatio=4 -XX:AdaptiveSizePolicyWeight=90 -Dsun.zip.disableMemoryMapping=true -Xmx2G -Xms100m -Xlog:disable -javaagent:c:\Users\Aritra Mandal\.vscode\extensions\redhat.java-1.54.0-win32-x64\lombok\lombok-1.18.39-4050.jar -XX:+HeapDumpOnOutOfMemoryError -XX:HeapDumpPath=c:\Users\Aritra Mandal\AppData\Roaming\Code\User\workspaceStorage\9126458fdeed6336ef143140dbf17e7d\redhat.java -Daether.dependencyCollector.impl=bf c:\Users\Aritra Mandal\.vscode\extensions\redhat.java-1.54.0-win32-x64\server\plugins\org.eclipse.equinox.launcher_1.7.100.v20251111-0406.jar -configuration c:\Users\Aritra Mandal\AppData\Roaming\Code\User\globalStorage\redhat.java\1.54.0\config_win -data c:\Users\Aritra Mandal\AppData\Roaming\Code\User\workspaceStorage\9126458fdeed6336ef143140dbf17e7d\redhat.java\jdt_ws --pipe=\\.\pipe\lsp-82c355072cf2a5c3db8d2aa2dbaaf127-sock

Host: AMD Ryzen 5 5600H with Radeon Graphics         , 12 cores, 15G,  Windows 11 , 64 bit Build 26100 (10.0.26100.8521)
Time: Fri Jun 19 20:37:56 2026 India Standard Time elapsed time: 289.724430 seconds (0d 0h 4m 49s)

---------------  T H R E A D  ---------------

Current thread (0x000002468c1d33a0):  JavaThread "C2 CompilerThread2" daemon [_thread_in_native, id=20108, stack(0x0000005d3fe00000,0x0000005d3ff00000) (1024K)]


Current CompileTask:
C2:289724 10475       4       org.eclipse.jdt.internal.compiler.lookup.BinaryTypeBinding::createMethod (1666 bytes)

Stack: [0x0000005d3fe00000,0x0000005d3ff00000]
Native frames: (J=compiled Java code, j=interpreted, Vv=VM code, C=native code)
V  [jvm.dll+0x6d7a39]
V  [jvm.dll+0x8b4b26]
V  [jvm.dll+0x8b70de]
V  [jvm.dll+0x8b77c3]
V  [jvm.dll+0x284346]
V  [jvm.dll+0xc66ed]
V  [jvm.dll+0xc6c31]
V  [jvm.dll+0x2fb29e]
V  [jvm.dll+0x5fe884]
V  [jvm.dll+0x255b17]
V  [jvm.dll+0x255edd]
V  [jvm.dll+0x24e500]
V  [jvm.dll+0x24ba42]
V  [jvm.dll+0x1cb34e]
V  [jvm.dll+0x25b85d]
V  [jvm.dll+0x259dea]
V  [jvm.dll+0x3f857e]
V  [jvm.dll+0x85f59d]
V  [jvm.dll+0x6d626d]
C  [ucrtbase.dll+0x2cd30]
C  [KERNEL32.DLL+0x2e957]
C  [ntdll.dll+0x87c1c]


---------------  P R O C E S S  ---------------

Threads class SMR info:
_java_thread_list=0x000002468b97b960, length=64, elements={
0x0000024628b5f7d0, 0x000002462afc8fb0, 0x000002462afccd60, 0x000002462afd3380,
0x000002462afd3de0, 0x000002462afd4840, 0x000002462afd52a0, 0x000002462afd8450,
0x0000024683e43290, 0x0000024683ffdf10, 0x0000024684161ef0, 0x00000246893c6800,
0x00000246893c5ae0, 0x00000246893c7520, 0x00000246893c5450, 0x00000246893c4dc0,
0x00000246893c7bb0, 0x00000246893c6170, 0x00000246893c6e90, 0x00000246893c8240,
0x000002468a383e20, 0x000002468a3844b0, 0x000002468a384b40, 0x000002468a382a70,
0x000002468a3816c0, 0x000002468a3851d0, 0x000002468a381d50, 0x000002468a386c10,
0x000002468a385860, 0x000002468a388650, 0x000002468a386580, 0x000002468a385ef0,
0x000002468a3872a0, 0x000002468a387930, 0x000002468a387fc0, 0x000002468cde0470,
0x000002468cddfde0, 0x000002468cddf0c0, 0x000002468cdddd10, 0x000002468cddea30,
0x000002468cddf750, 0x000002468cde3f80, 0x000002468cde4610, 0x000002468cde5330,
0x000002468cde3260, 0x000002468cde2540, 0x000002468dcdb220, 0x000002468dcdcc60,
0x000002468dcde010, 0x000002468dcde6a0, 0x000002468dcdb8b0, 0x000002468dcdc5d0,
0x000002468dcdbf40, 0x000002468dcdfa50, 0x000002468dce2840, 0x000002468dcded30,
0x000002468dce0770, 0x000002468dce1490, 0x000002468dce0e00, 0x000002468dce21b0,
0x000002468dce1b20, 0x000002468dce00e0, 0x000002468c1d2cd0, 0x000002468c1d33a0
}
_to_delete_list=0x00000246892e2040, length=63, elements={
0x0000024628b5f7d0, 0x000002462afc8fb0, 0x000002462afccd60, 0x000002462afd3380,
0x000002462afd3de0, 0x000002462afd4840, 0x000002462afd52a0, 0x000002462afd8450,
0x0000024683e43290, 0x0000024683ffdf10, 0x0000024684161ef0, 0x00000246893c6800,
0x00000246893c5ae0, 0x00000246893c7520, 0x00000246893c5450, 0x00000246893c4dc0,
0x00000246893c7bb0, 0x00000246893c6170, 0x00000246893c6e90, 0x00000246893c8240,
0x000002468a383e20, 0x000002468a3844b0, 0x000002468a384b40, 0x000002468a382a70,
0x000002468a3816c0, 0x000002468a3851d0, 0x000002468a381d50, 0x000002468a386c10,
0x000002468a385860, 0x000002468a388650, 0x000002468a386580, 0x000002468a385ef0,
0x000002468a3872a0, 0x000002468a387930, 0x000002468a387fc0, 0x000002468cde0470,
0x000002468cddfde0, 0x000002468cddf0c0, 0x000002468cdddd10, 0x000002468cddea30,
0x000002468cddf750, 0x000002468cde3f80, 0x000002468cde4610, 0x000002468cde5330,
0x000002468cde3260, 0x000002468cde2540, 0x000002468dcdb220, 0x000002468dcdcc60,
0x000002468dcde010, 0x000002468dcde6a0, 0x000002468dcdb8b0, 0x000002468dcdc5d0,
0x000002468dcdbf40, 0x000002468dcdfa50, 0x000002468dce2840, 0x000002468dcded30,
0x000002468dce0770, 0x000002468dce1490, 0x000002468dce0e00, 0x000002468dce21b0,
0x000002468dce1b20, 0x000002468dce00e0, 0x000002468c1d2cd0
}

Java Threads: ( => current thread )
  0x0000024628b5f7d0 JavaThread "main"                              [_thread_blocked, id=33488, stack(0x0000005d3b600000,0x0000005d3b700000) (1024K)]
  0x000002462afc8fb0 JavaThread "Reference Handler"          daemon [_thread_blocked, id=16176, stack(0x0000005d3ba00000,0x0000005d3bb00000) (1024K)]
  0x000002462afccd60 JavaThread "Finalizer"                  daemon [_thread_blocked, id=38608, stack(0x0000005d3bb00000,0x0000005d3bc00000) (1024K)]
  0x000002462afd3380 JavaThread "Signal Dispatcher"          daemon [_thread_blocked, id=4780, stack(0x0000005d3bc00000,0x0000005d3bd00000) (1024K)]
  0x000002462afd3de0 JavaThread "Attach Listener"            daemon [_thread_blocked, id=20704, stack(0x0000005d3bd00000,0x0000005d3be00000) (1024K)]
  0x000002462afd4840 JavaThread "Service Thread"             daemon [_thread_blocked, id=29124, stack(0x0000005d3be00000,0x0000005d3bf00000) (1024K)]
  0x000002462afd52a0 JavaThread "Monitor Deflation Thread"   daemon [_thread_blocked, id=6128, stack(0x0000005d3bf00000,0x0000005d3c000000) (1024K)]
  0x000002462afd8450 JavaThread "C2 CompilerThread0"         daemon [_thread_blocked, id=16204, stack(0x0000005d3c000000,0x0000005d3c100000) (1024K)]
  0x0000024683e43290 JavaThread "C1 CompilerThread0"         daemon [_thread_blocked, id=29932, stack(0x0000005d3c100000,0x0000005d3c200000) (1024K)]
  0x0000024683ffdf10 JavaThread "Common-Cleaner"             daemon [_thread_blocked, id=21676, stack(0x0000005d3c200000,0x0000005d3c300000) (1024K)]
  0x0000024684161ef0 JavaThread "Notification Thread"        daemon [_thread_blocked, id=35328, stack(0x0000005d3c300000,0x0000005d3c400000) (1024K)]
  0x00000246893c6800 JavaThread "Active Thread: Equinox Container: b5d279f4-f151-4140-9fd4-dcafcd6de395"        [_thread_blocked, id=27524, stack(0x0000005d3c400000,0x0000005d3c500000) (1024K)]
  0x00000246893c5ae0 JavaThread "Refresh Thread: Equinox Container: b5d279f4-f151-4140-9fd4-dcafcd6de395" daemon [_thread_blocked, id=1612, stack(0x0000005d3cc00000,0x0000005d3cd00000) (1024K)]
  0x00000246893c7520 JavaThread "Framework Event Dispatcher: Equinox Container: b5d279f4-f151-4140-9fd4-dcafcd6de395" daemon [_thread_blocked, id=10908, stack(0x0000005d3cd00000,0x0000005d3ce00000) (1024K)]
  0x00000246893c5450 JavaThread "Start Level: Equinox Container: b5d279f4-f151-4140-9fd4-dcafcd6de395" daemon [_thread_blocked, id=35956, stack(0x0000005d3ce00000,0x0000005d3cf00000) (1024K)]
  0x00000246893c4dc0 JavaThread "Bundle File Closer"         daemon [_thread_blocked, id=11460, stack(0x0000005d3d300000,0x0000005d3d400000) (1024K)]
  0x00000246893c7bb0 JavaThread "SCR Component Actor"        daemon [_thread_blocked, id=10988, stack(0x0000005d3cf00000,0x0000005d3d000000) (1024K)]
  0x00000246893c6170 JavaThread "Worker-JM"                         [_thread_blocked, id=28836, stack(0x0000005d3d400000,0x0000005d3d500000) (1024K)]
  0x00000246893c6e90 JavaThread "JNA Cleaner"                daemon [_thread_blocked, id=252, stack(0x0000005d3d000000,0x0000005d3d100000) (1024K)]
  0x00000246893c8240 JavaThread "Worker-0"                          [_thread_blocked, id=16500, stack(0x0000005d3d500000,0x0000005d3d600000) (1024K)]
  0x000002468a383e20 JavaThread "Worker-1"                          [_thread_blocked, id=12220, stack(0x0000005d3d600000,0x0000005d3d700000) (1024K)]
  0x000002468a3844b0 JavaThread "Java indexing"              daemon [_thread_blocked, id=29984, stack(0x0000005d3da00000,0x0000005d3db00000) (1024K)]
  0x000002468a384b40 JavaThread "Thread-1"                   daemon [_thread_in_native, id=15884, stack(0x0000005d3e000000,0x0000005d3e100000) (1024K)]
  0x000002468a382a70 JavaThread "Thread-2"                   daemon [_thread_in_native, id=34780, stack(0x0000005d3e100000,0x0000005d3e200000) (1024K)]
  0x000002468a3816c0 JavaThread "Thread-3"                   daemon [_thread_in_native, id=21548, stack(0x0000005d3e200000,0x0000005d3e300000) (1024K)]
  0x000002468a3851d0 JavaThread "Thread-4"                   daemon [_thread_in_native, id=28516, stack(0x0000005d3e300000,0x0000005d3e400000) (1024K)]
  0x000002468a381d50 JavaThread "Thread-5"                   daemon [_thread_in_native, id=30452, stack(0x0000005d3e400000,0x0000005d3e500000) (1024K)]
  0x000002468a386c10 JavaThread "Thread-6"                   daemon [_thread_in_native, id=37084, stack(0x0000005d3e500000,0x0000005d3e600000) (1024K)]
  0x000002468a385860 JavaThread "Thread-7"                   daemon [_thread_in_native, id=4128, stack(0x0000005d3e600000,0x0000005d3e700000) (1024K)]
  0x000002468a388650 JavaThread "Thread-8"                   daemon [_thread_in_native, id=38796, stack(0x0000005d3e700000,0x0000005d3e800000) (1024K)]
  0x000002468a386580 JavaThread "Thread-9"                   daemon [_thread_in_native, id=13012, stack(0x0000005d3e800000,0x0000005d3e900000) (1024K)]
  0x000002468a385ef0 JavaThread "Thread-10"                  daemon [_thread_in_native, id=23312, stack(0x0000005d3e900000,0x0000005d3ea00000) (1024K)]
  0x000002468a3872a0 JavaThread "Thread-11"                  daemon [_thread_in_native, id=33804, stack(0x0000005d3ea00000,0x0000005d3eb00000) (1024K)]
  0x000002468a387930 JavaThread "Thread-12"                  daemon [_thread_in_native, id=23928, stack(0x0000005d3eb00000,0x0000005d3ec00000) (1024K)]
  0x000002468a387fc0 JavaThread "Thread-13"                  daemon [_thread_in_native, id=33168, stack(0x0000005d3ec00000,0x0000005d3ed00000) (1024K)]
  0x000002468cde0470 JavaThread "pool-2-thread-1"                   [_thread_blocked, id=26224, stack(0x0000005d3ed00000,0x0000005d3ee00000) (1024K)]
  0x000002468cddfde0 JavaThread "WorkspaceEventsHandler"            [_thread_blocked, id=14396, stack(0x0000005d3ee00000,0x0000005d3ef00000) (1024K)]
  0x000002468cddf0c0 JavaThread "pool-1-thread-1"                   [_thread_blocked, id=38140, stack(0x0000005d3ef00000,0x0000005d3f000000) (1024K)]
  0x000002468cdddd10 JavaThread "ForkJoinPool.commonPool-worker-1" daemon [_thread_blocked, id=27032, stack(0x0000005d3d800000,0x0000005d3d900000) (1024K)]
  0x000002468cddea30 JavaThread "ForkJoinPool.commonPool-worker-2" daemon [_thread_blocked, id=31104, stack(0x0000005d3f100000,0x0000005d3f200000) (1024K)]
  0x000002468cddf750 JavaThread "ForkJoinPool.commonPool-worker-3" daemon [_thread_blocked, id=37344, stack(0x0000005d3f200000,0x0000005d3f300000) (1024K)]
  0x000002468cde3f80 JavaThread "ForkJoinPool.commonPool-worker-4" daemon [_thread_blocked, id=28508, stack(0x0000005d3f300000,0x0000005d3f400000) (1024K)]
  0x000002468cde4610 JavaThread "ForkJoinPool.commonPool-worker-5" daemon [_thread_blocked, id=33508, stack(0x0000005d3f400000,0x0000005d3f500000) (1024K)]
  0x000002468cde5330 JavaThread "ForkJoinPool.commonPool-worker-6" daemon [_thread_blocked, id=28492, stack(0x0000005d3b400000,0x0000005d3b500000) (1024K)]
  0x000002468cde3260 JavaThread "ForkJoinPool.commonPool-worker-8" daemon [_thread_blocked, id=35704, stack(0x0000005d3f000000,0x0000005d3f100000) (1024K)]
  0x000002468cde2540 JavaThread "ForkJoinPool.commonPool-worker-9" daemon [_thread_blocked, id=6404, stack(0x0000005d3f500000,0x0000005d3f600000) (1024K)]
  0x000002468dcdb220 JavaThread "ForkJoinPool.commonPool-worker-10" daemon [_thread_blocked, id=12996, stack(0x0000005d3f800000,0x0000005d3f900000) (1024K)]
  0x000002468dcdcc60 JavaThread "ForkJoinPool.commonPool-worker-11" daemon [_thread_blocked, id=33536, stack(0x0000005d3f900000,0x0000005d3fa00000) (1024K)]
  0x000002468dcde010 JavaThread "Cleaner-0"                  daemon [_thread_blocked, id=35912, stack(0x0000005d3fa00000,0x0000005d3fb00000) (1024K)]
  0x000002468dcde6a0 JavaThread "Compiler Source File Reader" daemon [_thread_blocked, id=22912, stack(0x0000005d3f700000,0x0000005d3f800000) (1024K)]
  0x000002468dcdb8b0 JavaThread "Compiler Source File Reader" daemon [_thread_blocked, id=38580, stack(0x0000005d3fc00000,0x0000005d3fd00000) (1024K)]
  0x000002468dcdc5d0 JavaThread "Compiler Source File Reader" daemon [_thread_blocked, id=28680, stack(0x0000005d3b300000,0x0000005d3b400000) (1024K)]
  0x000002468dcdbf40 JavaThread "Compiler Source File Reader" daemon [_thread_blocked, id=34468, stack(0x0000005d3b500000,0x0000005d3b600000) (1024K)]
  0x000002468dcdfa50 JavaThread "Compiler Source File Reader" daemon [_thread_blocked, id=2676, stack(0x0000005d3f600000,0x0000005d3f700000) (1024K)]
  0x000002468dce2840 JavaThread "Compiler Source File Reader" daemon [_thread_blocked, id=37428, stack(0x0000005d3fd00000,0x0000005d3fe00000) (1024K)]
  0x000002468dcded30 JavaThread "Compiler Source File Reader" daemon [_thread_blocked, id=38180, stack(0x0000005d3d700000,0x0000005d3d800000) (1024K)]
  0x000002468dce0770 JavaThread "Compiler Processing Task"   daemon [_thread_blocked, id=12180, stack(0x0000005d3d900000,0x0000005d3da00000) (1024K)]
  0x000002468dce1490 JavaThread "Worker-6"                          [_thread_blocked, id=29964, stack(0x0000005d3dc00000,0x0000005d3dd00000) (1024K)]
  0x000002468dce0e00 JavaThread "Compiler Source File Reader" daemon [_thread_blocked, id=23040, stack(0x0000005d3db00000,0x0000005d3dc00000) (1024K)]
  0x000002468dce21b0 JavaThread "Compiler Source File Reader" daemon [_thread_blocked, id=38812, stack(0x0000005d3df00000,0x0000005d3e000000) (1024K)]
  0x000002468dce1b20 JavaThread "Compiler Source File Reader" daemon [_thread_blocked, id=37988, stack(0x0000005d3dd00000,0x0000005d3de00000) (1024K)]
  0x000002468dce00e0 JavaThread "Worker-7"                          [_thread_blocked, id=20748, stack(0x0000005d3fb00000,0x0000005d3fc00000) (1024K)]
  0x000002468c1d2cd0 JavaThread "C2 CompilerThread1"         daemon [_thread_blocked, id=31588, stack(0x0000005d3de00000,0x0000005d3df00000) (1024K)]
=>0x000002468c1d33a0 JavaThread "C2 CompilerThread2"         daemon [_thread_in_native, id=20108, stack(0x0000005d3fe00000,0x0000005d3ff00000) (1024K)]
Total: 64

Other Threads:
  0x000002462afc4120 VMThread "VM Thread"                           [id=12784, stack(0x0000005d3b900000,0x0000005d3ba00000) (1024K)]
  0x000002462b0a4470 WatcherThread "VM Periodic Task Thread"        [id=16608, stack(0x0000005d3b800000,0x0000005d3b900000) (1024K)]
  0x000002462b056380 WorkerThread "GC Thread#0"                     [id=10436, stack(0x0000005d3b700000,0x0000005d3b800000) (1024K)]
  0x000002468419afd0 WorkerThread "GC Thread#1"                     [id=15204, stack(0x0000005d3c600000,0x0000005d3c700000) (1024K)]
  0x000002468948f9e0 WorkerThread "GC Thread#2"                     [id=20168, stack(0x0000005d3c700000,0x0000005d3c800000) (1024K)]
  0x000002468948fd90 WorkerThread "GC Thread#3"                     [id=26576, stack(0x0000005d3c800000,0x0000005d3c900000) (1024K)]
  0x0000024689490140 WorkerThread "GC Thread#4"                     [id=14732, stack(0x0000005d3c900000,0x0000005d3ca00000) (1024K)]
  0x000002468419b380 WorkerThread "GC Thread#5"                     [id=20424, stack(0x0000005d3ca00000,0x0000005d3cb00000) (1024K)]
  0x000002468419b730 WorkerThread "GC Thread#6"                     [id=21736, stack(0x0000005d3cb00000,0x0000005d3cc00000) (1024K)]
  0x0000024689548d20 WorkerThread "GC Thread#7"                     [id=38236, stack(0x0000005d3c500000,0x0000005d3c600000) (1024K)]
  0x0000024689da3aa0 WorkerThread "GC Thread#8"                     [id=14848, stack(0x0000005d3d100000,0x0000005d3d200000) (1024K)]
  0x0000024689e80030 WorkerThread "GC Thread#9"                     [id=23364, stack(0x0000005d3d200000,0x0000005d3d300000) (1024K)]
Total: 12

Threads with active compile tasks:
C2 CompilerThread2  289770 10475       4       org.eclipse.jdt.internal.compiler.lookup.BinaryTypeBinding::createMethod (1666 bytes)
Total: 1

VM state: not at safepoint (normal execution)

VM Mutex/Monitor currently owned by a thread: None

Heap address: 0x0000000080000000, size: 2048 MB, Compressed Oops mode: 32-bit

CDS archive(s) mapped at: [0x0000024642000000-0x0000024642ba0000-0x0000024642ba0000), size 12189696, SharedBaseAddress: 0x0000024642000000, ArchiveRelocationMode: 1.
Compressed class space mapped at: 0x0000024643000000-0x0000024683000000, reserved size: 1073741824
Narrow klass base: 0x0000024642000000, Narrow klass shift: 0, Narrow klass range: 0x100000000

GC Precious Log:
 CardTable entry size: 512
 CPUs: 12 total, 12 available
 Memory: 15773M
 Large Page Support: Disabled
 NUMA Support: Disabled
 Compressed Oops: Enabled (32-bit)
 Alignments: Space 512K, Generation 512K, Heap 2M
 Heap Min Capacity: 100M
 Heap Initial Capacity: 100M
 Heap Max Capacity: 2G
 Pre-touch: Disabled
 Parallel Workers: 10

Heap:
 PSYoungGen      total 3584K, used 1029K [0x00000000d5580000, 0x00000000d5a00000, 0x0000000100000000)
  eden space 2560K, 30% used [0x00000000d5580000,0x00000000d5645478,0x00000000d5800000)
  from space 1024K, 23% used [0x00000000d5880000,0x00000000d58bc010,0x00000000d5980000)
  to   space 512K, 0% used [0x00000000d5980000,0x00000000d5980000,0x00000000d5a00000)
 ParOldGen       total 623104K, used 622627K [0x0000000080000000, 0x00000000a6080000, 0x00000000d5580000)
  object space 623104K, 99% used [0x0000000080000000,0x00000000a6008f90,0x00000000a6080000)
 Metaspace       used 64281K, committed 65600K, reserved 1114112K
  class space    used 6727K, committed 7296K, reserved 1048576K

Card table byte_map: [0x000002462a9d0000,0x000002462ade0000] _byte_map_base: 0x000002462a5d0000

Marking Bits: (ParMarkBitMap*) 0x00007ffad9123450
 Begin Bits: [0x000002463d4e0000, 0x000002463f4e0000)
 End Bits:   [0x000002463f4e0000, 0x00000246414e0000)

Polling page: 0x0000024628e60000

Metaspace:

Usage:
  Non-class:     56.21 MB used.
      Class:      6.57 MB used.
       Both:     62.78 MB used.

Virtual space:
  Non-class space:       64.00 MB reserved,      56.94 MB ( 89%) committed,  1 nodes.
      Class space:        1.00 GB reserved,       7.12 MB ( <1%) committed,  1 nodes.
             Both:        1.06 GB reserved,      64.06 MB (  6%) committed. 

Chunk freelists:
   Non-Class:  6.79 MB
       Class:  8.82 MB
        Both:  15.61 MB

MaxMetaspaceSize: unlimited
CompressedClassSpaceSize: 1.00 GB
Initial GC threshold: 21.00 MB
Current GC threshold: 97.31 MB
CDS: on
 - commit_granule_bytes: 65536.
 - commit_granule_words: 8192.
 - virtual_space_node_default_size: 8388608.
 - enlarge_chunks_in_place: 1.
 - use_allocation_guard: 0.


Internal statistics:

num_allocs_failed_limit: 9.
num_arena_births: 1054.
num_arena_deaths: 26.
num_vsnodes_births: 2.
num_vsnodes_deaths: 0.
num_space_committed: 1025.
num_space_uncommitted: 0.
num_chunks_returned_to_freelist: 40.
num_chunks_taken_from_freelist: 4016.
num_chunk_merges: 14.
num_chunk_splits: 2492.
num_chunks_enlarged: 1433.
num_inconsistent_stats: 0.

CodeHeap 'non-profiled nmethods': size=120000Kb used=8577Kb max_used=8577Kb free=111422Kb
 bounds [0x0000024635d00000, 0x0000024636570000, 0x000002463d230000]
CodeHeap 'profiled nmethods': size=120000Kb used=21820Kb max_used=21820Kb free=98179Kb
 bounds [0x000002462e230000, 0x000002462f780000, 0x0000024635760000]
CodeHeap 'non-nmethods': size=5760Kb used=1455Kb max_used=1518Kb free=4304Kb
 bounds [0x0000024635760000, 0x00000246359d0000, 0x0000024635d00000]
CodeCache: size=245760Kb, used=31852Kb, max_used=31915Kb, free=213905Kb
 total_blobs=10557, nmethods=9780, adapters=682, full_count=0
Compilation: enabled, stopped_count=0, restarted_count=0

Compilation events (20 events):
Event: 289.548 Thread 0x000002468c1d2cd0 10490       4       org.eclipse.jdt.internal.core.Openable::getPackageFragmentRoot (9 bytes)
Event: 289.548 Thread 0x0000024683e43290 nmethod 10524 0x000002462f77d090 code [0x000002462f77d280, 0x000002462f77daf8]
Event: 289.548 Thread 0x0000024683e43290 10527       3       org.eclipse.jdt.core.dom.MethodBinding::isConstructor (8 bytes)
Event: 289.549 Thread 0x0000024683e43290 nmethod 10527 0x000002462f77dd10 code [0x000002462f77dec0, 0x000002462f77e088]
Event: 289.549 Thread 0x0000024683e43290 10528       3       org.eclipse.jdt.internal.compiler.lookup.ReferenceBinding::binarySearch (103 bytes)
Event: 289.549 Thread 0x0000024683e43290 nmethod 10528 0x000002462f77e190 code [0x000002462f77e380, 0x000002462f77e7b0]
Event: 289.549 Thread 0x0000024683e43290 10529       3       org.eclipse.jdt.internal.junit.launcher.JUnit5TestFinder$Annotation::matchesName (26 bytes)
Event: 289.550 Thread 0x0000024683e43290 nmethod 10529 0x000002462f77e990 code [0x000002462f77eb60, 0x000002462f77ee48]
Event: 289.550 Thread 0x0000024683e43290 10525       3       org.eclipse.jdt.internal.compiler.parser.AbstractCommentParser::setSourceComplianceLevel (61 bytes)
Event: 289.550 Thread 0x0000024683e43290 nmethod 10525 0x000002462f77ef90 code [0x000002462f77f140, 0x000002462f77f2c0]
Event: 289.550 Thread 0x000002468c1d2cd0 nmethod 10490 0x000002463655d210 code [0x000002463655d3a0, 0x000002463655d4b0]
Event: 289.550 Thread 0x0000024683e43290 10530       1       org.eclipse.lsp4j.jsonrpc.messages.ResponseMessage::getError (5 bytes)
Event: 289.550 Thread 0x000002468c1d2cd0 10516       4       org.eclipse.jdt.internal.compiler.lookup.ReferenceBinding::isInterface (15 bytes)
Event: 289.550 Thread 0x0000024683e43290 nmethod 10530 0x000002463655d610 code [0x000002463655d7a0, 0x000002463655d868]
Event: 289.551 Thread 0x000002468c1d2cd0 nmethod 10516 0x000002463655d910 code [0x000002463655daa0, 0x000002463655db38]
Event: 289.551 Thread 0x000002468c1d2cd0 10434       4       org.eclipse.jdt.internal.compiler.parser.Scanner::getNextToken (176 bytes)
Event: 289.561 Thread 0x000002468c1d2cd0 nmethod 10434 0x000002463655dc10 code [0x000002463655de40, 0x000002463655e340]
Event: 289.561 Thread 0x000002468c1d2cd0 10531       4       java.util.concurrent.locks.ReentrantReadWriteLock::readLock (5 bytes)
Event: 289.563 Thread 0x000002468c1d2cd0 nmethod 10531 0x000002463655e790 code [0x000002463655e920, 0x000002463655e9b0]
Event: 289.565 Thread 0x000002462afd8450 nmethod 10509 0x000002463655ea90 code [0x000002463655f160, 0x000002463655fd90]

GC Heap History (20 events):
Event: 287.119 GC heap before
{Heap before GC invocations=503 (full 3):
 PSYoungGen      total 4608K, used 4352K [0x00000000d5580000, 0x00000000d5c80000, 0x0000000100000000)
  eden space 3072K, 100% used [0x00000000d5580000,0x00000000d5880000,0x00000000d5880000)
  from space 1536K, 83% used [0x00000000d5880000,0x00000000d59c0010,0x00000000d5a00000)
  to   space 2048K, 0% used [0x00000000d5a80000,0x00000000d5a80000,0x00000000d5c80000)
 ParOldGen       total 608256K, used 607953K [0x0000000080000000, 0x00000000a5200000, 0x00000000d5580000)
  object space 608256K, 99% used [0x0000000080000000,0x00000000a51b4600,0x00000000a5200000)
 Metaspace       used 63939K, committed 65280K, reserved 1114112K
  class space    used 6691K, committed 7232K, reserved 1048576K
}
Event: 287.122 GC heap after
{Heap after GC invocations=503 (full 3):
 PSYoungGen      total 5120K, used 480K [0x00000000d5580000, 0x00000000d5b80000, 0x0000000100000000)
  eden space 4096K, 0% used [0x00000000d5580000,0x00000000d5580000,0x00000000d5980000)
  from space 1024K, 46% used [0x00000000d5a80000,0x00000000d5af8000,0x00000000d5b80000)
  to   space 1024K, 0% used [0x00000000d5980000,0x00000000d5980000,0x00000000d5a80000)
 ParOldGen       total 609280K, used 609025K [0x0000000080000000, 0x00000000a5300000, 0x00000000d5580000)
  object space 609280K, 99% used [0x0000000080000000,0x00000000a52c0600,0x00000000a5300000)
 Metaspace       used 63939K, committed 65280K, reserved 1114112K
  class space    used 6691K, committed 7232K, reserved 1048576K
}
Event: 289.288 GC heap before
{Heap before GC invocations=504 (full 3):
 PSYoungGen      total 5120K, used 4576K [0x00000000d5580000, 0x00000000d5b80000, 0x0000000100000000)
  eden space 4096K, 100% used [0x00000000d5580000,0x00000000d5980000,0x00000000d5980000)
  from space 1024K, 46% used [0x00000000d5a80000,0x00000000d5af8000,0x00000000d5b80000)
  to   space 1024K, 0% used [0x00000000d5980000,0x00000000d5980000,0x00000000d5a80000)
 ParOldGen       total 609280K, used 609025K [0x0000000080000000, 0x00000000a5300000, 0x00000000d5580000)
  object space 609280K, 99% used [0x0000000080000000,0x00000000a52c0600,0x00000000a5300000)
 Metaspace       used 63959K, committed 65280K, reserved 1114112K
  class space    used 6691K, committed 7232K, reserved 1048576K
}
Event: 289.291 GC heap after
{Heap after GC invocations=504 (full 3):
 PSYoungGen      total 5120K, used 1001K [0x00000000d5580000, 0x00000000d6080000, 0x0000000100000000)
  eden space 4096K, 0% used [0x00000000d5580000,0x00000000d5580000,0x00000000d5980000)
  from space 1024K, 97% used [0x00000000d5980000,0x00000000d5a7a590,0x00000000d5a80000)
  to   space 3584K, 0% used [0x00000000d5d00000,0x00000000d5d00000,0x00000000d6080000)
 ParOldGen       total 611328K, used 611009K [0x0000000080000000, 0x00000000a5500000, 0x00000000d5580000)
  object space 611328K, 99% used [0x0000000080000000,0x00000000a54b0600,0x00000000a5500000)
 Metaspace       used 63959K, committed 65280K, reserved 1114112K
  class space    used 6691K, committed 7232K, reserved 1048576K
}
Event: 289.305 GC heap before
{Heap before GC invocations=505 (full 3):
 PSYoungGen      total 5120K, used 5001K [0x00000000d5580000, 0x00000000d6080000, 0x0000000100000000)
  eden space 4096K, 97% used [0x00000000d5580000,0x00000000d5967e90,0x00000000d5980000)
  from space 1024K, 97% used [0x00000000d5980000,0x00000000d5a7a590,0x00000000d5a80000)
  to   space 3584K, 0% used [0x00000000d5d00000,0x00000000d5d00000,0x00000000d6080000)
 ParOldGen       total 611328K, used 611009K [0x0000000080000000, 0x00000000a5500000, 0x00000000d5580000)
  object space 611328K, 99% used [0x0000000080000000,0x00000000a54b0600,0x00000000a5500000)
 Metaspace       used 63959K, committed 65280K, reserved 1114112K
  class space    used 6691K, committed 7232K, reserved 1048576K
}
Event: 289.308 GC heap after
{Heap after GC invocations=505 (full 3):
 PSYoungGen      total 5632K, used 3584K [0x00000000d5580000, 0x00000000d6480000, 0x0000000100000000)
  eden space 2048K, 0% used [0x00000000d5580000,0x00000000d5580000,0x00000000d5780000)
  from space 3584K, 100% used [0x00000000d5d00000,0x00000000d6080000,0x00000000d6080000)
  to   space 5632K, 0% used [0x00000000d5780000,0x00000000d5780000,0x00000000d5d00000)
 ParOldGen       total 612864K, used 612556K [0x0000000080000000, 0x00000000a5680000, 0x00000000d5580000)
  object space 612864K, 99% used [0x0000000080000000,0x00000000a5633130,0x00000000a5680000)
 Metaspace       used 63959K, committed 65280K, reserved 1114112K
  class space    used 6691K, committed 7232K, reserved 1048576K
}
Event: 289.325 GC heap before
{Heap before GC invocations=506 (full 3):
 PSYoungGen      total 5632K, used 5632K [0x00000000d5580000, 0x00000000d6480000, 0x0000000100000000)
  eden space 2048K, 100% used [0x00000000d5580000,0x00000000d5780000,0x00000000d5780000)
  from space 3584K, 100% used [0x00000000d5d00000,0x00000000d6080000,0x00000000d6080000)
  to   space 5632K, 0% used [0x00000000d5780000,0x00000000d5780000,0x00000000d5d00000)
 ParOldGen       total 612864K, used 612556K [0x0000000080000000, 0x00000000a5680000, 0x00000000d5580000)
  object space 612864K, 99% used [0x0000000080000000,0x00000000a5633130,0x00000000a5680000)
 Metaspace       used 63959K, committed 65280K, reserved 1114112K
  class space    used 6691K, committed 7232K, reserved 1048576K
}
Event: 289.329 GC heap after
{Heap after GC invocations=506 (full 3):
 PSYoungGen      total 4608K, used 2272K [0x00000000d5580000, 0x00000000d5e80000, 0x0000000100000000)
  eden space 2048K, 0% used [0x00000000d5580000,0x00000000d5580000,0x00000000d5780000)
  from space 2560K, 88% used [0x00000000d5780000,0x00000000d59b8200,0x00000000d5a00000)
  to   space 3584K, 0% used [0x00000000d5b00000,0x00000000d5b00000,0x00000000d5e80000)
 ParOldGen       total 615936K, used 615668K [0x0000000080000000, 0x00000000a5980000, 0x00000000d5580000)
  object space 615936K, 99% used [0x0000000080000000,0x00000000a593d130,0x00000000a5980000)
 Metaspace       used 63959K, committed 65280K, reserved 1114112K
  class space    used 6691K, committed 7232K, reserved 1048576K
}
Event: 289.336 GC heap before
{Heap before GC invocations=507 (full 3):
 PSYoungGen      total 4608K, used 4320K [0x00000000d5580000, 0x00000000d5e80000, 0x0000000100000000)
  eden space 2048K, 100% used [0x00000000d5580000,0x00000000d5780000,0x00000000d5780000)
  from space 2560K, 88% used [0x00000000d5780000,0x00000000d59b8200,0x00000000d5a00000)
  to   space 3584K, 0% used [0x00000000d5b00000,0x00000000d5b00000,0x00000000d5e80000)
 ParOldGen       total 615936K, used 615668K [0x0000000080000000, 0x00000000a5980000, 0x00000000d5580000)
  object space 615936K, 99% used [0x0000000080000000,0x00000000a593d130,0x00000000a5980000)
 Metaspace       used 63959K, committed 65280K, reserved 1114112K
  class space    used 6691K, committed 7232K, reserved 1048576K
}
Event: 289.338 GC heap after
{Heap after GC invocations=507 (full 3):
 PSYoungGen      total 5120K, used 2144K [0x00000000d5580000, 0x00000000d5d80000, 0x0000000100000000)
  eden space 2560K, 0% used [0x00000000d5580000,0x00000000d5580000,0x00000000d5800000)
  from space 2560K, 83% used [0x00000000d5b00000,0x00000000d5d18000,0x00000000d5d80000)
  to   space 2560K, 0% used [0x00000000d5880000,0x00000000d5880000,0x00000000d5b00000)
 ParOldGen       total 618496K, used 618045K [0x0000000080000000, 0x00000000a5c00000, 0x00000000d5580000)
  object space 618496K, 99% used [0x0000000080000000,0x00000000a5b8f530,0x00000000a5c00000)
 Metaspace       used 63959K, committed 65280K, reserved 1114112K
  class space    used 6691K, committed 7232K, reserved 1048576K
}
Event: 289.393 GC heap before
{Heap before GC invocations=508 (full 3):
 PSYoungGen      total 5120K, used 4703K [0x00000000d5580000, 0x00000000d5d80000, 0x0000000100000000)
  eden space 2560K, 99% used [0x00000000d5580000,0x00000000d57fffb8,0x00000000d5800000)
  from space 2560K, 83% used [0x00000000d5b00000,0x00000000d5d18000,0x00000000d5d80000)
  to   space 2560K, 0% used [0x00000000d5880000,0x00000000d5880000,0x00000000d5b00000)
 ParOldGen       total 618496K, used 618045K [0x0000000080000000, 0x00000000a5c00000, 0x00000000d5580000)
  object space 618496K, 99% used [0x0000000080000000,0x00000000a5b8f530,0x00000000a5c00000)
 Metaspace       used 64039K, committed 65408K, reserved 1114112K
  class space    used 6701K, committed 7296K, reserved 1048576K
}
Event: 289.397 GC heap after
{Heap after GC invocations=508 (full 3):
 PSYoungGen      total 4096K, used 1072K [0x00000000d5580000, 0x00000000d5b80000, 0x0000000100000000)
  eden space 2560K, 0% used [0x00000000d5580000,0x00000000d5580000,0x00000000d5800000)
  from space 1536K, 69% used [0x00000000d5880000,0x00000000d598c000,0x00000000d5a00000)
  to   space 1536K, 0% used [0x00000000d5a00000,0x00000000d5a00000,0x00000000d5b80000)
 ParOldGen       total 620544K, used 620077K [0x0000000080000000, 0x00000000a5e00000, 0x00000000d5580000)
  object space 620544K, 99% used [0x0000000080000000,0x00000000a5d8b530,0x00000000a5e00000)
 Metaspace       used 64039K, committed 65408K, reserved 1114112K
  class space    used 6701K, committed 7296K, reserved 1048576K
}
Event: 289.436 GC heap before
{Heap before GC invocations=509 (full 3):
 PSYoungGen      total 4096K, used 3632K [0x00000000d5580000, 0x00000000d5b80000, 0x0000000100000000)
  eden space 2560K, 100% used [0x00000000d5580000,0x00000000d5800000,0x00000000d5800000)
  from space 1536K, 69% used [0x00000000d5880000,0x00000000d598c000,0x00000000d5a00000)
  to   space 1536K, 0% used [0x00000000d5a00000,0x00000000d5a00000,0x00000000d5b80000)
 ParOldGen       total 620544K, used 620077K [0x0000000080000000, 0x00000000a5e00000, 0x00000000d5580000)
  object space 620544K, 99% used [0x0000000080000000,0x00000000a5d8b530,0x00000000a5e00000)
 Metaspace       used 64134K, committed 65472K, reserved 1114112K
  class space    used 6717K, committed 7296K, reserved 1048576K
}
Event: 289.438 GC heap after
{Heap after GC invocations=509 (full 3):
 PSYoungGen      total 3072K, used 496K [0x00000000d5580000, 0x00000000d5a80000, 0x0000000100000000)
  eden space 2560K, 0% used [0x00000000d5580000,0x00000000d5580000,0x00000000d5800000)
  from space 512K, 96% used [0x00000000d5a00000,0x00000000d5a7c010,0x00000000d5a80000)
  to   space 1024K, 0% used [0x00000000d5880000,0x00000000d5880000,0x00000000d5980000)
 ParOldGen       total 621056K, used 621037K [0x0000000080000000, 0x00000000a5e80000, 0x00000000d5580000)
  object space 621056K, 99% used [0x0000000080000000,0x00000000a5e7b540,0x00000000a5e80000)
 Metaspace       used 64134K, committed 65472K, reserved 1114112K
  class space    used 6717K, committed 7296K, reserved 1048576K
}
Event: 289.458 GC heap before
{Heap before GC invocations=510 (full 3):
 PSYoungGen      total 3072K, used 3056K [0x00000000d5580000, 0x00000000d5a80000, 0x0000000100000000)
  eden space 2560K, 100% used [0x00000000d5580000,0x00000000d5800000,0x00000000d5800000)
  from space 512K, 96% used [0x00000000d5a00000,0x00000000d5a7c010,0x00000000d5a80000)
  to   space 1024K, 0% used [0x00000000d5880000,0x00000000d5880000,0x00000000d5980000)
 ParOldGen       total 621056K, used 621037K [0x0000000080000000, 0x00000000a5e80000, 0x00000000d5580000)
  object space 621056K, 99% used [0x0000000080000000,0x00000000a5e7b540,0x00000000a5e80000)
 Metaspace       used 64182K, committed 65472K, reserved 1114112K
  class space    used 6721K, committed 7296K, reserved 1048576K
}
Event: 289.460 GC heap after
{Heap after GC invocations=510 (full 3):
 PSYoungGen      total 3584K, used 736K [0x00000000d5580000, 0x00000000d5a80000, 0x0000000100000000)
  eden space 2560K, 0% used [0x00000000d5580000,0x00000000d5580000,0x00000000d5800000)
  from space 1024K, 71% used [0x00000000d5880000,0x00000000d5938000,0x00000000d5980000)
  to   space 1024K, 0% used [0x00000000d5980000,0x00000000d5980000,0x00000000d5a80000)
 ParOldGen       total 621568K, used 621413K [0x0000000080000000, 0x00000000a5f00000, 0x00000000d5580000)
  object space 621568K, 99% used [0x0000000080000000,0x00000000a5ed9540,0x00000000a5f00000)
 Metaspace       used 64182K, committed 65472K, reserved 1114112K
  class space    used 6721K, committed 7296K, reserved 1048576K
}
Event: 289.486 GC heap before
{Heap before GC invocations=511 (full 3):
 PSYoungGen      total 3584K, used 3290K [0x00000000d5580000, 0x00000000d5a80000, 0x0000000100000000)
  eden space 2560K, 99% used [0x00000000d5580000,0x00000000d57fe860,0x00000000d5800000)
  from space 1024K, 71% used [0x00000000d5880000,0x00000000d5938000,0x00000000d5980000)
  to   space 1024K, 0% used [0x00000000d5980000,0x00000000d5980000,0x00000000d5a80000)
 ParOldGen       total 621568K, used 621413K [0x0000000080000000, 0x00000000a5f00000, 0x00000000d5580000)
  object space 621568K, 99% used [0x0000000080000000,0x00000000a5ed9540,0x00000000a5f00000)
 Metaspace       used 64228K, committed 65536K, reserved 1114112K
  class space    used 6725K, committed 7296K, reserved 1048576K
}
Event: 289.489 GC heap after
{Heap after GC invocations=511 (full 3):
 PSYoungGen      total 3584K, used 800K [0x00000000d5580000, 0x00000000d5a80000, 0x0000000100000000)
  eden space 2560K, 0% used [0x00000000d5580000,0x00000000d5580000,0x00000000d5800000)
  from space 1024K, 78% used [0x00000000d5980000,0x00000000d5a48000,0x00000000d5a80000)
  to   space 1024K, 0% used [0x00000000d5880000,0x00000000d5880000,0x00000000d5980000)
 ParOldGen       total 622080K, used 622003K [0x0000000080000000, 0x00000000a5f80000, 0x00000000d5580000)
  object space 622080K, 99% used [0x0000000080000000,0x00000000a5f6cf90,0x00000000a5f80000)
 Metaspace       used 64228K, committed 65536K, reserved 1114112K
  class space    used 6725K, committed 7296K, reserved 1048576K
}
Event: 289.536 GC heap before
{Heap before GC invocations=512 (full 3):
 PSYoungGen      total 3584K, used 3360K [0x00000000d5580000, 0x00000000d5a80000, 0x0000000100000000)
  eden space 2560K, 100% used [0x00000000d5580000,0x00000000d5800000,0x00000000d5800000)
  from space 1024K, 78% used [0x00000000d5980000,0x00000000d5a48000,0x00000000d5a80000)
  to   space 1024K, 0% used [0x00000000d5880000,0x00000000d5880000,0x00000000d5980000)
 ParOldGen       total 622080K, used 622003K [0x0000000080000000, 0x00000000a5f80000, 0x00000000d5580000)
  object space 622080K, 99% used [0x0000000080000000,0x00000000a5f6cf90,0x00000000a5f80000)
 Metaspace       used 64270K, committed 65600K, reserved 1114112K
  class space    used 6727K, committed 7296K, reserved 1048576K
}
Event: 289.539 GC heap after
{Heap after GC invocations=512 (full 3):
 PSYoungGen      total 3584K, used 240K [0x00000000d5580000, 0x00000000d5a00000, 0x0000000100000000)
  eden space 2560K, 0% used [0x00000000d5580000,0x00000000d5580000,0x00000000d5800000)
  from space 1024K, 23% used [0x00000000d5880000,0x00000000d58bc010,0x00000000d5980000)
  to   space 512K, 0% used [0x00000000d5980000,0x00000000d5980000,0x00000000d5a00000)
 ParOldGen       total 623104K, used 622627K [0x0000000080000000, 0x00000000a6080000, 0x00000000d5580000)
  object space 623104K, 99% used [0x0000000080000000,0x00000000a6008f90,0x00000000a6080000)
 Metaspace       used 64270K, committed 65600K, reserved 1114112K
  class space    used 6727K, committed 7296K, reserved 1048576K
}

Dll operation events (10 events):
Event: 0.023 Loaded shared library c:\Users\Aritra Mandal\.vscode\extensions\redhat.java-1.54.0-win32-x64\jre\21.0.10-win32-x86_64\bin\java.dll
Event: 0.140 Loaded shared library c:\Users\Aritra Mandal\.vscode\extensions\redhat.java-1.54.0-win32-x64\jre\21.0.10-win32-x86_64\bin\zip.dll
Event: 0.191 Loaded shared library C:\Users\Aritra Mandal\.vscode\extensions\redhat.java-1.54.0-win32-x64\jre\21.0.10-win32-x86_64\bin\instrument.dll
Event: 0.200 Loaded shared library C:\Users\Aritra Mandal\.vscode\extensions\redhat.java-1.54.0-win32-x64\jre\21.0.10-win32-x86_64\bin\net.dll
Event: 0.204 Loaded shared library C:\Users\Aritra Mandal\.vscode\extensions\redhat.java-1.54.0-win32-x64\jre\21.0.10-win32-x86_64\bin\nio.dll
Event: 0.210 Loaded shared library C:\Users\Aritra Mandal\.vscode\extensions\redhat.java-1.54.0-win32-x64\jre\21.0.10-win32-x86_64\bin\zip.dll
Event: 0.240 Loaded shared library C:\Users\Aritra Mandal\.vscode\extensions\redhat.java-1.54.0-win32-x64\jre\21.0.10-win32-x86_64\bin\jimage.dll
Event: 0.406 Loaded shared library c:\Users\Aritra Mandal\.vscode\extensions\redhat.java-1.54.0-win32-x64\jre\21.0.10-win32-x86_64\bin\verify.dll
Event: 3.615 Loaded shared library C:\Users\Aritra Mandal\AppData\Roaming\Code\User\globalStorage\redhat.java\1.54.0\config_win\org.eclipse.equinox.launcher\org.eclipse.equinox.launcher.win32.win32.x86_64_1.3.0.v20260203-2149\eclipse_11919.dll
Event: 7.647 Loaded shared library C:\Users\Aritra Mandal\AppData\Local\Temp\jna-1207388522\jna17045424765172671673.dll

Deoptimization events (20 events):
Event: 289.461 Thread 0x000002468dce0770 DEOPT PACKING pc=0x00000246364234c4 sp=0x0000005d3d9fd550
Event: 289.462 Thread 0x000002468dce0770 DEOPT UNPACKING pc=0x00000246357b3aa2 sp=0x0000005d3d9fd4e8 mode 2
Event: 289.462 Thread 0x000002468cddea30 Uncommon trap: trap_request=0xffffff45 fr.pc=0x0000024636537524 relative=0x00000000000069a4
Event: 289.462 Thread 0x000002468cddea30 Uncommon trap: reason=unstable_if action=reinterpret pc=0x0000024636537524 method=org.eclipse.jdt.internal.compiler.lookup.TypeBinding.hasTypeAnnotations()Z @ 10 c2
Event: 289.462 Thread 0x000002468cddea30 DEOPT PACKING pc=0x0000024636537524 sp=0x0000005d3f1fcfe0
Event: 289.462 Thread 0x000002468cddea30 DEOPT UNPACKING pc=0x00000246357b3aa2 sp=0x0000005d3f1fcca8 mode 2
Event: 289.464 Thread 0x000002468dce0770 Uncommon trap: trap_request=0xffffff45 fr.pc=0x00000246364c6810 relative=0x0000000000000130
Event: 289.464 Thread 0x000002468dce0770 Uncommon trap: reason=unstable_if action=reinterpret pc=0x00000246364c6810 method=org.eclipse.jdt.internal.compiler.lookup.LookupEnvironment.convertUnresolvedBinaryToRawType(Lorg/eclipse/jdt/internal/compiler/lookup/TypeBinding;)Lorg/eclipse/jdt/internal/
Event: 289.464 Thread 0x000002468dce0770 DEOPT PACKING pc=0x00000246364c6810 sp=0x0000005d3d9fdfd0
Event: 289.464 Thread 0x000002468dce0770 DEOPT UNPACKING pc=0x00000246357b3aa2 sp=0x0000005d3d9fdf50 mode 2
Event: 289.465 Thread 0x000002468cddea30 DEOPT PACKING pc=0x000002462ee62726 sp=0x0000005d3f1fca00
Event: 289.465 Thread 0x000002468cddea30 DEOPT UNPACKING pc=0x00000246357b4242 sp=0x0000005d3f1fbef0 mode 0
Event: 289.472 Thread 0x000002468cddea30 Uncommon trap: trap_request=0xffffff45 fr.pc=0x0000024636327a6c relative=0x00000000000000ac
Event: 289.472 Thread 0x000002468cddea30 Uncommon trap: reason=unstable_if action=reinterpret pc=0x0000024636327a6c method=org.eclipse.jdt.core.Signature.appendTypeSignature([CIZLjava/lang/StringBuilder;Z)I @ 197 c2
Event: 289.472 Thread 0x000002468cddea30 DEOPT PACKING pc=0x0000024636327a6c sp=0x0000005d3f1fc910
Event: 289.472 Thread 0x000002468cddea30 DEOPT UNPACKING pc=0x00000246357b3aa2 sp=0x0000005d3f1fc888 mode 2
Event: 289.523 Thread 0x000002468cddea30 Uncommon trap: trap_request=0xffffff6e fr.pc=0x0000024636556320 relative=0x00000000000001e0
Event: 289.523 Thread 0x000002468cddea30 Uncommon trap: reason=loop_limit_check action=maybe_recompile pc=0x0000024636556320 method=org.eclipse.jdt.internal.compiler.parser.diagnose.LexStream.token(I)Lorg/eclipse/jdt/internal/compiler/parser/diagnose/LexStream$Token; @ 84 c2
Event: 289.523 Thread 0x000002468cddea30 DEOPT PACKING pc=0x0000024636556320 sp=0x0000005d3f1fdf80
Event: 289.523 Thread 0x000002468cddea30 DEOPT UNPACKING pc=0x00000246357b3aa2 sp=0x0000005d3f1fdf10 mode 2

Classes loaded (20 events):
Event: 33.204 Loading class sun/util/cldr/CLDRBaseLocaleDataMetaInfo$TZCanonicalIDMapHolder
Event: 33.206 Loading class sun/util/cldr/CLDRBaseLocaleDataMetaInfo$TZCanonicalIDMapHolder done
Event: 33.208 Loading class sun/util/resources/TimeZoneNames
Event: 33.210 Loading class sun/util/resources/TimeZoneNames done
Event: 33.210 Loading class sun/util/resources/TimeZoneNames_en
Event: 33.210 Loading class sun/util/resources/TimeZoneNames_en done
Event: 44.298 Loading class java/util/stream/DistinctOps
Event: 44.298 Loading class java/util/stream/DistinctOps done
Event: 44.298 Loading class java/util/stream/DistinctOps$1
Event: 44.298 Loading class java/util/stream/DistinctOps$1 done
Event: 44.302 Loading class java/util/stream/DistinctOps$1$2
Event: 44.303 Loading class java/util/stream/DistinctOps$1$2 done
Event: 44.700 Loading class java/util/zip/CheckedInputStream
Event: 44.700 Loading class java/util/zip/CheckedInputStream done
Event: 55.270 Loading class java/nio/file/Files$2
Event: 55.270 Loading class java/nio/file/Files$2 done
Event: 55.274 Loading class java/util/concurrent/ArrayBlockingQueue
Event: 55.274 Loading class java/util/concurrent/ArrayBlockingQueue done
Event: 56.752 Loading class sun/nio/ch/ChannelOutputStream
Event: 56.752 Loading class sun/nio/ch/ChannelOutputStream done

Classes unloaded (13 events):
Event: 8.735 Thread 0x000002462afc4120 Unloading class 0x00000246431a9400 'java/lang/invoke/LambdaForm$MH+0x00000246431a9400'
Event: 8.735 Thread 0x000002462afc4120 Unloading class 0x00000246431a9000 'java/lang/invoke/LambdaForm$MH+0x00000246431a9000'
Event: 8.735 Thread 0x000002462afc4120 Unloading class 0x00000246431a8c00 'java/lang/invoke/LambdaForm$MH+0x00000246431a8c00'
Event: 8.735 Thread 0x000002462afc4120 Unloading class 0x00000246431a8800 'java/lang/invoke/LambdaForm$MH+0x00000246431a8800'
Event: 8.735 Thread 0x000002462afc4120 Unloading class 0x00000246431a8400 'java/lang/invoke/LambdaForm$BMH+0x00000246431a8400'
Event: 8.735 Thread 0x000002462afc4120 Unloading class 0x00000246431a8000 'java/lang/invoke/LambdaForm$DMH+0x00000246431a8000'
Event: 8.735 Thread 0x000002462afc4120 Unloading class 0x00000246431a6c00 'java/lang/invoke/LambdaForm$DMH+0x00000246431a6c00'
Event: 10.755 Thread 0x000002462afc4120 Unloading class 0x000002464330f000 'java/lang/invoke/LambdaForm$MH+0x000002464330f000'
Event: 10.755 Thread 0x000002462afc4120 Unloading class 0x000002464330e400 'java/lang/invoke/LambdaForm$MH+0x000002464330e400'
Event: 10.755 Thread 0x000002462afc4120 Unloading class 0x000002464330dc00 'java/lang/invoke/LambdaForm$MH+0x000002464330dc00'
Event: 10.755 Thread 0x000002462afc4120 Unloading class 0x000002464330d400 'java/lang/invoke/LambdaForm$MH+0x000002464330d400'
Event: 10.755 Thread 0x000002462afc4120 Unloading class 0x000002464330d000 'java/lang/invoke/LambdaForm$DMH+0x000002464330d000'
Event: 10.755 Thread 0x000002462afc4120 Unloading class 0x000002464330c400 'java/lang/invoke/LambdaForm$MH+0x000002464330c400'

Classes redefined (0 events):
No events

Internal exceptions (20 events):
Event: 193.994 Thread 0x000002468a3844b0 Exception <a 'sun/nio/fs/WindowsException'{0x00000000d56a5ea0}> (0x00000000d56a5ea0) 
thrown [s\src\hotspot\share\prims\jni.cpp, line 520]
Event: 211.753 Thread 0x000002468a3844b0 Exception <a 'sun/nio/fs/WindowsException'{0x00000000d56e05a0}> (0x00000000d56e05a0) 
thrown [s\src\hotspot\share\prims\jni.cpp, line 520]
Event: 211.899 Thread 0x000002468a3844b0 Exception <a 'sun/nio/fs/WindowsException'{0x00000000d5612db8}> (0x00000000d5612db8) 
thrown [s\src\hotspot\share\prims\jni.cpp, line 520]
Event: 213.043 Thread 0x000002468a3844b0 Exception <a 'sun/nio/fs/WindowsException'{0x00000000d5691af0}> (0x00000000d5691af0) 
thrown [s\src\hotspot\share\prims\jni.cpp, line 520]
Event: 213.147 Thread 0x000002468a3844b0 Exception <a 'sun/nio/fs/WindowsException'{0x00000000d55e0500}> (0x00000000d55e0500) 
thrown [s\src\hotspot\share\prims\jni.cpp, line 520]
Event: 216.816 Thread 0x000002468a3844b0 Exception <a 'sun/nio/fs/WindowsException'{0x00000000d56a58a0}> (0x00000000d56a58a0) 
thrown [s\src\hotspot\share\prims\jni.cpp, line 520]
Event: 216.902 Thread 0x000002468a3844b0 Exception <a 'sun/nio/fs/WindowsException'{0x00000000d55a0cf0}> (0x00000000d55a0cf0) 
thrown [s\src\hotspot\share\prims\jni.cpp, line 520]
Event: 224.482 Thread 0x000002468a3844b0 Exception <a 'sun/nio/fs/WindowsException'{0x00000000d56815b8}> (0x00000000d56815b8) 
thrown [s\src\hotspot\share\prims\jni.cpp, line 520]
Event: 224.556 Thread 0x000002468a3844b0 Exception <a 'sun/nio/fs/WindowsException'{0x00000000d5628630}> (0x00000000d5628630) 
thrown [s\src\hotspot\share\prims\jni.cpp, line 520]
Event: 229.575 Thread 0x000002468a3844b0 Exception <a 'sun/nio/fs/WindowsException'{0x00000000d577d630}> (0x00000000d577d630) 
thrown [s\src\hotspot\share\prims\jni.cpp, line 520]
Event: 229.654 Thread 0x000002468a3844b0 Exception <a 'sun/nio/fs/WindowsException'{0x00000000d55de6d8}> (0x00000000d55de6d8) 
thrown [s\src\hotspot\share\prims\jni.cpp, line 520]
Event: 231.814 Thread 0x000002468a3844b0 Exception <a 'sun/nio/fs/WindowsException'{0x00000000d5796880}> (0x00000000d5796880) 
thrown [s\src\hotspot\share\prims\jni.cpp, line 520]
Event: 231.880 Thread 0x000002468a3844b0 Exception <a 'sun/nio/fs/WindowsException'{0x00000000d569b8d0}> (0x00000000d569b8d0) 
thrown [s\src\hotspot\share\prims\jni.cpp, line 520]
Event: 284.826 Thread 0x000002468a3844b0 Exception <a 'sun/nio/fs/WindowsException'{0x00000000d58f8060}> (0x00000000d58f8060) 
thrown [s\src\hotspot\share\prims\jni.cpp, line 520]
Event: 284.962 Thread 0x000002468a3844b0 Exception <a 'sun/nio/fs/WindowsException'{0x00000000d55deda0}> (0x00000000d55deda0) 
thrown [s\src\hotspot\share\prims\jni.cpp, line 520]
Event: 287.006 Thread 0x000002468a3844b0 Exception <a 'sun/nio/fs/WindowsException'{0x00000000d565a6d8}> (0x00000000d565a6d8) 
thrown [s\src\hotspot\share\prims\jni.cpp, line 520]
Event: 287.093 Thread 0x000002468a3844b0 Exception <a 'sun/nio/fs/WindowsException'{0x00000000d56d2e10}> (0x00000000d56d2e10) 
thrown [s\src\hotspot\share\prims\jni.cpp, line 520]
Event: 289.279 Thread 0x000002468a3844b0 Exception <a 'sun/nio/fs/WindowsException'{0x00000000d569d270}> (0x00000000d569d270) 
thrown [s\src\hotspot\share\prims\jni.cpp, line 520]
Event: 289.364 Thread 0x000002468a3844b0 Exception <a 'sun/nio/fs/WindowsException'{0x00000000d5697140}> (0x00000000d5697140) 
thrown [s\src\hotspot\share\prims\jni.cpp, line 520]
Event: 289.374 Thread 0x00000246893c8240 Exception <a 'java/lang/LinkageError'{0x00000000d573a220}: loader lombok.launch.ShadowClassLoader @83ae08f attempted duplicate class definition for lombok.launch.PatchFixesHider$ValPortal. (lombok.launch.PatchFixesHider$ValPortal is in unnamed module of loader lombok.launch.ShadowClassLoader @83ae08f, parent loader org.eclipse.osgi.internal.loader.EquinoxClassLoader @56e1054f)> (0x00000000d573a220) 
thrown [s\src\hotspot\share\classfile\systemDictionary.cpp, line 1672]

ZGC Phase Switch (0 events):
No events

VM Operations (20 events):
Event: 289.325 Executing safepoint VM operation: ParallelGCFailedAllocation (Allocation Failure)
Event: 289.329 Executing safepoint VM operation: ParallelGCFailedAllocation (Allocation Failure) done
Event: 289.336 Executing safepoint VM operation: ParallelGCFailedAllocation (Allocation Failure)
Event: 289.339 Executing safepoint VM operation: ParallelGCFailedAllocation (Allocation Failure) done
Event: 289.367 Executing non-safepoint VM operation: HandshakeAllThreads (Deoptimize)
Event: 289.367 Executing non-safepoint VM operation: HandshakeAllThreads (Deoptimize) done
Event: 289.369 Executing non-safepoint VM operation: HandshakeAllThreads (Deoptimize)
Event: 289.369 Executing non-safepoint VM operation: HandshakeAllThreads (Deoptimize) done
Event: 289.393 Executing safepoint VM operation: ParallelGCFailedAllocation (Allocation Failure)
Event: 289.397 Executing safepoint VM operation: ParallelGCFailedAllocation (Allocation Failure) done
Event: 289.436 Executing safepoint VM operation: ParallelGCFailedAllocation (Allocation Failure)
Event: 289.438 Executing safepoint VM operation: ParallelGCFailedAllocation (Allocation Failure) done
Event: 289.453 Executing non-safepoint VM operation: HandshakeAllThreads (Deoptimize)
Event: 289.453 Executing non-safepoint VM operation: HandshakeAllThreads (Deoptimize) done
Event: 289.458 Executing safepoint VM operation: ParallelGCFailedAllocation (Allocation Failure)
Event: 289.460 Executing safepoint VM operation: ParallelGCFailedAllocation (Allocation Failure) done
Event: 289.486 Executing safepoint VM operation: ParallelGCFailedAllocation (Allocation Failure)
Event: 289.489 Executing safepoint VM operation: ParallelGCFailedAllocation (Allocation Failure) done
Event: 289.536 Executing safepoint VM operation: ParallelGCFailedAllocation (Allocation Failure)
Event: 289.539 Executing safepoint VM operation: ParallelGCFailedAllocation (Allocation Failure) done

Memory protections (0 events):
No events

Nmethod flushes (20 events):
Event: 23.330 Thread 0x000002462afc4120 flushing  nmethod 0x000002462eac8710
Event: 23.330 Thread 0x000002462afc4120 flushing  nmethod 0x000002462eaca510
Event: 23.330 Thread 0x000002462afc4120 flushing  nmethod 0x000002462ead7610
Event: 23.330 Thread 0x000002462afc4120 flushing  nmethod 0x000002462eadd990
Event: 23.330 Thread 0x000002462afc4120 flushing  nmethod 0x000002462eb13010
Event: 23.330 Thread 0x000002462afc4120 flushing  nmethod 0x000002462eb32610
Event: 23.330 Thread 0x000002462afc4120 flushing  nmethod 0x000002462eb45a90
Event: 23.330 Thread 0x000002462afc4120 flushing  nmethod 0x000002462eb46f10
Event: 23.330 Thread 0x000002462afc4120 flushing  nmethod 0x000002462eb47a90
Event: 23.330 Thread 0x000002462afc4120 flushing  nmethod 0x000002462eb4a590
Event: 23.330 Thread 0x000002462afc4120 flushing  nmethod 0x000002462eb4a990
Event: 23.330 Thread 0x000002462afc4120 flushing  nmethod 0x000002462eb4ad10
Event: 23.330 Thread 0x000002462afc4120 flushing  nmethod 0x000002462eb4d290
Event: 23.330 Thread 0x000002462afc4120 flushing  nmethod 0x000002462eb4d710
Event: 23.330 Thread 0x000002462afc4120 flushing  nmethod 0x000002462eb4dd10
Event: 23.330 Thread 0x000002462afc4120 flushing  nmethod 0x000002462eb4e110
Event: 23.330 Thread 0x000002462afc4120 flushing  nmethod 0x000002462eb4f690
Event: 23.330 Thread 0x000002462afc4120 flushing  nmethod 0x000002462eb7f110
Event: 23.330 Thread 0x000002462afc4120 flushing  nmethod 0x000002462eb80310
Event: 23.330 Thread 0x000002462afc4120 flushing  nmethod 0x000002462eb81290

Events (20 events):
Event: 165.631 Thread 0x00000246893c8240 Thread added: 0x000002468dce1490
Event: 170.678 Thread 0x000002468c1d0ac0 Thread exited: 0x000002468c1d0ac0
Event: 175.430 Thread 0x00000246893c8240 Thread added: 0x000002468dce0e00
Event: 176.451 Thread 0x0000024683e43290 Thread added: 0x000002468c1d03f0
Event: 176.515 Thread 0x000002468a383e20 Thread added: 0x000002468dce21b0
Event: 176.855 Thread 0x000002468c1d03f0 Thread exited: 0x000002468c1d03f0
Event: 193.973 Thread 0x000002468dce1490 Thread added: 0x000002468dce1b20
Event: 194.923 Thread 0x000002468a383e20 Thread added: 0x000002468dce00e0
Event: 195.043 Thread 0x0000024683e43290 Thread added: 0x000002468c1d1f30
Event: 195.064 Thread 0x0000024683e43290 Thread added: 0x000002468c1d0ac0
Event: 200.098 Thread 0x000002468c1d0ac0 Thread exited: 0x000002468c1d0ac0
Event: 200.428 Thread 0x000002468c1d1f30 Thread exited: 0x000002468c1d1f30
Event: 213.176 Thread 0x0000024683e43290 Thread added: 0x000002468c1d0ac0
Event: 216.790 Thread 0x000002468c1d0ac0 Thread exited: 0x000002468c1d0ac0
Event: 224.579 Thread 0x0000024683e43290 Thread added: 0x000002468c1d03f0
Event: 229.553 Thread 0x000002468c1d03f0 Thread exited: 0x000002468c1d03f0
Event: 231.912 Thread 0x0000024683e43290 Thread added: 0x000002468c1d2cd0
Event: 232.385 Thread 0x000002468c1d2cd0 Thread exited: 0x000002468c1d2cd0
Event: 289.455 Thread 0x0000024683e43290 Thread added: 0x000002468c1d2cd0
Event: 289.470 Thread 0x0000024683e43290 Thread added: 0x000002468c1d33a0


Dynamic libraries:
0x00007ff7edb90000 - 0x00007ff7edb9e000 	c:\Users\Aritra Mandal\.vscode\extensions\redhat.java-1.54.0-win32-x64\jre\21.0.10-win32-x86_64\bin\java.exe
0x00007ffbeb6c0000 - 0x00007ffbeb926000 	C:\WINDOWS\SYSTEM32\ntdll.dll
0x00007ffbead80000 - 0x00007ffbeae49000 	C:\WINDOWS\System32\KERNEL32.DLL
0x00007ffbe8980000 - 0x00007ffbe8d7a000 	C:\WINDOWS\System32\KERNELBASE.dll
0x00007ffbe5660000 - 0x00007ffbe5700000 	C:\WINDOWS\SYSTEM32\apphelp.dll
0x00007ffbe8f70000 - 0x00007ffbe90bc000 	C:\WINDOWS\System32\ucrtbase.dll
0x00007ffbbc330000 - 0x00007ffbbc348000 	c:\Users\Aritra Mandal\.vscode\extensions\redhat.java-1.54.0-win32-x64\jre\21.0.10-win32-x86_64\bin\jli.dll
0x00007ffbaf530000 - 0x00007ffbaf54e000 	c:\Users\Aritra Mandal\.vscode\extensions\redhat.java-1.54.0-win32-x64\jre\21.0.10-win32-x86_64\bin\VCRUNTIME140.dll
0x00007ffbeb4b0000 - 0x00007ffbeb677000 	C:\WINDOWS\System32\USER32.dll
0x00007ffbd6210000 - 0x00007ffbd64a2000 	C:\WINDOWS\WinSxS\amd64_microsoft.windows.common-controls_6595b64144ccf1df_6.0.26100.8521_none_3e08b75ce33403b3\COMCTL32.dll
0x00007ffbeae50000 - 0x00007ffbeaef9000 	C:\WINDOWS\System32\msvcrt.dll
0x00007ffbe8950000 - 0x00007ffbe8977000 	C:\WINDOWS\System32\win32u.dll
0x00007ffbeaf90000 - 0x00007ffbeafbb000 	C:\WINDOWS\System32\GDI32.dll
0x00007ffbe90c0000 - 0x00007ffbe91eb000 	C:\WINDOWS\System32\gdi32full.dll
0x00007ffbe8ec0000 - 0x00007ffbe8f63000 	C:\WINDOWS\System32\msvcp_win.dll
0x00007ffbea740000 - 0x00007ffbea772000 	C:\WINDOWS\System32\IMM32.DLL
0x00007ffbcf660000 - 0x00007ffbcf66c000 	c:\Users\Aritra Mandal\.vscode\extensions\redhat.java-1.54.0-win32-x64\jre\21.0.10-win32-x86_64\bin\vcruntime140_1.dll
0x00007ffb54650000 - 0x00007ffb546dd000 	c:\Users\Aritra Mandal\.vscode\extensions\redhat.java-1.54.0-win32-x64\jre\21.0.10-win32-x86_64\bin\msvcp140.dll
0x00007ffad8460000 - 0x00007ffad9201000 	c:\Users\Aritra Mandal\.vscode\extensions\redhat.java-1.54.0-win32-x64\jre\21.0.10-win32-x86_64\bin\server\jvm.dll
0x00007ffbea560000 - 0x00007ffbea616000 	C:\WINDOWS\System32\ADVAPI32.dll
0x00007ffbe94d0000 - 0x00007ffbe957a000 	C:\WINDOWS\System32\sechost.dll
0x00007ffbea620000 - 0x00007ffbea738000 	C:\WINDOWS\System32\RPCRT4.dll
0x00007ffbeaf00000 - 0x00007ffbeaf80000 	C:\WINDOWS\System32\WS2_32.dll
0x00007ffbe87b0000 - 0x00007ffbe880e000 	C:\WINDOWS\SYSTEM32\POWRPROF.dll
0x00007ffbe0930000 - 0x00007ffbe0966000 	C:\WINDOWS\SYSTEM32\WINMM.dll
0x00007ffbe0970000 - 0x00007ffbe097b000 	C:\WINDOWS\SYSTEM32\VERSION.dll
0x00007ffbe8790000 - 0x00007ffbe87a4000 	C:\WINDOWS\SYSTEM32\UMPDC.dll
0x00007ffbe7660000 - 0x00007ffbe767b000 	C:\WINDOWS\SYSTEM32\kernel.appcore.dll
0x00007ffbcf5d0000 - 0x00007ffbcf5da000 	c:\Users\Aritra Mandal\.vscode\extensions\redhat.java-1.54.0-win32-x64\jre\21.0.10-win32-x86_64\bin\jimage.dll
0x00007ffbe61e0000 - 0x00007ffbe6422000 	C:\WINDOWS\SYSTEM32\DBGHELP.DLL
0x00007ffbea780000 - 0x00007ffbeab03000 	C:\WINDOWS\System32\combase.dll
0x00007ffbe9a10000 - 0x00007ffbe9ae9000 	C:\WINDOWS\System32\OLEAUT32.dll
0x00007ffbb86d0000 - 0x00007ffbb870b000 	C:\WINDOWS\SYSTEM32\dbgcore.DLL
0x00007ffbe8d80000 - 0x00007ffbe8e28000 	C:\WINDOWS\System32\bcryptPrimitives.dll
0x00007ffbcf4e0000 - 0x00007ffbcf4ef000 	c:\Users\Aritra Mandal\.vscode\extensions\redhat.java-1.54.0-win32-x64\jre\21.0.10-win32-x86_64\bin\instrument.dll
0x00007ffbae4e0000 - 0x00007ffbae500000 	c:\Users\Aritra Mandal\.vscode\extensions\redhat.java-1.54.0-win32-x64\jre\21.0.10-win32-x86_64\bin\java.dll
0x00007ffbe9d80000 - 0x00007ffbea504000 	C:\WINDOWS\System32\SHELL32.dll
0x00007ffbe64d0000 - 0x00007ffbe6d50000 	C:\WINDOWS\SYSTEM32\windows.storage.dll
0x00007ffbeac80000 - 0x00007ffbead76000 	C:\WINDOWS\System32\SHCORE.dll
0x00007ffbe9b70000 - 0x00007ffbe9bd7000 	C:\WINDOWS\System32\shlwapi.dll
0x00007ffbe8870000 - 0x00007ffbe8899000 	C:\WINDOWS\SYSTEM32\profapi.dll
0x00007ffbaec90000 - 0x00007ffbaeca8000 	c:\Users\Aritra Mandal\.vscode\extensions\redhat.java-1.54.0-win32-x64\jre\21.0.10-win32-x86_64\bin\zip.dll
0x00007ffbce1d0000 - 0x00007ffbce1e0000 	C:\Users\Aritra Mandal\.vscode\extensions\redhat.java-1.54.0-win32-x64\jre\21.0.10-win32-x86_64\bin\net.dll
0x00007ffbde5e0000 - 0x00007ffbde709000 	C:\WINDOWS\SYSTEM32\WINHTTP.dll
0x00007ffbe7c50000 - 0x00007ffbe7cbc000 	C:\WINDOWS\system32\mswsock.dll
0x00007ffbaded0000 - 0x00007ffbadee6000 	C:\Users\Aritra Mandal\.vscode\extensions\redhat.java-1.54.0-win32-x64\jre\21.0.10-win32-x86_64\bin\nio.dll
0x00007ffbccc40000 - 0x00007ffbccc50000 	c:\Users\Aritra Mandal\.vscode\extensions\redhat.java-1.54.0-win32-x64\jre\21.0.10-win32-x86_64\bin\verify.dll
0x00007ffb52e10000 - 0x00007ffb52e55000 	C:\Users\Aritra Mandal\AppData\Roaming\Code\User\globalStorage\redhat.java\1.54.0\config_win\org.eclipse.equinox.launcher\org.eclipse.equinox.launcher.win32.win32.x86_64_1.3.0.v20260203-2149\eclipse_11919.dll
0x00007ffbe9be0000 - 0x00007ffbe9d78000 	C:\WINDOWS\System32\ole32.dll
0x00007ffbe7f30000 - 0x00007ffbe7f4b000 	C:\WINDOWS\SYSTEM32\CRYPTSP.dll
0x00007ffbe7620000 - 0x00007ffbe7659000 	C:\WINDOWS\system32\rsaenh.dll
0x00007ffbe7d00000 - 0x00007ffbe7d33000 	C:\WINDOWS\SYSTEM32\USERENV.dll
0x00007ffbe8840000 - 0x00007ffbe886a000 	C:\WINDOWS\SYSTEM32\bcrypt.dll
0x00007ffbe7f50000 - 0x00007ffbe7f5c000 	C:\WINDOWS\SYSTEM32\CRYPTBASE.dll
0x00007ffbe70e0000 - 0x00007ffbe7113000 	C:\WINDOWS\SYSTEM32\IPHLPAPI.DLL
0x00007ffbeafe0000 - 0x00007ffbeafea000 	C:\WINDOWS\System32\NSI.dll
0x00007ffb4d840000 - 0x00007ffb4d889000 	C:\Users\Aritra Mandal\AppData\Local\Temp\jna-1207388522\jna17045424765172671673.dll
0x00007ffbe9430000 - 0x00007ffbe9438000 	C:\WINDOWS\System32\PSAPI.DLL
0x00007ffbe1170000 - 0x00007ffbe118d000 	C:\WINDOWS\SYSTEM32\dhcpcsvc6.DLL
0x00007ffbe0980000 - 0x00007ffbe09a5000 	C:\WINDOWS\SYSTEM32\dhcpcsvc.DLL

JVMTI agents:
c:\Users\Aritra Mandal\.vscode\extensions\redhat.java-1.54.0-win32-x64\lombok\lombok-1.18.39-4050.jar path:c:\Users\Aritra Mandal\.vscode\extensions\redhat.java-1.54.0-win32-x64\jre\21.0.10-win32-x86_64\bin\instrument.dll, loaded, initialized, instrumentlib options:none

dbghelp: loaded successfully - version: 4.0.5 - missing functions: none
symbol engine: initialized successfully - sym options: 0x614 - pdb path: .;c:\Users\Aritra Mandal\.vscode\extensions\redhat.java-1.54.0-win32-x64\jre\21.0.10-win32-x86_64\bin;C:\WINDOWS\SYSTEM32;C:\WINDOWS\WinSxS\amd64_microsoft.windows.common-controls_6595b64144ccf1df_6.0.26100.8521_none_3e08b75ce33403b3;c:\Users\Aritra Mandal\.vscode\extensions\redhat.java-1.54.0-win32-x64\jre\21.0.10-win32-x86_64\bin\server;C:\Users\Aritra Mandal\AppData\Roaming\Code\User\globalStorage\redhat.java\1.54.0\config_win\org.eclipse.equinox.launcher\org.eclipse.equinox.launcher.win32.win32.x86_64_1.3.0.v20260203-2149;C:\Users\Aritra Mandal\AppData\Local\Temp\jna-1207388522

VM Arguments:
jvm_args: --add-modules=ALL-SYSTEM --add-opens=java.base/java.util=ALL-UNNAMED --add-opens=java.base/java.lang=ALL-UNNAMED --add-opens=java.base/sun.nio.fs=ALL-UNNAMED -Declipse.application=org.eclipse.jdt.ls.core.id1 -Dosgi.bundles.defaultStartLevel=4 -Declipse.product=org.eclipse.jdt.ls.core.product -Djava.import.generatesMetadataFilesAtProjectRoot=false -DDetectVMInstallationsJob.disabled=true -Dfile.encoding=utf8 -XX:+UseParallelGC -XX:GCTimeRatio=4 -XX:AdaptiveSizePolicyWeight=90 -Dsun.zip.disableMemoryMapping=true -Xmx2G -Xms100m -Xlog:disable -javaagent:c:\Users\Aritra Mandal\.vscode\extensions\redhat.java-1.54.0-win32-x64\lombok\lombok-1.18.39-4050.jar -XX:+HeapDumpOnOutOfMemoryError -XX:HeapDumpPath=c:\Users\Aritra Mandal\AppData\Roaming\Code\User\workspaceStorage\9126458fdeed6336ef143140dbf17e7d\redhat.java -Daether.dependencyCollector.impl=bf 
java_command: c:\Users\Aritra Mandal\.vscode\extensions\redhat.java-1.54.0-win32-x64\server\plugins\org.eclipse.equinox.launcher_1.7.100.v20251111-0406.jar -configuration c:\Users\Aritra Mandal\AppData\Roaming\Code\User\globalStorage\redhat.java\1.54.0\config_win -data c:\Users\Aritra Mandal\AppData\Roaming\Code\User\workspaceStorage\9126458fdeed6336ef143140dbf17e7d\redhat.java\jdt_ws --pipe=\\.\pipe\lsp-82c355072cf2a5c3db8d2aa2dbaaf127-sock
java_class_path (initial): c:\Users\Aritra Mandal\.vscode\extensions\redhat.java-1.54.0-win32-x64\server\plugins\org.eclipse.equinox.launcher_1.7.100.v20251111-0406.jar
Launcher Type: SUN_STANDARD

[Global flags]
    uintx AdaptiveSizePolicyWeight                 = 90                                        {product} {command line}
     intx CICompilerCount                          = 4                                         {product} {ergonomic}
    uintx GCTimeRatio                              = 4                                         {product} {command line}
     bool HeapDumpOnOutOfMemoryError               = true                                   {manageable} {command line}
    ccstr HeapDumpPath                             = c:\Users\Aritra Mandal\AppData\Roaming\Code\User\workspaceStorage\9126458fdeed6336ef143140dbf17e7d\redhat.java         {manageable} {command line}
   size_t InitialHeapSize                          = 104857600                                 {product} {command line}
   size_t MaxHeapSize                              = 2147483648                                {product} {command line}
   size_t MaxNewSize                               = 715653120                                 {product} {ergonomic}
   size_t MinHeapDeltaBytes                        = 524288                                    {product} {ergonomic}
   size_t MinHeapSize                              = 104857600                                 {product} {command line}
   size_t NewSize                                  = 34603008                                  {product} {ergonomic}
    uintx NonNMethodCodeHeapSize                   = 5839372                                {pd product} {ergonomic}
    uintx NonProfiledCodeHeapSize                  = 122909434                              {pd product} {ergonomic}
   size_t OldSize                                  = 70254592                                  {product} {ergonomic}
    uintx ProfiledCodeHeapSize                     = 122909434                              {pd product} {ergonomic}
    uintx ReservedCodeCacheSize                    = 251658240                              {pd product} {ergonomic}
     bool SegmentedCodeCache                       = true                                      {product} {ergonomic}
   size_t SoftMaxHeapSize                          = 2147483648                             {manageable} {ergonomic}
     bool UseCompressedOops                        = true                           {product lp64_product} {ergonomic}
     bool UseLargePagesIndividualAllocation        = false                                  {pd product} {ergonomic}
     bool UseParallelGC                            = true                                      {product} {command line}

Logging:
Log output configuration:
 #0: stdout all=off uptime,level,tags foldmultilines=false
 #1: stderr all=off uptime,level,tags foldmultilines=false

Release file:
JAVA_VERSION="21.0.10" 
MODULES="java.base java.compiler java.datatransfer java.xml java.prefs java.desktop java.instrument java.logging java.management java.security.sasl java.naming java.rmi java.management.rmi java.net.http java.scripting java.security.jgss java.transaction.xa java.sql java.sql.rowset java.xml.crypto java.se java.smartcardio jdk.accessibility jdk.internal.jvmstat jdk.attach jdk.charsets jdk.internal.opt jdk.zipfs jdk.compiler jdk.crypto.ec jdk.crypto.cryptoki jdk.crypto.mscapi jdk.dynalink jdk.internal.ed jdk.editpad jdk.hotspot.agent jdk.httpserver jdk.internal.le jdk.internal.vm.ci jdk.internal.vm.compiler jdk.internal.vm.compiler.management jdk.jartool jdk.javadoc jdk.jcmd jdk.management jdk.management.agent jdk.jconsole jdk.jdeps jdk.jdwp.agent jdk.jdi jdk.jfr jdk.jshell jdk.jsobject jdk.jstatd jdk.localedata jdk.management.jfr jdk.naming.dns jdk.naming.rmi jdk.net jdk.nio.mapmode jdk.random jdk.sctp jdk.security.auth jdk.security.jgss jdk.unsupported jdk.unsupported.desktop jdk.xml.dom" 

Environment Variables:
JAVA_HOME=C:\Program Files\Eclipse Adoptium\jdk-25.0.1.8-hotspot
PATH=C:\Program Files\Eclipse Adoptium\jdk-25.0.1.8-hotspot\bin;C:\Program Files\Common Files\Oracle\Java\javapath;C:\Program Files (x86)\Common Files\Oracle\Java\javapath;C:\Program Files (x86)\Common Files\Intel\Shared Libraries\redist\intel64\compiler;C:\Windows\system32;C:\Windows;C:\Windows\System32\Wbem;C:\Windows\System32\WindowsPowerShell\v1.0\;C:\Windows\System32\OpenSSH\;C:\Program Files (x86)\NVIDIA Corporation\PhysX\Common;C:\MinGW\bin;C:\ProgramData\chocolatey\bin;C:\Program Files\dotnet\;C:\Program Files\Git\cmd;C:\WINDOWS\system32;C:\WINDOWS;C:\WINDOWS\System32\Wbem;C:\WINDOWS\System32\WindowsPowerShell\v1.0\;C:\WINDOWS\System32\OpenSSH\;C:\Program Files\NVIDIA Corporation\NVIDIA App\NvDLISR;C:\Program Files\nodejs\;C:\Users\Aritra Mandal\.local\bin;C:\Users\Aritra Mandal\AppData\Local\Programs\Python\Python313\Scripts\;C:\Users\Aritra Mandal\AppData\Local\Programs\Python\Python313\;C:\Users\Aritra Mandal\AppData\Local\Microsoft\WindowsApps;C:\Users\Aritra Mandal\AppData\Local\Programs\Microsoft VS Code\bin;C:\Users\Aritra Mandal\AppData\Local\GitHubDesktop\bin;C:\MinGW\bin\gcc;C:\Users\Aritra Mandal\.dotnet\tools;C:\Users\Aritra Mandal\AppData\Roaming\npm;D:\Antigravity\bin;D:\cursor\resources\app\bin;C:\Users\Aritra Mandal\AppData\Local\PowerToys\DSCModules\
USERNAME=Aritra Mandal
OS=Windows_NT
PROCESSOR_IDENTIFIER=AMD64 Family 25 Model 80 Stepping 0, AuthenticAMD
TMP=C:\Users\ARITRA~1\AppData\Local\Temp
TEMP=C:\Users\ARITRA~1\AppData\Local\Temp




Periodic native trim disabled

---------------  S Y S T E M  ---------------

OS:
 Windows 11 , 64 bit Build 26100 (10.0.26100.8521)
OS uptime: 3 days 2:09 hours
Hyper-V role detected

CPU: total 12 (initial active 12) (12 cores per cpu, 2 threads per core) family 25 model 80 stepping 0 microcode 0xa50000d, cx8, cmov, fxsr, ht, mmx, 3dnowpref, sse, sse2, sse3, ssse3, sse4a, sse4.1, sse4.2, popcnt, lzcnt, tsc, tscinvbit, avx, avx2, aes, erms, clmul, bmi1, bmi2, adx, sha, fma, vzeroupper, clflush, clflushopt, hv, rdtscp, rdpid, fsrm, f16c, cet_ss
Processor Information for processor 0
  Max Mhz: 3301, Current Mhz: 2630, Mhz Limit: 3301
Processor Information for processor 1
  Max Mhz: 3301, Current Mhz: 2630, Mhz Limit: 3301
Processor Information for processor 2
  Max Mhz: 3301, Current Mhz: 2630, Mhz Limit: 3301
Processor Information for processor 3
  Max Mhz: 3301, Current Mhz: 2630, Mhz Limit: 3301
Processor Information for processor 4
  Max Mhz: 3301, Current Mhz: 2011, Mhz Limit: 3301
Processor Information for processor 5
  Max Mhz: 3301, Current Mhz: 2630, Mhz Limit: 3301
Processor Information for processor 6
  Max Mhz: 3301, Current Mhz: 2630, Mhz Limit: 3301
Processor Information for processor 7
  Max Mhz: 3301, Current Mhz: 2630, Mhz Limit: 3301
Processor Information for processor 8
  Max Mhz: 3301, Current Mhz: 2630, Mhz Limit: 3301
Processor Information for processor 9
  Max Mhz: 3301, Current Mhz: 2630, Mhz Limit: 3301
Processor Information for processor 10
  Max Mhz: 3301, Current Mhz: 2630, Mhz Limit: 3301
Processor Information for processor 11
  Max Mhz: 3301, Current Mhz: 2630, Mhz Limit: 3301

Memory: 4k page, system-wide physical 15773M (1171M free)
TotalPageFile size 23349M (AvailPageFile size 19M)
current process WorkingSet (physical memory assigned to process): 960M, peak: 960M
current process commit charge ("private bytes"): 903M, peak: 904M

vm_info: OpenJDK 64-Bit Server VM (21.0.10+7-LTS) for windows-amd64 JRE (21.0.10+7-LTS), built on 2026-01-20T00:00:00Z by "admin" with MS VC++ 17.12 (VS2022)

END.
