#
# There is insufficient memory for the Java Runtime Environment to continue.
# Native memory allocation (malloc) failed to allocate 32744 bytes. Error detail: Chunk::new
# Possible reasons:
#   The system is out of physical RAM or swap space
#   This process is running with CompressedOops enabled, and the Java Heap may be blocking the growth of the native heap
# Possible solutions:
#   Reduce memory load on the system
#   Increase physical memory or swap space
#   Check if swap backing store is full
#   Decrease Java heap size (-Xmx/-Xms)
#   Decrease number of Java threads
#   Decrease Java thread stack sizes (-Xss)
#   Set larger code cache with -XX:ReservedCodeCacheSize=
#   JVM is running with Unscaled Compressed Oops mode in which the Java heap is
#     placed in the first 4GB address space. The Java Heap base address is the
#     maximum limit for the native heap growth. Please use -XX:HeapBaseMinAddress
#     to set the Java Heap base and to place the Java Heap above 4GB virtual address.
# This output file may be truncated or incomplete.
#
#  Out of Memory Error (arena.cpp:168), pid=21036, tid=12932
#
# JRE version: OpenJDK Runtime Environment Temurin-21.0.10+7 (21.0.10+7) (build 21.0.10+7-LTS)
# Java VM: OpenJDK 64-Bit Server VM Temurin-21.0.10+7 (21.0.10+7-LTS, mixed mode, sharing, tiered, compressed oops, compressed class ptrs, parallel gc, windows-amd64)
# No core dump will be written. Minidumps are not enabled by default on client versions of Windows
#

---------------  S U M M A R Y ------------

Command Line: --add-modules=ALL-SYSTEM --add-opens=java.base/java.util=ALL-UNNAMED --add-opens=java.base/java.lang=ALL-UNNAMED --add-opens=java.base/sun.nio.fs=ALL-UNNAMED -Declipse.application=org.eclipse.jdt.ls.core.id1 -Dosgi.bundles.defaultStartLevel=4 -Declipse.product=org.eclipse.jdt.ls.core.product -Djava.import.generatesMetadataFilesAtProjectRoot=false -DDetectVMInstallationsJob.disabled=true -Dfile.encoding=utf8 -XX:+UseParallelGC -XX:GCTimeRatio=4 -XX:AdaptiveSizePolicyWeight=90 -Dsun.zip.disableMemoryMapping=true -Xmx2G -Xms100m -Xlog:disable -javaagent:c:\Users\Aritra Mandal\.vscode\extensions\redhat.java-1.54.0-win32-x64\lombok\lombok-1.18.39-4050.jar -XX:+HeapDumpOnOutOfMemoryError -XX:HeapDumpPath=c:\Users\Aritra Mandal\AppData\Roaming\Code\User\workspaceStorage\9126458fdeed6336ef143140dbf17e7d\redhat.java -Daether.dependencyCollector.impl=bf c:\Users\Aritra Mandal\.vscode\extensions\redhat.java-1.54.0-win32-x64\server\plugins\org.eclipse.equinox.launcher_1.7.100.v20251111-0406.jar -configuration c:\Users\Aritra Mandal\AppData\Roaming\Code\User\globalStorage\redhat.java\1.54.0\config_win -data c:\Users\Aritra Mandal\AppData\Roaming\Code\User\workspaceStorage\9126458fdeed6336ef143140dbf17e7d\redhat.java\jdt_ws --pipe=\\.\pipe\lsp-c509b4af9061b08e636f0122423d1ec4-sock

Host: AMD Ryzen 5 5600H with Radeon Graphics         , 12 cores, 15G,  Windows 11 , 64 bit Build 26100 (10.0.26100.8521)
Time: Sun Jun 21 21:29:47 2026 India Standard Time elapsed time: 11.833340 seconds (0d 0h 0m 11s)

---------------  T H R E A D  ---------------

Current thread (0x0000022d45026f10):  JavaThread "C1 CompilerThread0" daemon [_thread_in_native, id=12932, stack(0x000000b7cde00000,0x000000b7cdf00000) (1024K)]


Current CompileTask:
C1:11833 2107       2       java.lang.String::<init> (98 bytes)

Stack: [0x000000b7cde00000,0x000000b7cdf00000]
Native frames: (J=compiled Java code, j=interpreted, Vv=VM code, C=native code)
V  [jvm.dll+0x6d7a39]
V  [jvm.dll+0x8b4b26]
V  [jvm.dll+0x8b70de]
V  [jvm.dll+0x8b77c3]
V  [jvm.dll+0x284346]
V  [jvm.dll+0xc66ed]
V  [jvm.dll+0xc6c31]
V  [jvm.dll+0x165526]
V  [jvm.dll+0x162ef4]
V  [jvm.dll+0x16145c]
V  [jvm.dll+0x169c0a]
V  [jvm.dll+0x1690e6]
V  [jvm.dll+0x160cb0]
V  [jvm.dll+0x162f4d]
V  [jvm.dll+0x161556]
V  [jvm.dll+0x169c0a]
V  [jvm.dll+0x1690e6]
V  [jvm.dll+0x160cb0]
V  [jvm.dll+0x162f4d]
V  [jvm.dll+0x16145c]
V  [jvm.dll+0x169c0a]
V  [jvm.dll+0x1690e6]
V  [jvm.dll+0x160cb0]
V  [jvm.dll+0x162f4d]
V  [jvm.dll+0x161556]
V  [jvm.dll+0x169c0a]
V  [jvm.dll+0x1690e6]
V  [jvm.dll+0x160cb0]
V  [jvm.dll+0x162f4d]
V  [jvm.dll+0x161556]
V  [jvm.dll+0x15b297]
V  [jvm.dll+0x16ad68]
V  [jvm.dll+0x156885]
V  [jvm.dll+0x156bd2]
V  [jvm.dll+0x156e84]
V  [jvm.dll+0x15629c]
V  [jvm.dll+0x15802d]
V  [jvm.dll+0x25b85d]
V  [jvm.dll+0x259dea]
V  [jvm.dll+0x3f857e]
V  [jvm.dll+0x85f59d]
V  [jvm.dll+0x6d626d]
C  [ucrtbase.dll+0x2cd30]
C  [KERNEL32.DLL+0x2e957]
C  [ntdll.dll+0x87c1c]


---------------  P R O C E S S  ---------------

Threads class SMR info:
_java_thread_list=0x0000022d4a852e40, length=15, elements={
0x0000022d69e27bc0, 0x0000022d6c1de860, 0x0000022d6c0c13c0, 0x0000022d6c0c6ac0,
0x0000022d6c0c8510, 0x0000022d6c0c77f0, 0x0000022d6c0c9230, 0x0000022d45022b40,
0x0000022d45026f10, 0x0000022d6c0c9f50, 0x0000022d6c0c7e80, 0x0000022d6c0c98c0,
0x0000022d6c0c8ba0, 0x0000022d6c0ca5e0, 0x0000022d6c0cac70
}

Java Threads: ( => current thread )
  0x0000022d69e27bc0 JavaThread "main"                              [_thread_blocked, id=17980, stack(0x000000b7cd300000,0x000000b7cd400000) (1024K)]
  0x0000022d6c1de860 JavaThread "Reference Handler"          daemon [_thread_blocked, id=27080, stack(0x000000b7cd700000,0x000000b7cd800000) (1024K)]
  0x0000022d6c0c13c0 JavaThread "Finalizer"                  daemon [_thread_blocked, id=8836, stack(0x000000b7cd800000,0x000000b7cd900000) (1024K)]
  0x0000022d6c0c6ac0 JavaThread "Signal Dispatcher"          daemon [_thread_blocked, id=6532, stack(0x000000b7cd900000,0x000000b7cda00000) (1024K)]
  0x0000022d6c0c8510 JavaThread "Attach Listener"            daemon [_thread_blocked, id=17672, stack(0x000000b7cda00000,0x000000b7cdb00000) (1024K)]
  0x0000022d6c0c77f0 JavaThread "Service Thread"             daemon [_thread_blocked, id=8668, stack(0x000000b7cdb00000,0x000000b7cdc00000) (1024K)]
  0x0000022d6c0c9230 JavaThread "Monitor Deflation Thread"   daemon [_thread_blocked, id=1108, stack(0x000000b7cdc00000,0x000000b7cdd00000) (1024K)]
  0x0000022d45022b40 JavaThread "C2 CompilerThread0"         daemon [_thread_in_native, id=36476, stack(0x000000b7cdd00000,0x000000b7cde00000) (1024K)]
=>0x0000022d45026f10 JavaThread "C1 CompilerThread0"         daemon [_thread_in_native, id=12932, stack(0x000000b7cde00000,0x000000b7cdf00000) (1024K)]
  0x0000022d6c0c9f50 JavaThread "Common-Cleaner"             daemon [_thread_blocked, id=12860, stack(0x000000b7cdf00000,0x000000b7ce000000) (1024K)]
  0x0000022d6c0c7e80 JavaThread "Notification Thread"        daemon [_thread_blocked, id=24968, stack(0x000000b7ce000000,0x000000b7ce100000) (1024K)]
  0x0000022d6c0c98c0 JavaThread "Active Thread: Equinox Container: 15d35192-9876-4318-aa89-5b0660f4cbba"        [_thread_blocked, id=17708, stack(0x000000b7ce900000,0x000000b7cea00000) (1024K)]
  0x0000022d6c0c8ba0 JavaThread "Refresh Thread: Equinox Container: 15d35192-9876-4318-aa89-5b0660f4cbba" daemon [_thread_blocked, id=3796, stack(0x000000b7ce200000,0x000000b7ce300000) (1024K)]
  0x0000022d6c0ca5e0 JavaThread "Framework Event Dispatcher: Equinox Container: 15d35192-9876-4318-aa89-5b0660f4cbba" daemon [_thread_blocked, id=33132, stack(0x000000b7cea00000,0x000000b7ceb00000) (1024K)]
  0x0000022d6c0cac70 JavaThread "Start Level: Equinox Container: 15d35192-9876-4318-aa89-5b0660f4cbba" daemon [_thread_in_vm, id=30348, stack(0x000000b7ceb00000,0x000000b7cec00000) (1024K)]
Total: 15

Other Threads:
  0x0000022d6c1cbaa0 VMThread "VM Thread"                           [id=10576, stack(0x000000b7cd600000,0x000000b7cd700000) (1024K)] _threads_hazard_ptr=0x0000022d4a852e40
  0x0000022d6bfaca00 WatcherThread "VM Periodic Task Thread"        [id=11932, stack(0x000000b7cd500000,0x000000b7cd600000) (1024K)]
  0x0000022d6c149b00 WorkerThread "GC Thread#0"                     [id=21484, stack(0x000000b7cd400000,0x000000b7cd500000) (1024K)]
  0x0000022d4a717f60 WorkerThread "GC Thread#1"                     [id=22028, stack(0x000000b7ce300000,0x000000b7ce400000) (1024K)]
  0x0000022d4a12e560 WorkerThread "GC Thread#2"                     [id=32876, stack(0x000000b7ce400000,0x000000b7ce500000) (1024K)]
  0x0000022d4a12e910 WorkerThread "GC Thread#3"                     [id=29916, stack(0x000000b7ce500000,0x000000b7ce600000) (1024K)]
  0x0000022d4a12ecc0 WorkerThread "GC Thread#4"                     [id=29776, stack(0x000000b7ce600000,0x000000b7ce700000) (1024K)]
  0x0000022d4a20f090 WorkerThread "GC Thread#5"                     [id=3604, stack(0x000000b7ce700000,0x000000b7ce800000) (1024K)]
  0x0000022d4a20f440 WorkerThread "GC Thread#6"                     [id=21356, stack(0x000000b7ce800000,0x000000b7ce900000) (1024K)]
  0x0000022d4a797db0 WorkerThread "GC Thread#7"                     [id=34596, stack(0x000000b7ce100000,0x000000b7ce200000) (1024K)]
Total: 10

Threads with active compile tasks:
C2 CompilerThread0  11880 2115       4       java.lang.invoke.MethodType::hashCode (53 bytes)
C1 CompilerThread0  11881 2107       2       java.lang.String::<init> (98 bytes)
Total: 2

VM state: synchronizing (normal execution)

VM Mutex/Monitor currently owned by a thread:  ([mutex/lock_event])
[0x00007ffab5abe560] Threads_lock - owner thread: 0x0000022d6c1cbaa0

OutOfMemory and StackOverflow Exception counts:
OutOfMemoryError java_heap_errors=1
LinkageErrors=32

Heap address: 0x0000000080000000, size: 2048 MB, Compressed Oops mode: 32-bit

CDS archive(s) mapped at: [0x0000022d04000000-0x0000022d04ba0000-0x0000022d04ba0000), size 12189696, SharedBaseAddress: 0x0000022d04000000, ArchiveRelocationMode: 1.
Compressed class space mapped at: 0x0000022d05000000-0x0000022d45000000, reserved size: 1073741824
Narrow klass base: 0x0000022d04000000, Narrow klass shift: 0, Narrow klass range: 0x100000000

GC Precious Log:
 CardTable entry size: 512
 CPUs: 12 total, 12 available
 Memory: 15773M
 Large Page Support: Disabled
 NUMA Support: Disabled
 Compressed Oops: Enabled (32-bit)
 Alignments: Space 512K, Generation 512K, Heap 2M
 Heap Min Capacity: 100M
 Heap Initial Capacity: 100M
 Heap Max Capacity: 2G
 Pre-touch: Disabled
 Parallel Workers: 10

Heap:
 PSYoungGen      total 29696K, used 24170K [0x00000000d5580000, 0x00000000d7680000, 0x0000000100000000)
  eden space 25600K, 78% used [0x00000000d5580000,0x00000000d69212b0,0x00000000d6e80000)
  from space 4096K, 99% used [0x00000000d7280000,0x00000000d7679820,0x00000000d7680000)
  to   space 4096K, 0% used [0x00000000d6e80000,0x00000000d6e80000,0x00000000d7280000)
 ParOldGen       total 68608K, used 2037K [0x0000000080000000, 0x0000000084300000, 0x00000000d5580000)
  object space 68608K, 2% used [0x0000000080000000,0x00000000801fd6b8,0x0000000084300000)
 Metaspace       used 9473K, committed 9792K, reserved 1114112K
  class space    used 1018K, committed 1152K, reserved 1048576K

Card table byte_map: [0x0000022d6bac0000,0x0000022d6bed0000] _byte_map_base: 0x0000022d6b6c0000

Marking Bits: (ParMarkBitMap*) 0x00007ffab5ac3450
 Begin Bits: [0x0000022d00000000, 0x0000022d02000000)
 End Bits:   [0x0000022d02000000, 0x0000022d04000000)

Polling page: 0x0000022d69f80000

Metaspace:

Usage:
  Non-class:      8.26 MB used.
      Class:   1018.51 KB used.
       Both:      9.25 MB used.

Virtual space:
  Non-class space:       64.00 MB reserved,       8.44 MB ( 13%) committed,  1 nodes.
      Class space:        1.00 GB reserved,       1.12 MB ( <1%) committed,  1 nodes.
             Both:        1.06 GB reserved,       9.56 MB ( <1%) committed. 

Chunk freelists:
   Non-Class:  6.64 MB
       Class:  14.78 MB
        Both:  21.42 MB

MaxMetaspaceSize: unlimited
CompressedClassSpaceSize: 1.00 GB
Initial GC threshold: 21.00 MB
Current GC threshold: 21.00 MB
CDS: on
 - commit_granule_bytes: 65536.
 - commit_granule_words: 8192.
 - virtual_space_node_default_size: 8388608.
 - enlarge_chunks_in_place: 1.
 - use_allocation_guard: 0.


Internal statistics:

num_allocs_failed_limit: 0.
num_arena_births: 262.
num_arena_deaths: 0.
num_vsnodes_births: 2.
num_vsnodes_deaths: 0.
num_space_committed: 153.
num_space_uncommitted: 0.
num_chunks_returned_to_freelist: 0.
num_chunks_taken_from_freelist: 523.
num_chunk_merges: 0.
num_chunk_splits: 326.
num_chunks_enlarged: 214.
num_inconsistent_stats: 0.

CodeHeap 'non-profiled nmethods': size=120000Kb used=935Kb max_used=935Kb free=119064Kb
 bounds [0x0000022d76df0000, 0x0000022d77060000, 0x0000022d7e320000]
CodeHeap 'profiled nmethods': size=120000Kb used=3809Kb max_used=3809Kb free=116190Kb
 bounds [0x0000022d6f320000, 0x0000022d6f6e0000, 0x0000022d76850000]
CodeHeap 'non-nmethods': size=5760Kb used=1234Kb max_used=1263Kb free=4525Kb
 bounds [0x0000022d76850000, 0x0000022d76ac0000, 0x0000022d76df0000]
CodeCache: size=245760Kb, used=5978Kb, max_used=6007Kb, free=239779Kb
 total_blobs=2609, nmethods=2110, adapters=405, full_count=0
Compilation: enabled, stopped_count=0, restarted_count=0

Compilation events (20 events):
Event: 11.610 Thread 0x0000022d45022b40 2097       4       java.util.HashMap::<init> (8 bytes)
Event: 11.611 Thread 0x0000022d45022b40 nmethod 2097 0x0000022d76ed7c90 code [0x0000022d76ed7e20, 0x0000022d76ed7f18]
Event: 11.611 Thread 0x0000022d45022b40 2096       4       jdk.internal.misc.Blocker::end (71 bytes)
Event: 11.612 Thread 0x0000022d45022b40 nmethod 2096 0x0000022d76ed8010 code [0x0000022d76ed81a0, 0x0000022d76ed8238]
Event: 11.829 Thread 0x0000022d45026f10 2098       3       java.lang.invoke.MemberName::hashCode (43 bytes)
Event: 11.829 Thread 0x0000022d45026f10 nmethod 2098 0x0000022d6f6d5f90 code [0x0000022d6f6d61e0, 0x0000022d6f6d6d20]
Event: 11.829 Thread 0x0000022d45026f10 2099       3       java.util.Objects::hash (5 bytes)
Event: 11.829 Thread 0x0000022d45026f10 nmethod 2099 0x0000022d6f6d7090 code [0x0000022d6f6d7240, 0x0000022d6f6d7358]
Event: 11.829 Thread 0x0000022d45026f10 2100       3       java.lang.invoke.MethodHandles$Lookup$ClassFile::newInstanceNoCheck (11 bytes)
Event: 11.830 Thread 0x0000022d45026f10 nmethod 2100 0x0000022d6f6d7410 code [0x0000022d6f6d75c0, 0x0000022d6f6d77f8]
Event: 11.830 Thread 0x0000022d45026f10 2101       1       java.lang.reflect.Field::getName (5 bytes)
Event: 11.830 Thread 0x0000022d45026f10 nmethod 2101 0x0000022d76ed8310 code [0x0000022d76ed84a0, 0x0000022d76ed8568]
Event: 11.830 Thread 0x0000022d45026f10 2102       3       java.util.concurrent.ConcurrentHashMap$BaseIterator::<init> (21 bytes)
Event: 11.830 Thread 0x0000022d45026f10 nmethod 2102 0x0000022d6f6d7910 code [0x0000022d6f6d7ac0, 0x0000022d6f6d7c60]
Event: 11.830 Thread 0x0000022d45026f10 2104   !   3       jdk.internal.loader.URLClassPath::checkURL (16 bytes)
Event: 11.830 Thread 0x0000022d45026f10 nmethod 2104 0x0000022d6f6d7d10 code [0x0000022d6f6d7ec0, 0x0000022d6f6d8078]
Event: 11.830 Thread 0x0000022d45026f10 2103       3       java.util.concurrent.ConcurrentHashMap$Traverser::<init> (36 bytes)
Event: 11.830 Thread 0x0000022d45026f10 nmethod 2103 0x0000022d6f6d8110 code [0x0000022d6f6d82c0, 0x0000022d6f6d8468]
Event: 11.831 Thread 0x0000022d45022b40 2105       4       java.util.concurrent.ConcurrentHashMap$Node::<init> (20 bytes)
Event: 11.831 Thread 0x0000022d45026f10 2107       2       java.lang.String::<init> (98 bytes)

GC Heap History (4 events):
Event: 1.524 GC heap before
{Heap before GC invocations=1 (full 0):
 PSYoungGen      total 29696K, used 25600K [0x00000000d5580000, 0x00000000d7680000, 0x0000000100000000)
  eden space 25600K, 100% used [0x00000000d5580000,0x00000000d6e80000,0x00000000d6e80000)
  from space 4096K, 0% used [0x00000000d7280000,0x00000000d7280000,0x00000000d7680000)
  to   space 4096K, 0% used [0x00000000d6e80000,0x00000000d6e80000,0x00000000d7280000)
 ParOldGen       total 68608K, used 0K [0x0000000080000000, 0x0000000084300000, 0x00000000d5580000)
  object space 68608K, 0% used [0x0000000080000000,0x0000000080000000,0x0000000084300000)
 Metaspace       used 4362K, committed 4608K, reserved 1114112K
  class space    used 473K, committed 576K, reserved 1048576K
}
Event: 1.536 GC heap after
{Heap after GC invocations=1 (full 0):
 PSYoungGen      total 29696K, used 3287K [0x00000000d5580000, 0x00000000d7680000, 0x0000000100000000)
  eden space 25600K, 0% used [0x00000000d5580000,0x00000000d5580000,0x00000000d6e80000)
  from space 4096K, 80% used [0x00000000d6e80000,0x00000000d71b5e88,0x00000000d7280000)
  to   space 4096K, 0% used [0x00000000d7280000,0x00000000d7280000,0x00000000d7680000)
 ParOldGen       total 68608K, used 16K [0x0000000080000000, 0x0000000084300000, 0x00000000d5580000)
  object space 68608K, 0% used [0x0000000080000000,0x0000000080004000,0x0000000084300000)
 Metaspace       used 4362K, committed 4608K, reserved 1114112K
  class space    used 473K, committed 576K, reserved 1048576K
}
Event: 4.897 GC heap before
{Heap before GC invocations=2 (full 0):
 PSYoungGen      total 29696K, used 28887K [0x00000000d5580000, 0x00000000d7680000, 0x0000000100000000)
  eden space 25600K, 100% used [0x00000000d5580000,0x00000000d6e80000,0x00000000d6e80000)
  from space 4096K, 80% used [0x00000000d6e80000,0x00000000d71b5e88,0x00000000d7280000)
  to   space 4096K, 0% used [0x00000000d7280000,0x00000000d7280000,0x00000000d7680000)
 ParOldGen       total 68608K, used 16K [0x0000000080000000, 0x0000000084300000, 0x00000000d5580000)
  object space 68608K, 0% used [0x0000000080000000,0x0000000080004000,0x0000000084300000)
 Metaspace       used 7998K, committed 8320K, reserved 1114112K
  class space    used 830K, committed 960K, reserved 1048576K
}
Event: 4.902 GC heap after
{Heap after GC invocations=2 (full 0):
 PSYoungGen      total 29696K, used 4070K [0x00000000d5580000, 0x00000000d7680000, 0x0000000100000000)
  eden space 25600K, 0% used [0x00000000d5580000,0x00000000d5580000,0x00000000d6e80000)
  from space 4096K, 99% used [0x00000000d7280000,0x00000000d7679820,0x00000000d7680000)
  to   space 4096K, 0% used [0x00000000d6e80000,0x00000000d6e80000,0x00000000d7280000)
 ParOldGen       total 68608K, used 2037K [0x0000000080000000, 0x0000000084300000, 0x00000000d5580000)
  object space 68608K, 2% used [0x0000000080000000,0x00000000801fd6b8,0x0000000084300000)
 Metaspace       used 7998K, committed 8320K, reserved 1114112K
  class space    used 830K, committed 960K, reserved 1048576K
}

Dll operation events (9 events):
Event: 0.018 Loaded shared library c:\Users\Aritra Mandal\.vscode\extensions\redhat.java-1.54.0-win32-x64\jre\21.0.10-win32-x86_64\bin\java.dll
Event: 0.123 Loaded shared library c:\Users\Aritra Mandal\.vscode\extensions\redhat.java-1.54.0-win32-x64\jre\21.0.10-win32-x86_64\bin\zip.dll
Event: 0.157 Loaded shared library C:\Users\Aritra Mandal\.vscode\extensions\redhat.java-1.54.0-win32-x64\jre\21.0.10-win32-x86_64\bin\instrument.dll
Event: 0.212 Loaded shared library C:\Users\Aritra Mandal\.vscode\extensions\redhat.java-1.54.0-win32-x64\jre\21.0.10-win32-x86_64\bin\net.dll
Event: 0.406 Loaded shared library C:\Users\Aritra Mandal\.vscode\extensions\redhat.java-1.54.0-win32-x64\jre\21.0.10-win32-x86_64\bin\nio.dll
Event: 0.412 Loaded shared library C:\Users\Aritra Mandal\.vscode\extensions\redhat.java-1.54.0-win32-x64\jre\21.0.10-win32-x86_64\bin\zip.dll
Event: 0.449 Loaded shared library C:\Users\Aritra Mandal\.vscode\extensions\redhat.java-1.54.0-win32-x64\jre\21.0.10-win32-x86_64\bin\jimage.dll
Event: 0.633 Loaded shared library c:\Users\Aritra Mandal\.vscode\extensions\redhat.java-1.54.0-win32-x64\jre\21.0.10-win32-x86_64\bin\verify.dll
Event: 10.661 Loaded shared library C:\Users\Aritra Mandal\AppData\Roaming\Code\User\globalStorage\redhat.java\1.54.0\config_win\org.eclipse.equinox.launcher\org.eclipse.equinox.launcher.win32.win32.x86_64_1.3.0.v20260203-2149\eclipse_11919.dll

Deoptimization events (20 events):
Event: 10.675 Thread 0x0000022d6c0cac70 Uncommon trap: trap_request=0xffffff6e fr.pc=0x0000022d76e60228 relative=0x0000000000000368
Event: 10.675 Thread 0x0000022d6c0cac70 Uncommon trap: reason=loop_limit_check action=maybe_recompile pc=0x0000022d76e60228 method=java.lang.StringLatin1.indexOf([BI[BII)I @ 37 c2
Event: 10.675 Thread 0x0000022d6c0cac70 DEOPT PACKING pc=0x0000022d76e60228 sp=0x000000b7cebfcfb0
Event: 10.675 Thread 0x0000022d6c0cac70 DEOPT UNPACKING pc=0x0000022d768a3aa2 sp=0x000000b7cebfcf10 mode 2
Event: 10.713 Thread 0x0000022d6c0cac70 Uncommon trap: trap_request=0xffffff45 fr.pc=0x0000022d76e69bb4 relative=0x0000000000000094
Event: 10.713 Thread 0x0000022d6c0cac70 Uncommon trap: reason=unstable_if action=reinterpret pc=0x0000022d76e69bb4 method=java.io.BufferedInputStream.getBufIfOpen(Z)[B @ 13 c2
Event: 10.713 Thread 0x0000022d6c0cac70 DEOPT PACKING pc=0x0000022d76e69bb4 sp=0x000000b7cebfdec0
Event: 10.713 Thread 0x0000022d6c0cac70 DEOPT UNPACKING pc=0x0000022d768a3aa2 sp=0x000000b7cebfde40 mode 2
Event: 10.715 Thread 0x0000022d6c0cac70 Uncommon trap: trap_request=0xffffff45 fr.pc=0x0000022d76e52ecc relative=0x0000000000000e0c
Event: 10.715 Thread 0x0000022d6c0cac70 Uncommon trap: reason=unstable_if action=reinterpret pc=0x0000022d76e52ecc method=java.lang.String.<init>(Ljava/nio/charset/Charset;[BII)V @ 6 c2
Event: 10.715 Thread 0x0000022d6c0cac70 DEOPT PACKING pc=0x0000022d76e52ecc sp=0x000000b7cebfde40
Event: 10.715 Thread 0x0000022d6c0cac70 DEOPT UNPACKING pc=0x0000022d768a3aa2 sp=0x000000b7cebfde10 mode 2
Event: 10.837 Thread 0x0000022d6c0cac70 Uncommon trap: trap_request=0xffffff45 fr.pc=0x0000022d76e2b174 relative=0x0000000000000054
Event: 10.837 Thread 0x0000022d6c0cac70 Uncommon trap: reason=unstable_if action=reinterpret pc=0x0000022d76e2b174 method=java.lang.CharacterData.of(I)Ljava/lang/CharacterData; @ 4 c2
Event: 10.837 Thread 0x0000022d6c0cac70 DEOPT PACKING pc=0x0000022d76e2b174 sp=0x000000b7cebfd890
Event: 10.837 Thread 0x0000022d6c0cac70 DEOPT UNPACKING pc=0x0000022d768a3aa2 sp=0x000000b7cebfd828 mode 2
Event: 10.847 Thread 0x0000022d6c0cac70 Uncommon trap: trap_request=0xffffff45 fr.pc=0x0000022d76e9f7a0 relative=0x00000000000009c0
Event: 10.847 Thread 0x0000022d6c0cac70 Uncommon trap: reason=unstable_if action=reinterpret pc=0x0000022d76e9f7a0 method=java.util.concurrent.ConcurrentHashMap.putVal(Ljava/lang/Object;Ljava/lang/Object;Z)Ljava/lang/Object; @ 148 c2
Event: 10.847 Thread 0x0000022d6c0cac70 DEOPT PACKING pc=0x0000022d76e9f7a0 sp=0x000000b7cebfe540
Event: 10.847 Thread 0x0000022d6c0cac70 DEOPT UNPACKING pc=0x0000022d768a3aa2 sp=0x000000b7cebfe4b0 mode 2

Classes loaded (20 events):
Event: 10.814 Loading class java/util/Formatter$DateTime
Event: 10.814 Loading class java/util/Formatter$DateTime done
Event: 10.814 Loading class java/util/Formatter$FixedString
Event: 10.814 Loading class java/util/Formatter$FixedString done
Event: 10.815 Loading class java/time/ZonedDateTime$1
Event: 10.815 Loading class java/time/ZonedDateTime$1 done
Event: 10.820 Loading class jdk/internal/module/ModulePatcher$PatchedModuleReader
Event: 10.821 Loading class jdk/internal/module/ModulePatcher$PatchedModuleReader done
Event: 10.829 Loading class sun/util/resources/LocaleData$CommonResourceBundleProvider
Event: 10.829 Loading class sun/util/resources/LocaleData$LocaleDataResourceBundleProvider
Event: 10.829 Loading class java/util/spi/ResourceBundleProvider
Event: 10.829 Loading class java/util/spi/ResourceBundleProvider done
Event: 10.829 Loading class sun/util/resources/LocaleData$LocaleDataResourceBundleProvider done
Event: 10.829 Loading class sun/util/resources/LocaleData$CommonResourceBundleProvider done
Event: 10.831 Loading class sun/text/resources/cldr/FormatData_en
Event: 10.831 Loading class sun/text/resources/cldr/FormatData_en done
Event: 10.831 Loading class sun/util/resources/Bundles$2
Event: 10.831 Loading class sun/util/resources/Bundles$2 done
Event: 11.826 Loading class java/util/zip/DataFormatException
Event: 11.827 Loading class java/util/zip/DataFormatException done

Classes unloaded (0 events):
No events

Classes redefined (0 events):
No events

Internal exceptions (20 events):
Event: 1.618 Thread 0x0000022d69e27bc0 Implicit null exception at 0x0000022d76e4cd1a to 0x0000022d76e4cf20
Event: 1.619 Thread 0x0000022d69e27bc0 Exception <a 'java/lang/NoSuchMethodError'{0x00000000d5743450}: 'void java.lang.invoke.DirectMethodHandle$Holder.invokeStatic(java.lang.Object, java.lang.Object, java.lang.Object, java.lang.Object)'> (0x00000000d5743450) 
thrown [s\src\hotspot\share\interpreter\linkResolver.cpp, line 773]
Event: 1.621 Thread 0x0000022d69e27bc0 Implicit null exception at 0x0000022d76e4ff1a to 0x0000022d76e50124
Event: 1.621 Thread 0x0000022d69e27bc0 Implicit null exception at 0x0000022d76e4c53d to 0x0000022d76e4c5c1
Event: 1.765 Thread 0x0000022d69e27bc0 Exception <a 'java/lang/NoSuchMethodError'{0x00000000d59ee560}: 'void java.lang.invoke.DirectMethodHandle$Holder.invokeSpecial(java.lang.Object, java.lang.Object, java.lang.Object)'> (0x00000000d59ee560) 
thrown [s\src\hotspot\share\interpreter\linkResolver.cpp, line 773]
Event: 2.147 Thread 0x0000022d69e27bc0 Exception <a 'java/lang/NoSuchMethodError'{0x00000000d648d230}: 'int java.lang.invoke.DirectMethodHandle$Holder.invokeVirtual(java.lang.Object, java.lang.Object)'> (0x00000000d648d230) 
thrown [s\src\hotspot\share\interpreter\linkResolver.cpp, line 773]
Event: 2.237 Thread 0x0000022d69e27bc0 Exception <a 'java/lang/NoSuchMethodError'{0x00000000d6616150}: 'int java.lang.invoke.DirectMethodHandle$Holder.invokeStaticInit(java.lang.Object, java.lang.Object, java.lang.Object, java.lang.Object)'> (0x00000000d6616150) 
thrown [s\src\hotspot\share\interpreter\linkResolver.cpp, line 773]
Event: 2.239 Thread 0x0000022d69e27bc0 Exception <a 'java/lang/IncompatibleClassChangeError'{0x00000000d661e558}: Found class java.lang.Object, but interface was expected> (0x00000000d661e558) 
thrown [s\src\hotspot\share\interpreter\linkResolver.cpp, line 840]
Event: 2.240 Thread 0x0000022d69e27bc0 Exception <a 'java/lang/NoSuchMethodError'{0x00000000d66253c8}: 'void java.lang.invoke.DirectMethodHandle$Holder.invokeStaticInit(java.lang.Object, java.lang.Object)'> (0x00000000d66253c8) 
thrown [s\src\hotspot\share\interpreter\linkResolver.cpp, line 773]
Event: 2.241 Thread 0x0000022d69e27bc0 Exception <a 'java/lang/NoSuchMethodError'{0x00000000d662f340}: 'int java.lang.invoke.DirectMethodHandle$Holder.invokeStaticInit(java.lang.Object, java.lang.Object)'> (0x00000000d662f340) 
thrown [s\src\hotspot\share\interpreter\linkResolver.cpp, line 773]
Event: 2.325 Thread 0x0000022d69e27bc0 Exception <a 'java/lang/NoSuchMethodError'{0x00000000d689f320}: 'java.lang.Object java.lang.invoke.DirectMethodHandle$Holder.newInvokeSpecial(java.lang.Object, int, java.lang.Object)'> (0x00000000d689f320) 
thrown [s\src\hotspot\share\interpreter\linkResolver.cpp, line 773]
Event: 2.403 Thread 0x0000022d69e27bc0 Exception <a 'java/lang/ClassNotFoundException'{0x00000000d6abb878}: sun/net/www/protocol/plurl/Handler> (0x00000000d6abb878) 
thrown [s\src\hotspot\share\classfile\systemDictionary.cpp, line 312]
Event: 2.403 Thread 0x0000022d69e27bc0 Exception <a 'java/lang/ClassNotFoundException'{0x00000000d6abc6f8}: sun/net/www/protocol/plurl/Handler> (0x00000000d6abc6f8) 
thrown [s\src\hotspot\share\classfile\systemDictionary.cpp, line 312]
Event: 10.581 Thread 0x0000022d69e27bc0 Exception <a 'java/lang/UnsatisfiedLinkError'{0x00000000d56628f0}: 'void org.eclipse.equinox.launcher.JNIBridge._update_splash()'> (0x00000000d56628f0) 
thrown [s\src\hotspot\share\prims\nativeLookup.cpp, line 415]
Event: 10.621 Thread 0x0000022d6c0c8ba0 Exception <a 'java/lang/NoSuchMethodError'{0x00000000d58e4030}: 'void java.lang.invoke.DirectMethodHandle$Holder.invokeInterface(java.lang.Object, java.lang.Object, java.lang.Object)'> (0x00000000d58e4030) 
thrown [s\src\hotspot\share\interpreter\linkResolver.cpp, line 773]
Event: 10.745 Thread 0x0000022d6c0cac70 Exception <a 'java/lang/NoSuchMethodError'{0x00000000d5cca860}: 'java.lang.Object java.lang.invoke.DirectMethodHandle$Holder.newInvokeSpecial(java.lang.Object, java.lang.Object, int, java.lang.Object)'> (0x00000000d5cca860) 
thrown [s\src\hotspot\share\interpreter\linkResolver.cpp, line 773]
Event: 10.746 Thread 0x0000022d6c0cac70 Exception <a 'java/lang/NoSuchMethodError'{0x00000000d5cce690}: 'java.lang.Object java.lang.invoke.DirectMethodHandle$Holder.invokeSpecial(java.lang.Object, java.lang.Object, java.lang.Object, int, java.lang.Object)'> (0x00000000d5cce690) 
thrown [s\src\hotspot\share\interpreter\linkResolver.cpp, line 773]
Event: 10.761 Thread 0x0000022d6c0cac70 Exception <a 'java/lang/NoClassDefFoundError'{0x00000000d5d75608}: jakarta/servlet/ServletContainerInitializer> (0x00000000d5d75608) 
thrown [s\src\hotspot\share\classfile\systemDictionary.cpp, line 301]
Event: 10.810 Thread 0x0000022d6c0cac70 Exception <a 'java/lang/ClassNotFoundException'{0x00000000d5ec9988}: sun/util/logging/resources/spi/loggingProvider> (0x00000000d5ec9988) 
thrown [s\src\hotspot\share\classfile\systemDictionary.cpp, line 312]
Event: 11.826 Thread 0x0000022d6c0cac70 Exception <a 'java/lang/OutOfMemoryError'{0x00000000d682f8a0}> (0x00000000d682f8a0) 
thrown [s\src\hotspot\share\prims\jni.cpp, line 539]

ZGC Phase Switch (0 events):
No events

VM Operations (20 events):
Event: 2.378 Executing non-safepoint VM operation: HandshakeAllThreads (Deoptimize)
Event: 2.379 Executing non-safepoint VM operation: HandshakeAllThreads (Deoptimize) done
Event: 2.398 Executing non-safepoint VM operation: HandshakeAllThreads (Deoptimize)
Event: 2.398 Executing non-safepoint VM operation: HandshakeAllThreads (Deoptimize) done
Event: 2.413 Executing safepoint VM operation: ICBufferFull
Event: 2.413 Executing safepoint VM operation: ICBufferFull done
Event: 3.425 Executing safepoint VM operation: Cleanup
Event: 3.425 Executing safepoint VM operation: Cleanup done
Event: 4.897 Executing safepoint VM operation: ParallelGCFailedAllocation (Allocation Failure)
Event: 4.902 Executing safepoint VM operation: ParallelGCFailedAllocation (Allocation Failure) done
Event: 10.798 Executing non-safepoint VM operation: HandshakeAllThreads (Deoptimize)
Event: 10.798 Executing non-safepoint VM operation: HandshakeAllThreads (Deoptimize) done
Event: 10.798 Executing safepoint VM operation: Cleanup
Event: 10.798 Executing safepoint VM operation: Cleanup done
Event: 10.822 Executing non-safepoint VM operation: HandshakeAllThreads (Deoptimize)
Event: 10.822 Executing non-safepoint VM operation: HandshakeAllThreads (Deoptimize) done
Event: 10.839 Executing non-safepoint VM operation: HandshakeAllThreads (Deoptimize)
Event: 10.839 Executing non-safepoint VM operation: HandshakeAllThreads (Deoptimize) done
Event: 10.847 Executing non-safepoint VM operation: HandshakeAllThreads (Deoptimize)
Event: 10.847 Executing non-safepoint VM operation: HandshakeAllThreads (Deoptimize) done

Memory protections (0 events):
No events

Nmethod flushes (0 events):
No events

Events (20 events):
Event: 0.161 Thread 0x0000022d69e27bc0 Thread added: 0x0000022d6c0c9f50
Event: 0.574 Thread 0x0000022d45026f10 Thread added: 0x0000022d452ab050
Event: 0.682 Thread 0x0000022d452ab050 Thread exited: 0x0000022d452ab050
Event: 0.788 Thread 0x0000022d69e27bc0 Thread added: 0x0000022d6c0c7e80
Event: 0.936 Thread 0x0000022d45026f10 Thread added: 0x0000022d4a00efc0
Event: 1.036 Thread 0x0000022d45026f10 Thread added: 0x0000022d4a0a9ff0
Event: 1.271 Thread 0x0000022d4a0a9ff0 Thread exited: 0x0000022d4a0a9ff0
Event: 1.317 Thread 0x0000022d4a00efc0 Thread exited: 0x0000022d4a00efc0
Event: 1.463 Thread 0x0000022d45026f10 Thread added: 0x0000022d4a1c6ae0
Event: 1.499 Thread 0x0000022d45026f10 Thread added: 0x0000022d4a1c7190
Event: 2.257 Thread 0x0000022d69e27bc0 Thread added: 0x0000022d6c0c98c0
Event: 2.823 Thread 0x0000022d4a1c6ae0 Thread exited: 0x0000022d4a1c6ae0
Event: 2.823 Thread 0x0000022d4a1c7190 Thread exited: 0x0000022d4a1c7190
Event: 10.578 Thread 0x0000022d69e27bc0 Thread added: 0x0000022d6c0c8ba0
Event: 10.624 Thread 0x0000022d6c0c8ba0 Thread added: 0x0000022d6c0ca5e0
Event: 10.664 Thread 0x0000022d69e27bc0 Thread added: 0x0000022d6c0cac70
Event: 10.855 Thread 0x0000022d45026f10 Thread added: 0x0000022d4a8649f0
Event: 10.855 Thread 0x0000022d45026f10 Thread added: 0x0000022d4a8650a0
Event: 11.419 Thread 0x0000022d4a8650a0 Thread exited: 0x0000022d4a8650a0
Event: 11.419 Thread 0x0000022d4a8649f0 Thread exited: 0x0000022d4a8649f0


Dynamic libraries:
0x00007ff796390000 - 0x00007ff79639e000 	c:\Users\Aritra Mandal\.vscode\extensions\redhat.java-1.54.0-win32-x64\jre\21.0.10-win32-x86_64\bin\java.exe
0x00007ffbeb6c0000 - 0x00007ffbeb926000 	C:\WINDOWS\SYSTEM32\ntdll.dll
0x00007ffbead80000 - 0x00007ffbeae49000 	C:\WINDOWS\System32\KERNEL32.DLL
0x00007ffbe8980000 - 0x00007ffbe8d7a000 	C:\WINDOWS\System32\KERNELBASE.dll
0x00007ffbe5660000 - 0x00007ffbe5700000 	C:\WINDOWS\SYSTEM32\apphelp.dll
0x00007ffbe8f70000 - 0x00007ffbe90bc000 	C:\WINDOWS\System32\ucrtbase.dll
0x00007ffbcb490000 - 0x00007ffbcb4a8000 	c:\Users\Aritra Mandal\.vscode\extensions\redhat.java-1.54.0-win32-x64\jre\21.0.10-win32-x86_64\bin\jli.dll
0x00007ffbeb4b0000 - 0x00007ffbeb677000 	C:\WINDOWS\System32\USER32.dll
0x00007ffbe8950000 - 0x00007ffbe8977000 	C:\WINDOWS\System32\win32u.dll
0x00007ffbb8fb0000 - 0x00007ffbb8fce000 	c:\Users\Aritra Mandal\.vscode\extensions\redhat.java-1.54.0-win32-x64\jre\21.0.10-win32-x86_64\bin\VCRUNTIME140.dll
0x00007ffbeaf90000 - 0x00007ffbeafbb000 	C:\WINDOWS\System32\GDI32.dll
0x00007ffbe90c0000 - 0x00007ffbe91eb000 	C:\WINDOWS\System32\gdi32full.dll
0x00007ffbd6210000 - 0x00007ffbd64a2000 	C:\WINDOWS\WinSxS\amd64_microsoft.windows.common-controls_6595b64144ccf1df_6.0.26100.8521_none_3e08b75ce33403b3\COMCTL32.dll
0x00007ffbeae50000 - 0x00007ffbeaef9000 	C:\WINDOWS\System32\msvcrt.dll
0x00007ffbe8ec0000 - 0x00007ffbe8f63000 	C:\WINDOWS\System32\msvcp_win.dll
0x00007ffbea740000 - 0x00007ffbea772000 	C:\WINDOWS\System32\IMM32.DLL
0x00007ffbdd4b0000 - 0x00007ffbdd4bc000 	c:\Users\Aritra Mandal\.vscode\extensions\redhat.java-1.54.0-win32-x64\jre\21.0.10-win32-x86_64\bin\vcruntime140_1.dll
0x00007ffb6a0d0000 - 0x00007ffb6a15d000 	c:\Users\Aritra Mandal\.vscode\extensions\redhat.java-1.54.0-win32-x64\jre\21.0.10-win32-x86_64\bin\msvcp140.dll
0x00007ffab4e00000 - 0x00007ffab5ba1000 	c:\Users\Aritra Mandal\.vscode\extensions\redhat.java-1.54.0-win32-x64\jre\21.0.10-win32-x86_64\bin\server\jvm.dll
0x00007ffbea560000 - 0x00007ffbea616000 	C:\WINDOWS\System32\ADVAPI32.dll
0x00007ffbe94d0000 - 0x00007ffbe957a000 	C:\WINDOWS\System32\sechost.dll
0x00007ffbea620000 - 0x00007ffbea738000 	C:\WINDOWS\System32\RPCRT4.dll
0x00007ffbeaf00000 - 0x00007ffbeaf80000 	C:\WINDOWS\System32\WS2_32.dll
0x00007ffbe87b0000 - 0x00007ffbe880e000 	C:\WINDOWS\SYSTEM32\POWRPROF.dll
0x00007ffbe0970000 - 0x00007ffbe097b000 	C:\WINDOWS\SYSTEM32\VERSION.dll
0x00007ffbe0930000 - 0x00007ffbe0966000 	C:\WINDOWS\SYSTEM32\WINMM.dll
0x00007ffbe8790000 - 0x00007ffbe87a4000 	C:\WINDOWS\SYSTEM32\UMPDC.dll
0x00007ffbe7660000 - 0x00007ffbe767b000 	C:\WINDOWS\SYSTEM32\kernel.appcore.dll
0x00007ffbdc6b0000 - 0x00007ffbdc6ba000 	c:\Users\Aritra Mandal\.vscode\extensions\redhat.java-1.54.0-win32-x64\jre\21.0.10-win32-x86_64\bin\jimage.dll
0x00007ffbe61e0000 - 0x00007ffbe6422000 	C:\WINDOWS\SYSTEM32\DBGHELP.DLL
0x00007ffbea780000 - 0x00007ffbeab03000 	C:\WINDOWS\System32\combase.dll
0x00007ffbe9a10000 - 0x00007ffbe9ae9000 	C:\WINDOWS\System32\OLEAUT32.dll
0x00007ffbb86d0000 - 0x00007ffbb870b000 	C:\WINDOWS\SYSTEM32\dbgcore.DLL
0x00007ffbe8d80000 - 0x00007ffbe8e28000 	C:\WINDOWS\System32\bcryptPrimitives.dll
0x00007ffbd6800000 - 0x00007ffbd680f000 	c:\Users\Aritra Mandal\.vscode\extensions\redhat.java-1.54.0-win32-x64\jre\21.0.10-win32-x86_64\bin\instrument.dll
0x00007ffb98cd0000 - 0x00007ffb98cf0000 	c:\Users\Aritra Mandal\.vscode\extensions\redhat.java-1.54.0-win32-x64\jre\21.0.10-win32-x86_64\bin\java.dll
0x00007ffbe9d80000 - 0x00007ffbea504000 	C:\WINDOWS\System32\SHELL32.dll
0x00007ffbe64d0000 - 0x00007ffbe6d50000 	C:\WINDOWS\SYSTEM32\windows.storage.dll
0x00007ffbeac80000 - 0x00007ffbead76000 	C:\WINDOWS\System32\SHCORE.dll
0x00007ffbe9b70000 - 0x00007ffbe9bd7000 	C:\WINDOWS\System32\shlwapi.dll
0x00007ffbe8870000 - 0x00007ffbe8899000 	C:\WINDOWS\SYSTEM32\profapi.dll
0x00007ffb799f0000 - 0x00007ffb79a08000 	c:\Users\Aritra Mandal\.vscode\extensions\redhat.java-1.54.0-win32-x64\jre\21.0.10-win32-x86_64\bin\zip.dll
0x00007ffbb87b0000 - 0x00007ffbb87c0000 	C:\Users\Aritra Mandal\.vscode\extensions\redhat.java-1.54.0-win32-x64\jre\21.0.10-win32-x86_64\bin\net.dll
0x00007ffbde5e0000 - 0x00007ffbde709000 	C:\WINDOWS\SYSTEM32\WINHTTP.dll
0x00007ffbe7c50000 - 0x00007ffbe7cbc000 	C:\WINDOWS\system32\mswsock.dll
0x00007ffb78330000 - 0x00007ffb78346000 	C:\Users\Aritra Mandal\.vscode\extensions\redhat.java-1.54.0-win32-x64\jre\21.0.10-win32-x86_64\bin\nio.dll
0x00007ffbb7a10000 - 0x00007ffbb7a20000 	c:\Users\Aritra Mandal\.vscode\extensions\redhat.java-1.54.0-win32-x64\jre\21.0.10-win32-x86_64\bin\verify.dll
0x00007ffb68d10000 - 0x00007ffb68d55000 	C:\Users\Aritra Mandal\AppData\Roaming\Code\User\globalStorage\redhat.java\1.54.0\config_win\org.eclipse.equinox.launcher\org.eclipse.equinox.launcher.win32.win32.x86_64_1.3.0.v20260203-2149\eclipse_11919.dll
0x00007ffbe9be0000 - 0x00007ffbe9d78000 	C:\WINDOWS\System32\ole32.dll

JVMTI agents:
c:\Users\Aritra Mandal\.vscode\extensions\redhat.java-1.54.0-win32-x64\lombok\lombok-1.18.39-4050.jar path:c:\Users\Aritra Mandal\.vscode\extensions\redhat.java-1.54.0-win32-x64\jre\21.0.10-win32-x86_64\bin\instrument.dll, loaded, initialized, instrumentlib options:none

dbghelp: loaded successfully - version: 4.0.5 - missing functions: none
symbol engine: initialized successfully - sym options: 0x614 - pdb path: .;c:\Users\Aritra Mandal\.vscode\extensions\redhat.java-1.54.0-win32-x64\jre\21.0.10-win32-x86_64\bin;C:\WINDOWS\SYSTEM32;C:\WINDOWS\WinSxS\amd64_microsoft.windows.common-controls_6595b64144ccf1df_6.0.26100.8521_none_3e08b75ce33403b3;c:\Users\Aritra Mandal\.vscode\extensions\redhat.java-1.54.0-win32-x64\jre\21.0.10-win32-x86_64\bin\server;C:\Users\Aritra Mandal\AppData\Roaming\Code\User\globalStorage\redhat.java\1.54.0\config_win\org.eclipse.equinox.launcher\org.eclipse.equinox.launcher.win32.win32.x86_64_1.3.0.v20260203-2149

VM Arguments:
jvm_args: --add-modules=ALL-SYSTEM --add-opens=java.base/java.util=ALL-UNNAMED --add-opens=java.base/java.lang=ALL-UNNAMED --add-opens=java.base/sun.nio.fs=ALL-UNNAMED -Declipse.application=org.eclipse.jdt.ls.core.id1 -Dosgi.bundles.defaultStartLevel=4 -Declipse.product=org.eclipse.jdt.ls.core.product -Djava.import.generatesMetadataFilesAtProjectRoot=false -DDetectVMInstallationsJob.disabled=true -Dfile.encoding=utf8 -XX:+UseParallelGC -XX:GCTimeRatio=4 -XX:AdaptiveSizePolicyWeight=90 -Dsun.zip.disableMemoryMapping=true -Xmx2G -Xms100m -Xlog:disable -javaagent:c:\Users\Aritra Mandal\.vscode\extensions\redhat.java-1.54.0-win32-x64\lombok\lombok-1.18.39-4050.jar -XX:+HeapDumpOnOutOfMemoryError -XX:HeapDumpPath=c:\Users\Aritra Mandal\AppData\Roaming\Code\User\workspaceStorage\9126458fdeed6336ef143140dbf17e7d\redhat.java -Daether.dependencyCollector.impl=bf 
java_command: c:\Users\Aritra Mandal\.vscode\extensions\redhat.java-1.54.0-win32-x64\server\plugins\org.eclipse.equinox.launcher_1.7.100.v20251111-0406.jar -configuration c:\Users\Aritra Mandal\AppData\Roaming\Code\User\globalStorage\redhat.java\1.54.0\config_win -data c:\Users\Aritra Mandal\AppData\Roaming\Code\User\workspaceStorage\9126458fdeed6336ef143140dbf17e7d\redhat.java\jdt_ws --pipe=\\.\pipe\lsp-c509b4af9061b08e636f0122423d1ec4-sock
java_class_path (initial): c:\Users\Aritra Mandal\.vscode\extensions\redhat.java-1.54.0-win32-x64\server\plugins\org.eclipse.equinox.launcher_1.7.100.v20251111-0406.jar
Launcher Type: SUN_STANDARD

[Global flags]
    uintx AdaptiveSizePolicyWeight                 = 90                                        {product} {command line}
     intx CICompilerCount                          = 4                                         {product} {ergonomic}
    uintx GCTimeRatio                              = 4                                         {product} {command line}
     bool HeapDumpOnOutOfMemoryError               = true                                   {manageable} {command line}
    ccstr HeapDumpPath                             = c:\Users\Aritra Mandal\AppData\Roaming\Code\User\workspaceStorage\9126458fdeed6336ef143140dbf17e7d\redhat.java         {manageable} {command line}
   size_t InitialHeapSize                          = 104857600                                 {product} {command line}
   size_t MaxHeapSize                              = 2147483648                                {product} {command line}
   size_t MaxNewSize                               = 715653120                                 {product} {ergonomic}
   size_t MinHeapDeltaBytes                        = 524288                                    {product} {ergonomic}
   size_t MinHeapSize                              = 104857600                                 {product} {command line}
   size_t NewSize                                  = 34603008                                  {product} {ergonomic}
    uintx NonNMethodCodeHeapSize                   = 5839372                                {pd product} {ergonomic}
    uintx NonProfiledCodeHeapSize                  = 122909434                              {pd product} {ergonomic}
   size_t OldSize                                  = 70254592                                  {product} {ergonomic}
    uintx ProfiledCodeHeapSize                     = 122909434                              {pd product} {ergonomic}
    uintx ReservedCodeCacheSize                    = 251658240                              {pd product} {ergonomic}
     bool SegmentedCodeCache                       = true                                      {product} {ergonomic}
   size_t SoftMaxHeapSize                          = 2147483648                             {manageable} {ergonomic}
     bool UseCompressedOops                        = true                           {product lp64_product} {ergonomic}
     bool UseLargePagesIndividualAllocation        = false                                  {pd product} {ergonomic}
     bool UseParallelGC                            = true                                      {product} {command line}

Logging:
Log output configuration:
 #0: stdout all=off uptime,level,tags foldmultilines=false
 #1: stderr all=off uptime,level,tags foldmultilines=false

Release file:
JAVA_VERSION="21.0.10" 
MODULES="java.base java.compiler java.datatransfer java.xml java.prefs java.desktop java.instrument java.logging java.management java.security.sasl java.naming java.rmi java.management.rmi java.net.http java.scripting java.security.jgss java.transaction.xa java.sql java.sql.rowset java.xml.crypto java.se java.smartcardio jdk.accessibility jdk.internal.jvmstat jdk.attach jdk.charsets jdk.internal.opt jdk.zipfs jdk.compiler jdk.crypto.ec jdk.crypto.cryptoki jdk.crypto.mscapi jdk.dynalink jdk.internal.ed jdk.editpad jdk.hotspot.agent jdk.httpserver jdk.internal.le jdk.internal.vm.ci jdk.internal.vm.compiler jdk.internal.vm.compiler.management jdk.jartool jdk.javadoc jdk.jcmd jdk.management jdk.management.agent jdk.jconsole jdk.jdeps jdk.jdwp.agent jdk.jdi jdk.jfr jdk.jshell jdk.jsobject jdk.jstatd jdk.localedata jdk.management.jfr jdk.naming.dns jdk.naming.rmi jdk.net jdk.nio.mapmode jdk.random jdk.sctp jdk.security.auth jdk.security.jgss jdk.unsupported jdk.unsupported.desktop jdk.xml.dom" 

Environment Variables:
JAVA_HOME=C:\Program Files\Eclipse Adoptium\jdk-25.0.1.8-hotspot
PATH=C:\Program Files\Eclipse Adoptium\jdk-25.0.1.8-hotspot\bin;C:\Program Files\Common Files\Oracle\Java\javapath;C:\Program Files (x86)\Common Files\Oracle\Java\javapath;C:\Program Files (x86)\Common Files\Intel\Shared Libraries\redist\intel64\compiler;C:\Windows\system32;C:\Windows;C:\Windows\System32\Wbem;C:\Windows\System32\WindowsPowerShell\v1.0\;C:\Windows\System32\OpenSSH\;C:\Program Files (x86)\NVIDIA Corporation\PhysX\Common;C:\MinGW\bin;C:\ProgramData\chocolatey\bin;C:\Program Files\dotnet\;C:\Program Files\Git\cmd;C:\WINDOWS\system32;C:\WINDOWS;C:\WINDOWS\System32\Wbem;C:\WINDOWS\System32\WindowsPowerShell\v1.0\;C:\WINDOWS\System32\OpenSSH\;C:\Program Files\NVIDIA Corporation\NVIDIA App\NvDLISR;C:\Program Files\nodejs\;C:\Users\Aritra Mandal\.local\bin;C:\Users\Aritra Mandal\AppData\Local\Programs\Python\Python313\Scripts\;C:\Users\Aritra Mandal\AppData\Local\Programs\Python\Python313\;C:\Users\Aritra Mandal\AppData\Local\Microsoft\WindowsApps;C:\Users\Aritra Mandal\AppData\Local\Programs\Microsoft VS Code\bin;C:\Users\Aritra Mandal\AppData\Local\GitHubDesktop\bin;C:\MinGW\bin\gcc;C:\Users\Aritra Mandal\.dotnet\tools;C:\Users\Aritra Mandal\AppData\Roaming\npm;D:\Antigravity\bin;D:\cursor\resources\app\bin;C:\Users\Aritra Mandal\AppData\Local\PowerToys\DSCModules\
USERNAME=Aritra Mandal
OS=Windows_NT
PROCESSOR_IDENTIFIER=AMD64 Family 25 Model 80 Stepping 0, AuthenticAMD
TMP=C:\Users\ARITRA~1\AppData\Local\Temp
TEMP=C:\Users\ARITRA~1\AppData\Local\Temp




Periodic native trim disabled

---------------  S Y S T E M  ---------------

OS:
 Windows 11 , 64 bit Build 26100 (10.0.26100.8521)
OS uptime: 5 days 3:00 hours
Hyper-V role detected

CPU: total 12 (initial active 12) (12 cores per cpu, 2 threads per core) family 25 model 80 stepping 0 microcode 0xa50000d, cx8, cmov, fxsr, ht, mmx, 3dnowpref, sse, sse2, sse3, ssse3, sse4a, sse4.1, sse4.2, popcnt, lzcnt, tsc, tscinvbit, avx, avx2, aes, erms, clmul, bmi1, bmi2, adx, sha, fma, vzeroupper, clflush, clflushopt, hv, rdtscp, rdpid, fsrm, f16c, cet_ss
Processor Information for processor 0
  Max Mhz: 3301, Current Mhz: 2630, Mhz Limit: 3301
Processor Information for processor 1
  Max Mhz: 3301, Current Mhz: 2630, Mhz Limit: 3301
Processor Information for processor 2
  Max Mhz: 3301, Current Mhz: 2630, Mhz Limit: 3301
Processor Information for processor 3
  Max Mhz: 3301, Current Mhz: 2630, Mhz Limit: 3301
Processor Information for processor 4
  Max Mhz: 3301, Current Mhz: 2011, Mhz Limit: 3301
Processor Information for processor 5
  Max Mhz: 3301, Current Mhz: 2630, Mhz Limit: 3301
Processor Information for processor 6
  Max Mhz: 3301, Current Mhz: 2630, Mhz Limit: 3301
Processor Information for processor 7
  Max Mhz: 3301, Current Mhz: 2630, Mhz Limit: 3301
Processor Information for processor 8
  Max Mhz: 3301, Current Mhz: 2630, Mhz Limit: 3301
Processor Information for processor 9
  Max Mhz: 3301, Current Mhz: 2630, Mhz Limit: 3301
Processor Information for processor 10
  Max Mhz: 3301, Current Mhz: 2630, Mhz Limit: 3301
Processor Information for processor 11
  Max Mhz: 3301, Current Mhz: 2630, Mhz Limit: 3301

Memory: 4k page, system-wide physical 15773M (1707M free)
TotalPageFile size 22740M (AvailPageFile size 0M)
current process WorkingSet (physical memory assigned to process): 96M, peak: 103M
current process commit charge ("private bytes"): 244M, peak: 252M

vm_info: OpenJDK 64-Bit Server VM (21.0.10+7-LTS) for windows-amd64 JRE (21.0.10+7-LTS), built on 2026-01-20T00:00:00Z by "admin" with MS VC++ 17.12 (VS2022)

END.
